<?xml version="1.0" encoding="UTF-8"?>
<robot generator="Robot 7.2 (Python 3.9.9 on darwin)" generated="2025-04-12T14:18:41.391795" rpa="false" schemaversion="5">
<suite id="s1" name="TestCases" source="/Users/Bipinlp/Documents/New_Pogo/pogoRobot/pogoRobot/TestCases">
<suite id="s1-s1" name="GameSearch" source="/Users/Bipinlp/Documents/New_Pogo/pogoRobot/pogoRobot/TestCases/GameSearch.robot">
<test id="s1-s1-t1" name="Validate the Game Search" line="16">
<kw name="Login to system" owner="Reuse" type="SETUP">
<kw name="Visit url" owner="Reuse">
<kw name="Open Browser" owner="SeleniumLibrary">
<msg time="2025-04-12T14:18:41.568416" level="WARN">exexcutable_path is being deprecated. Please use service to configure the driver's executable_path as per documentation.</msg>
<msg time="2025-04-12T14:18:41.568555" level="INFO">Opening browser 'chrome' to base url 'https://www.pogo.com/'.</msg>
<arg>${Website}</arg>
<arg>${browser}</arg>
<arg>executable_path=${DriverLocation}</arg>
<doc>Opens a new browser instance to the optional ``url``.</doc>
<status status="PASS" start="2025-04-12T14:18:41.568112" elapsed="2.391711"/>
</kw>
<kw name="Maximize Browser Window" owner="SeleniumLibrary">
<doc>Maximizes current browser window.</doc>
<status status="PASS" start="2025-04-12T14:18:43.960889" elapsed="0.329547"/>
</kw>
<kw name="Log To Console" owner="BuiltIn">
<arg>Website has opened</arg>
<doc>Logs the given message to the console.</doc>
<status status="PASS" start="2025-04-12T14:18:44.290757" elapsed="0.000310"/>
</kw>
<status status="PASS" start="2025-04-12T14:18:41.567302" elapsed="2.723888"/>
</kw>
<kw name="Click with log Display" owner="pgKeyword">
<kw name="Log To Console" owner="BuiltIn">
<arg>clicking on ${message}</arg>
<doc>Logs the given message to the console.</doc>
<status status="PASS" start="2025-04-12T14:18:44.291852" elapsed="0.000222"/>
</kw>
<kw name="Wait Until Element Is Enabled" owner="SeleniumLibrary">
<arg>${element}</arg>
<arg>10s</arg>
<doc>Waits until the element ``locator`` is enabled.</doc>
<status status="PASS" start="2025-04-12T14:18:44.292238" elapsed="0.659276"/>
</kw>
<kw name="Wait Until Element Is Visible" owner="SeleniumLibrary">
<arg>${element}</arg>
<arg>10s</arg>
<doc>Waits until the element ``locator`` is visible.</doc>
<status status="PASS" start="2025-04-12T14:18:44.951739" elapsed="0.011448"/>
</kw>
<kw name="Click Element" owner="SeleniumLibrary">
<msg time="2025-04-12T14:18:44.963670" level="INFO">Clicking element '//button[.//div[text()='Sign In']]'.</msg>
<arg>${element}</arg>
<doc>Click the element identified by ``locator``.</doc>
<status status="PASS" start="2025-04-12T14:18:44.963410" elapsed="3.466769"/>
</kw>
<arg>//button[.//div[text()='Sign In']]</arg>
<arg>Sign In</arg>
<status status="PASS" start="2025-04-12T14:18:44.291397" elapsed="4.138904"/>
</kw>
<kw name="Wait Until Element Is Visible" owner="SeleniumLibrary">
<arg>email</arg>
<arg>10s</arg>
<doc>Waits until the element ``locator`` is visible.</doc>
<status status="PASS" start="2025-04-12T14:18:48.430460" elapsed="0.016270"/>
</kw>
<kw name="Input Text" owner="SeleniumLibrary">
<msg time="2025-04-12T14:18:48.447198" level="INFO">Typing text 'bps.thapa@gmail.com' into text field 'email'.</msg>
<arg>email</arg>
<arg>${username}</arg>
<doc>Types the given ``text`` into the text field identified by ``locator``.</doc>
<status status="PASS" start="2025-04-12T14:18:48.446937" elapsed="0.135032"/>
</kw>
<kw name="Click Element" owner="SeleniumLibrary">
<msg time="2025-04-12T14:18:48.582429" level="INFO">Clicking element 'content'.</msg>
<arg>content</arg>
<doc>Click the element identified by ``locator``.</doc>
<status status="PASS" start="2025-04-12T14:18:48.582218" elapsed="0.044094"/>
</kw>
<kw name="Click Element" owner="SeleniumLibrary">
<msg time="2025-04-12T14:18:48.626721" level="INFO">Clicking element 'logInBtn'.</msg>
<arg>logInBtn</arg>
<doc>Click the element identified by ``locator``.</doc>
<status status="PASS" start="2025-04-12T14:18:48.626522" elapsed="1.072105"/>
</kw>
<kw name="Wait Until Element Is Visible" owner="SeleniumLibrary">
<arg>password</arg>
<arg>10s</arg>
<doc>Waits until the element ``locator`` is visible.</doc>
<status status="PASS" start="2025-04-12T14:18:49.698870" elapsed="0.019183"/>
</kw>
<kw name="Input Text" owner="SeleniumLibrary">
<msg time="2025-04-12T14:18:49.718513" level="INFO">Typing text '4f4DP5KT!2ar&amp;%6' into text field 'password'.</msg>
<arg>password</arg>
<arg>${password}</arg>
<doc>Types the given ``text`` into the text field identified by ``locator``.</doc>
<status status="PASS" start="2025-04-12T14:18:49.718269" elapsed="0.040659"/>
</kw>
<kw name="Click with log Display" owner="pgKeyword">
<kw name="Log To Console" owner="BuiltIn">
<arg>clicking on ${message}</arg>
<doc>Logs the given message to the console.</doc>
<status status="PASS" start="2025-04-12T14:18:49.759516" elapsed="0.000200"/>
</kw>
<kw name="Wait Until Element Is Enabled" owner="SeleniumLibrary">
<arg>${element}</arg>
<arg>10s</arg>
<doc>Waits until the element ``locator`` is enabled.</doc>
<status status="PASS" start="2025-04-12T14:18:49.759850" elapsed="0.016372"/>
</kw>
<kw name="Wait Until Element Is Visible" owner="SeleniumLibrary">
<arg>${element}</arg>
<arg>10s</arg>
<doc>Waits until the element ``locator`` is visible.</doc>
<status status="PASS" start="2025-04-12T14:18:49.776498" elapsed="0.009215"/>
</kw>
<kw name="Click Element" owner="SeleniumLibrary">
<msg time="2025-04-12T14:18:49.786143" level="INFO">Clicking element 'logInBtn'.</msg>
<arg>${element}</arg>
<doc>Click the element identified by ``locator``.</doc>
<status status="PASS" start="2025-04-12T14:18:49.785912" elapsed="0.463158"/>
</kw>
<arg>logInBtn</arg>
<arg>LoginButton after Entering password</arg>
<status status="PASS" start="2025-04-12T14:18:49.759188" elapsed="0.490145"/>
</kw>
<kw name="Log To Console" owner="BuiltIn">
<arg>✅ *****LOGIN SUCCEED***** ✅</arg>
<doc>Logs the given message to the console.</doc>
<status status="PASS" start="2025-04-12T14:18:50.249626" elapsed="0.000344"/>
</kw>
<status status="PASS" start="2025-04-12T14:18:41.558978" elapsed="8.691462"/>
</kw>
<kw name="Search for a specific game">
<kw name="Wait Until Element Is Enabled" owner="SeleniumLibrary">
<arg>//input[@placeholder='Search for games']</arg>
<doc>Waits until the element ``locator`` is enabled.</doc>
<status status="PASS" start="2025-04-12T14:18:50.251496" elapsed="1.446567"/>
</kw>
<kw name="Input Text" owner="SeleniumLibrary">
<msg time="2025-04-12T14:18:51.698508" level="INFO">Typing text 'solitaire' into text field '//input[@placeholder='Search for games']'.</msg>
<arg>//input[@placeholder='Search for games']</arg>
<arg>${game}</arg>
<doc>Types the given ``text`` into the text field identified by ``locator``.</doc>
<status status="PASS" start="2025-04-12T14:18:51.698260" elapsed="0.176783"/>
</kw>
<kw name="Press Keys" owner="SeleniumLibrary">
<msg time="2025-04-12T14:18:51.876394" level="INFO">Sending key(s) ('ENTER',) to //input[@placeholder='Search for games'] element.</msg>
<msg time="2025-04-12T14:18:52.231527" level="INFO">Pressing special key ENTER to element.</msg>
<msg time="2025-04-12T14:18:52.231623" level="INFO">Releasing special key ENTER.</msg>
<arg>//input[@placeholder='Search for games']</arg>
<arg>ENTER</arg>
<doc>Simulates the user pressing key(s) to an element or on the active browser.</doc>
<status status="PASS" start="2025-04-12T14:18:51.875579" elapsed="0.490043"/>
</kw>
<doc>This iwll perform the search on the Homepage</doc>
<status status="PASS" start="2025-04-12T14:18:50.251007" elapsed="2.115130"/>
</kw>
<kw name="Verify that the game appears in the search results">
<kw name="Sleep" owner="BuiltIn">
<msg time="2025-04-12T14:18:56.380321" level="INFO">Slept 4 seconds.</msg>
<arg>4s</arg>
<doc>Pauses the test executed for the given time.</doc>
<status status="PASS" start="2025-04-12T14:18:52.367529" elapsed="4.015388"/>
</kw>
<kw name="Wait Until Keyword Succeeds" owner="BuiltIn">
<kw name="Scroll Element Into View" owner="SeleniumLibrary">
<arg>//a[normalize-space()='Home']</arg>
<doc>Scrolls the element identified by ``locator`` into view.</doc>
<status status="PASS" start="2025-04-12T14:18:56.388086" elapsed="0.669216"/>
</kw>
<arg>10s</arg>
<arg>5</arg>
<arg>Scroll Element Into View</arg>
<arg>//a[normalize-space()='Home']</arg>
<doc>Runs the specified keyword and retries if it fails.</doc>
<status status="PASS" start="2025-04-12T14:18:56.384508" elapsed="0.673142"/>
</kw>
<kw name="Get WebElements" owner="SeleniumLibrary">
<msg time="2025-04-12T14:18:57.071083" level="INFO">${element_1} = [&lt;selenium.webdriver.remote.webelement.WebElement (session="e640b7fbbdd0e14ba7197eab32659f4a", element="f.409EBB09138CC5EF3184244226E6A3AE.d.78EE6569A9CA2D32F585B67A0CA3B231.e.4817")&gt;, &lt;selenium.webdr...</msg>
<var>${element_1}</var>
<arg>//a[@class='link__2M5Vp gameName__31gZM']</arg>
<doc>Returns a list of WebElement objects matching the ``locator``.</doc>
<status status="PASS" start="2025-04-12T14:18:57.057941" elapsed="0.013218"/>
</kw>
<kw name="Get WebElements" owner="SeleniumLibrary">
<msg time="2025-04-12T14:18:57.084677" level="INFO">${elements2} = [&lt;selenium.webdriver.remote.webelement.WebElement (session="e640b7fbbdd0e14ba7197eab32659f4a", element="f.409EBB09138CC5EF3184244226E6A3AE.d.78EE6569A9CA2D32F585B67A0CA3B231.e.4818")&gt;, &lt;selenium.webdr...</msg>
<var>${elements2}</var>
<arg>//span[@class='categoryLabel__exxVq']</arg>
<doc>Returns a list of WebElement objects matching the ``locator``.</doc>
<status status="PASS" start="2025-04-12T14:18:57.071423" elapsed="0.013335"/>
</kw>
<kw name="Get Element Count" owner="SeleniumLibrary">
<msg time="2025-04-12T14:18:57.093646" level="INFO">${count} = 12</msg>
<var>${count}</var>
<arg>//a[@class='link__2M5Vp gameName__31gZM']</arg>
<doc>Returns the number of elements matching ``locator``.</doc>
<status status="PASS" start="2025-04-12T14:18:57.085056" elapsed="0.008661"/>
</kw>
<kw name="Log To Console" owner="BuiltIn">
<arg>The total found result is: ${count}</arg>
<doc>Logs the given message to the console.</doc>
<status status="PASS" start="2025-04-12T14:18:57.093987" elapsed="0.000328"/>
</kw>
<for flavor="IN">
<iter>
<kw name="Get Text" owner="SeleniumLibrary">
<msg time="2025-04-12T14:18:57.156238" level="INFO">${text} = Snowbird Solitaire</msg>
<var>${text}</var>
<arg>${el}</arg>
<doc>Returns the text value of the element identified by ``locator``.</doc>
<status status="PASS" start="2025-04-12T14:18:57.095074" elapsed="0.061230"/>
</kw>
<kw name="Convert To Lower Case" owner="String">
<msg time="2025-04-12T14:18:57.156961" level="INFO">${lower_text} = snowbird solitaire</msg>
<var>${lower_text}</var>
<arg>${text}</arg>
<doc>Converts string to lower case.</doc>
<status status="PASS" start="2025-04-12T14:18:57.156565" elapsed="0.000484"/>
</kw>
<kw name="Append To List" owner="Collections">
<arg>${game_texts}</arg>
<arg>${lower_text}</arg>
<doc>Adds ``values`` to the end of ``list``.</doc>
<status status="PASS" start="2025-04-12T14:18:57.157334" elapsed="0.000271"/>
</kw>
<var name="${el}">&lt;selenium.webdriver.remote.webelement.WebElement (session="e640b7fbbdd0e14ba7197eab32659f4a", element="f.409EBB09138CC5EF3184244226E6A3AE.d.78EE6569A9CA2D32F585B67A0CA3B231.e.4817")&gt;</var>
<status status="PASS" start="2025-04-12T14:18:57.094864" elapsed="0.062823"/>
</iter>
<iter>
<kw name="Get Text" owner="SeleniumLibrary">
<msg time="2025-04-12T14:18:57.167402" level="INFO">${text} = Jet Set Solitaire</msg>
<var>${text}</var>
<arg>${el}</arg>
<doc>Returns the text value of the element identified by ``locator``.</doc>
<status status="PASS" start="2025-04-12T14:18:57.157992" elapsed="0.009495"/>
</kw>
<kw name="Convert To Lower Case" owner="String">
<msg time="2025-04-12T14:18:57.168068" level="INFO">${lower_text} = jet set solitaire</msg>
<var>${lower_text}</var>
<arg>${text}</arg>
<doc>Converts string to lower case.</doc>
<status status="PASS" start="2025-04-12T14:18:57.167757" elapsed="0.000355"/>
</kw>
<kw name="Append To List" owner="Collections">
<arg>${game_texts}</arg>
<arg>${lower_text}</arg>
<doc>Adds ``values`` to the end of ``list``.</doc>
<status status="PASS" start="2025-04-12T14:18:57.168286" elapsed="0.000246"/>
</kw>
<var name="${el}">&lt;selenium.webdriver.remote.webelement.WebElement (session="e640b7fbbdd0e14ba7197eab32659f4a", element="f.409EBB09138CC5EF3184244226E6A3AE.d.78EE6569A9CA2D32F585B67A0CA3B231.e.4713")&gt;</var>
<status status="PASS" start="2025-04-12T14:18:57.157856" elapsed="0.010748"/>
</iter>
<iter>
<kw name="Get Text" owner="SeleniumLibrary">
<msg time="2025-04-12T14:18:57.179738" level="INFO">${text} = Solitaire Home Story</msg>
<var>${text}</var>
<arg>${el}</arg>
<doc>Returns the text value of the element identified by ``locator``.</doc>
<status status="PASS" start="2025-04-12T14:18:57.168928" elapsed="0.010938"/>
</kw>
<kw name="Convert To Lower Case" owner="String">
<msg time="2025-04-12T14:18:57.180592" level="INFO">${lower_text} = solitaire home story</msg>
<var>${lower_text}</var>
<arg>${text}</arg>
<doc>Converts string to lower case.</doc>
<status status="PASS" start="2025-04-12T14:18:57.180278" elapsed="0.000356"/>
</kw>
<kw name="Append To List" owner="Collections">
<arg>${game_texts}</arg>
<arg>${lower_text}</arg>
<doc>Adds ``values`` to the end of ``list``.</doc>
<status status="PASS" start="2025-04-12T14:18:57.180793" elapsed="0.000311"/>
</kw>
<var name="${el}">&lt;selenium.webdriver.remote.webelement.WebElement (session="e640b7fbbdd0e14ba7197eab32659f4a", element="f.409EBB09138CC5EF3184244226E6A3AE.d.78EE6569A9CA2D32F585B67A0CA3B231.e.4747")&gt;</var>
<status status="PASS" start="2025-04-12T14:18:57.168779" elapsed="0.012395"/>
</iter>
<iter>
<kw name="Get Text" owner="SeleniumLibrary">
<msg time="2025-04-12T14:18:57.188752" level="INFO">${text} = Tri-Peaks Solitaire HD</msg>
<var>${text}</var>
<arg>${el}</arg>
<doc>Returns the text value of the element identified by ``locator``.</doc>
<status status="PASS" start="2025-04-12T14:18:57.181475" elapsed="0.007337"/>
</kw>
<kw name="Convert To Lower Case" owner="String">
<msg time="2025-04-12T14:18:57.189531" level="INFO">${lower_text} = tri-peaks solitaire hd</msg>
<var>${lower_text}</var>
<arg>${text}</arg>
<doc>Converts string to lower case.</doc>
<status status="PASS" start="2025-04-12T14:18:57.189035" elapsed="0.000553"/>
</kw>
<kw name="Append To List" owner="Collections">
<arg>${game_texts}</arg>
<arg>${lower_text}</arg>
<doc>Adds ``values`` to the end of ``list``.</doc>
<status status="PASS" start="2025-04-12T14:18:57.189765" elapsed="0.000245"/>
</kw>
<var name="${el}">&lt;selenium.webdriver.remote.webelement.WebElement (session="e640b7fbbdd0e14ba7197eab32659f4a", element="f.409EBB09138CC5EF3184244226E6A3AE.d.78EE6569A9CA2D32F585B67A0CA3B231.e.4696")&gt;</var>
<status status="PASS" start="2025-04-12T14:18:57.181334" elapsed="0.008742"/>
</iter>
<iter>
<kw name="Get Text" owner="SeleniumLibrary">
<msg time="2025-04-12T14:18:57.197641" level="INFO">${text} = First Class Solitaire HD</msg>
<var>${text}</var>
<arg>${el}</arg>
<doc>Returns the text value of the element identified by ``locator``.</doc>
<status status="PASS" start="2025-04-12T14:18:57.190418" elapsed="0.007281"/>
</kw>
<kw name="Convert To Lower Case" owner="String">
<msg time="2025-04-12T14:18:57.198161" level="INFO">${lower_text} = first class solitaire hd</msg>
<var>${lower_text}</var>
<arg>${text}</arg>
<doc>Converts string to lower case.</doc>
<status status="PASS" start="2025-04-12T14:18:57.197916" elapsed="0.000282"/>
</kw>
<kw name="Append To List" owner="Collections">
<arg>${game_texts}</arg>
<arg>${lower_text}</arg>
<doc>Adds ``values`` to the end of ``list``.</doc>
<status status="PASS" start="2025-04-12T14:18:57.198346" elapsed="0.000205"/>
</kw>
<var name="${el}">&lt;selenium.webdriver.remote.webelement.WebElement (session="e640b7fbbdd0e14ba7197eab32659f4a", element="f.409EBB09138CC5EF3184244226E6A3AE.d.78EE6569A9CA2D32F585B67A0CA3B231.e.4834")&gt;</var>
<status status="PASS" start="2025-04-12T14:18:57.190279" elapsed="0.008335"/>
</iter>
<iter>
<kw name="Get Text" owner="SeleniumLibrary">
<msg time="2025-04-12T14:18:57.206766" level="INFO">${text} = Pogo™ Addiction Solitaire HD</msg>
<var>${text}</var>
<arg>${el}</arg>
<doc>Returns the text value of the element identified by ``locator``.</doc>
<status status="PASS" start="2025-04-12T14:18:57.198886" elapsed="0.008171"/>
</kw>
<kw name="Convert To Lower Case" owner="String">
<msg time="2025-04-12T14:18:57.207571" level="INFO">${lower_text} = pogo™ addiction solitaire hd</msg>
<var>${lower_text}</var>
<arg>${text}</arg>
<doc>Converts string to lower case.</doc>
<status status="PASS" start="2025-04-12T14:18:57.207300" elapsed="0.000312"/>
</kw>
<kw name="Append To List" owner="Collections">
<arg>${game_texts}</arg>
<arg>${lower_text}</arg>
<doc>Adds ``values`` to the end of ``list``.</doc>
<status status="PASS" start="2025-04-12T14:18:57.207763" elapsed="0.000211"/>
</kw>
<var name="${el}">&lt;selenium.webdriver.remote.webelement.WebElement (session="e640b7fbbdd0e14ba7197eab32659f4a", element="f.409EBB09138CC5EF3184244226E6A3AE.d.78EE6569A9CA2D32F585B67A0CA3B231.e.4782")&gt;</var>
<status status="PASS" start="2025-04-12T14:18:57.198764" elapsed="0.009277"/>
</iter>
<iter>
<kw name="Get Text" owner="SeleniumLibrary">
<msg time="2025-04-12T14:18:57.215489" level="INFO">${text} = Rainy Day Spider Solitaire HD</msg>
<var>${text}</var>
<arg>${el}</arg>
<doc>Returns the text value of the element identified by ``locator``.</doc>
<status status="PASS" start="2025-04-12T14:18:57.208323" elapsed="0.007290"/>
</kw>
<kw name="Convert To Lower Case" owner="String">
<msg time="2025-04-12T14:18:57.216673" level="INFO">${lower_text} = rainy day spider solitaire hd</msg>
<var>${lower_text}</var>
<arg>${text}</arg>
<doc>Converts string to lower case.</doc>
<status status="PASS" start="2025-04-12T14:18:57.215999" elapsed="0.000777"/>
</kw>
<kw name="Append To List" owner="Collections">
<arg>${game_texts}</arg>
<arg>${lower_text}</arg>
<doc>Adds ``values`` to the end of ``list``.</doc>
<status status="PASS" start="2025-04-12T14:18:57.217030" elapsed="0.000244"/>
</kw>
<var name="${el}">&lt;selenium.webdriver.remote.webelement.WebElement (session="e640b7fbbdd0e14ba7197eab32659f4a", element="f.409EBB09138CC5EF3184244226E6A3AE.d.78EE6569A9CA2D32F585B67A0CA3B231.e.4730")&gt;</var>
<status status="PASS" start="2025-04-12T14:18:57.208197" elapsed="0.009145"/>
</iter>
<iter>
<kw name="Get Text" owner="SeleniumLibrary">
<msg time="2025-04-12T14:18:57.232846" level="INFO">${text} = Solitaire Blitz</msg>
<var>${text}</var>
<arg>${el}</arg>
<doc>Returns the text value of the element identified by ``locator``.</doc>
<status status="PASS" start="2025-04-12T14:18:57.217624" elapsed="0.015323"/>
</kw>
<kw name="Convert To Lower Case" owner="String">
<msg time="2025-04-12T14:18:57.234135" level="INFO">${lower_text} = solitaire blitz</msg>
<var>${lower_text}</var>
<arg>${text}</arg>
<doc>Converts string to lower case.</doc>
<status status="PASS" start="2025-04-12T14:18:57.233630" elapsed="0.000555"/>
</kw>
<kw name="Append To List" owner="Collections">
<arg>${game_texts}</arg>
<arg>${lower_text}</arg>
<doc>Adds ``values`` to the end of ``list``.</doc>
<status status="PASS" start="2025-04-12T14:18:57.234369" elapsed="0.000346"/>
</kw>
<var name="${el}">&lt;selenium.webdriver.remote.webelement.WebElement (session="e640b7fbbdd0e14ba7197eab32659f4a", element="f.409EBB09138CC5EF3184244226E6A3AE.d.78EE6569A9CA2D32F585B67A0CA3B231.e.4764")&gt;</var>
<status status="PASS" start="2025-04-12T14:18:57.217497" elapsed="0.017287"/>
</iter>
<iter>
<kw name="Get Text" owner="SeleniumLibrary">
<msg time="2025-04-12T14:18:57.244855" level="INFO">${text} = World Class Solitaire HD</msg>
<var>${text}</var>
<arg>${el}</arg>
<doc>Returns the text value of the element identified by ``locator``.</doc>
<status status="PASS" start="2025-04-12T14:18:57.236099" elapsed="0.008810"/>
</kw>
<kw name="Convert To Lower Case" owner="String">
<msg time="2025-04-12T14:18:57.245321" level="INFO">${lower_text} = world class solitaire hd</msg>
<var>${lower_text}</var>
<arg>${text}</arg>
<doc>Converts string to lower case.</doc>
<status status="PASS" start="2025-04-12T14:18:57.245110" elapsed="0.000241"/>
</kw>
<kw name="Append To List" owner="Collections">
<arg>${game_texts}</arg>
<arg>${lower_text}</arg>
<doc>Adds ``values`` to the end of ``list``.</doc>
<status status="PASS" start="2025-04-12T14:18:57.245476" elapsed="0.000175"/>
</kw>
<var name="${el}">&lt;selenium.webdriver.remote.webelement.WebElement (session="e640b7fbbdd0e14ba7197eab32659f4a", element="f.409EBB09138CC5EF3184244226E6A3AE.d.78EE6569A9CA2D32F585B67A0CA3B231.e.4800")&gt;</var>
<status status="PASS" start="2025-04-12T14:18:57.235155" elapsed="0.010548"/>
</iter>
<iter>
<kw name="Get Text" owner="SeleniumLibrary">
<msg time="2025-04-12T14:18:57.252086" level="INFO">${text} = Thousand Island Solitaire HD</msg>
<var>${text}</var>
<arg>${el}</arg>
<doc>Returns the text value of the element identified by ``locator``.</doc>
<status status="PASS" start="2025-04-12T14:18:57.245952" elapsed="0.006183"/>
</kw>
<kw name="Convert To Lower Case" owner="String">
<msg time="2025-04-12T14:18:57.252498" level="INFO">${lower_text} = thousand island solitaire hd</msg>
<var>${lower_text}</var>
<arg>${text}</arg>
<doc>Converts string to lower case.</doc>
<status status="PASS" start="2025-04-12T14:18:57.252305" elapsed="0.000223"/>
</kw>
<kw name="Append To List" owner="Collections">
<arg>${game_texts}</arg>
<arg>${lower_text}</arg>
<doc>Adds ``values`` to the end of ``list``.</doc>
<status status="PASS" start="2025-04-12T14:18:57.252645" elapsed="0.000168"/>
</kw>
<var name="${el}">&lt;selenium.webdriver.remote.webelement.WebElement (session="e640b7fbbdd0e14ba7197eab32659f4a", element="f.409EBB09138CC5EF3184244226E6A3AE.d.78EE6569A9CA2D32F585B67A0CA3B231.e.5479")&gt;</var>
<status status="PASS" start="2025-04-12T14:18:57.245839" elapsed="0.007024"/>
</iter>
<iter>
<kw name="Get Text" owner="SeleniumLibrary">
<msg time="2025-04-12T14:18:57.259127" level="INFO">${text} = Aces Up! HD</msg>
<var>${text}</var>
<arg>${el}</arg>
<doc>Returns the text value of the element identified by ``locator``.</doc>
<status status="PASS" start="2025-04-12T14:18:57.253097" elapsed="0.006077"/>
</kw>
<kw name="Convert To Lower Case" owner="String">
<msg time="2025-04-12T14:18:57.259551" level="INFO">${lower_text} = aces up! hd</msg>
<var>${lower_text}</var>
<arg>${text}</arg>
<doc>Converts string to lower case.</doc>
<status status="PASS" start="2025-04-12T14:18:57.259343" elapsed="0.000240"/>
</kw>
<kw name="Append To List" owner="Collections">
<arg>${game_texts}</arg>
<arg>${lower_text}</arg>
<doc>Adds ``values`` to the end of ``list``.</doc>
<status status="PASS" start="2025-04-12T14:18:57.259709" elapsed="0.000186"/>
</kw>
<var name="${el}">&lt;selenium.webdriver.remote.webelement.WebElement (session="e640b7fbbdd0e14ba7197eab32659f4a", element="f.409EBB09138CC5EF3184244226E6A3AE.d.78EE6569A9CA2D32F585B67A0CA3B231.e.5497")&gt;</var>
<status status="PASS" start="2025-04-12T14:18:57.252994" elapsed="0.006955"/>
</iter>
<iter>
<kw name="Get Text" owner="SeleniumLibrary">
<msg time="2025-04-12T14:18:57.266642" level="INFO">${text} = Payday Freecell HD</msg>
<var>${text}</var>
<arg>${el}</arg>
<doc>Returns the text value of the element identified by ``locator``.</doc>
<status status="PASS" start="2025-04-12T14:18:57.260180" elapsed="0.006537"/>
</kw>
<kw name="Convert To Lower Case" owner="String">
<msg time="2025-04-12T14:18:57.267250" level="INFO">${lower_text} = payday freecell hd</msg>
<var>${lower_text}</var>
<arg>${text}</arg>
<doc>Converts string to lower case.</doc>
<status status="PASS" start="2025-04-12T14:18:57.267003" elapsed="0.000281"/>
</kw>
<kw name="Append To List" owner="Collections">
<arg>${game_texts}</arg>
<arg>${lower_text}</arg>
<doc>Adds ``values`` to the end of ``list``.</doc>
<status status="PASS" start="2025-04-12T14:18:57.267419" elapsed="0.000186"/>
</kw>
<var name="${el}">&lt;selenium.webdriver.remote.webelement.WebElement (session="e640b7fbbdd0e14ba7197eab32659f4a", element="f.409EBB09138CC5EF3184244226E6A3AE.d.78EE6569A9CA2D32F585B67A0CA3B231.e.5461")&gt;</var>
<status status="PASS" start="2025-04-12T14:18:57.260074" elapsed="0.007586"/>
</iter>
<var>${el}</var>
<value>@{element_1}</value>
<status status="PASS" start="2025-04-12T14:18:57.094456" elapsed="0.173261"/>
</for>
<kw name="Log To Console" owner="BuiltIn">
<arg>${game_texts}</arg>
<doc>Logs the given message to the console.</doc>
<status status="PASS" start="2025-04-12T14:18:57.267897" elapsed="0.000212"/>
</kw>
<for flavor="IN">
<iter>
<kw name="Get Text" owner="SeleniumLibrary">
<msg time="2025-04-12T14:18:57.276110" level="INFO">${text} = SOLITAIRE</msg>
<var>${text}</var>
<arg>${el_2}</arg>
<doc>Returns the text value of the element identified by ``locator``.</doc>
<status status="PASS" start="2025-04-12T14:18:57.268625" elapsed="0.007542"/>
</kw>
<kw name="Convert To Lower Case" owner="String">
<msg time="2025-04-12T14:18:57.276594" level="INFO">${lower_text} = solitaire</msg>
<var>${lower_text}</var>
<arg>${text}</arg>
<doc>Converts string to lower case.</doc>
<status status="PASS" start="2025-04-12T14:18:57.276376" elapsed="0.000249"/>
</kw>
<kw name="Append To List" owner="Collections">
<arg>${game_texts_2}</arg>
<arg>${lower_text}</arg>
<doc>Adds ``values`` to the end of ``list``.</doc>
<status status="PASS" start="2025-04-12T14:18:57.276753" elapsed="0.000188"/>
</kw>
<var name="${el_2}">&lt;selenium.webdriver.remote.webelement.WebElement (session="e640b7fbbdd0e14ba7197eab32659f4a", element="f.409EBB09138CC5EF3184244226E6A3AE.d.78EE6569A9CA2D32F585B67A0CA3B231.e.4818")&gt;</var>
<status status="PASS" start="2025-04-12T14:18:57.268457" elapsed="0.008539"/>
</iter>
<iter>
<kw name="Get Text" owner="SeleniumLibrary">
<msg time="2025-04-12T14:18:57.285291" level="INFO">${text} = CARD</msg>
<var>${text}</var>
<arg>${el_2}</arg>
<doc>Returns the text value of the element identified by ``locator``.</doc>
<status status="PASS" start="2025-04-12T14:18:57.277245" elapsed="0.008100"/>
</kw>
<kw name="Convert To Lower Case" owner="String">
<msg time="2025-04-12T14:18:57.285756" level="INFO">${lower_text} = card</msg>
<var>${lower_text}</var>
<arg>${text}</arg>
<doc>Converts string to lower case.</doc>
<status status="PASS" start="2025-04-12T14:18:57.285541" elapsed="0.000246"/>
</kw>
<kw name="Append To List" owner="Collections">
<arg>${game_texts_2}</arg>
<arg>${lower_text}</arg>
<doc>Adds ``values`` to the end of ``list``.</doc>
<status status="PASS" start="2025-04-12T14:18:57.285987" elapsed="0.000242"/>
</kw>
<var name="${el_2}">&lt;selenium.webdriver.remote.webelement.WebElement (session="e640b7fbbdd0e14ba7197eab32659f4a", element="f.409EBB09138CC5EF3184244226E6A3AE.d.78EE6569A9CA2D32F585B67A0CA3B231.e.4714")&gt;</var>
<status status="PASS" start="2025-04-12T14:18:57.277135" elapsed="0.009219"/>
</iter>
<iter>
<kw name="Get Text" owner="SeleniumLibrary">
<msg time="2025-04-12T14:18:57.293755" level="INFO">${text} = SOLITAIRE</msg>
<var>${text}</var>
<arg>${el_2}</arg>
<doc>Returns the text value of the element identified by ``locator``.</doc>
<status status="PASS" start="2025-04-12T14:18:57.286775" elapsed="0.007040"/>
</kw>
<kw name="Convert To Lower Case" owner="String">
<msg time="2025-04-12T14:18:57.294253" level="INFO">${lower_text} = solitaire</msg>
<var>${lower_text}</var>
<arg>${text}</arg>
<doc>Converts string to lower case.</doc>
<status status="PASS" start="2025-04-12T14:18:57.294023" elapsed="0.000264"/>
</kw>
<kw name="Append To List" owner="Collections">
<arg>${game_texts_2}</arg>
<arg>${lower_text}</arg>
<doc>Adds ``values`` to the end of ``list``.</doc>
<status status="PASS" start="2025-04-12T14:18:57.294420" elapsed="0.000185"/>
</kw>
<var name="${el_2}">&lt;selenium.webdriver.remote.webelement.WebElement (session="e640b7fbbdd0e14ba7197eab32659f4a", element="f.409EBB09138CC5EF3184244226E6A3AE.d.78EE6569A9CA2D32F585B67A0CA3B231.e.4748")&gt;</var>
<status status="PASS" start="2025-04-12T14:18:57.286640" elapsed="0.008021"/>
</iter>
<iter>
<kw name="Get Text" owner="SeleniumLibrary">
<msg time="2025-04-12T14:18:57.301343" level="INFO">${text} = SOLITAIRE</msg>
<var>${text}</var>
<arg>${el_2}</arg>
<doc>Returns the text value of the element identified by ``locator``.</doc>
<status status="PASS" start="2025-04-12T14:18:57.294911" elapsed="0.006488"/>
</kw>
<kw name="Convert To Lower Case" owner="String">
<msg time="2025-04-12T14:18:57.301816" level="INFO">${lower_text} = solitaire</msg>
<var>${lower_text}</var>
<arg>${text}</arg>
<doc>Converts string to lower case.</doc>
<status status="PASS" start="2025-04-12T14:18:57.301598" elapsed="0.000249"/>
</kw>
<kw name="Append To List" owner="Collections">
<arg>${game_texts_2}</arg>
<arg>${lower_text}</arg>
<doc>Adds ``values`` to the end of ``list``.</doc>
<status status="PASS" start="2025-04-12T14:18:57.301975" elapsed="0.000180"/>
</kw>
<var name="${el_2}">&lt;selenium.webdriver.remote.webelement.WebElement (session="e640b7fbbdd0e14ba7197eab32659f4a", element="f.409EBB09138CC5EF3184244226E6A3AE.d.78EE6569A9CA2D32F585B67A0CA3B231.e.4697")&gt;</var>
<status status="PASS" start="2025-04-12T14:18:57.294799" elapsed="0.007409"/>
</iter>
<iter>
<kw name="Get Text" owner="SeleniumLibrary">
<msg time="2025-04-12T14:18:57.315373" level="INFO">${text} = SOLITAIRE</msg>
<var>${text}</var>
<arg>${el_2}</arg>
<doc>Returns the text value of the element identified by ``locator``.</doc>
<status status="PASS" start="2025-04-12T14:18:57.302449" elapsed="0.012979"/>
</kw>
<kw name="Convert To Lower Case" owner="String">
<msg time="2025-04-12T14:18:57.315849" level="INFO">${lower_text} = solitaire</msg>
<var>${lower_text}</var>
<arg>${text}</arg>
<doc>Converts string to lower case.</doc>
<status status="PASS" start="2025-04-12T14:18:57.315632" elapsed="0.000248"/>
</kw>
<kw name="Append To List" owner="Collections">
<arg>${game_texts_2}</arg>
<arg>${lower_text}</arg>
<doc>Adds ``values`` to the end of ``list``.</doc>
<status status="PASS" start="2025-04-12T14:18:57.316011" elapsed="0.000177"/>
</kw>
<var name="${el_2}">&lt;selenium.webdriver.remote.webelement.WebElement (session="e640b7fbbdd0e14ba7197eab32659f4a", element="f.409EBB09138CC5EF3184244226E6A3AE.d.78EE6569A9CA2D32F585B67A0CA3B231.e.4835")&gt;</var>
<status status="PASS" start="2025-04-12T14:18:57.302340" elapsed="0.013902"/>
</iter>
<iter>
<kw name="Get Text" owner="SeleniumLibrary">
<msg time="2025-04-12T14:18:57.323819" level="INFO">${text} = SOLITAIRE</msg>
<var>${text}</var>
<arg>${el_2}</arg>
<doc>Returns the text value of the element identified by ``locator``.</doc>
<status status="PASS" start="2025-04-12T14:18:57.316492" elapsed="0.007409"/>
</kw>
<kw name="Convert To Lower Case" owner="String">
<msg time="2025-04-12T14:18:57.324681" level="INFO">${lower_text} = solitaire</msg>
<var>${lower_text}</var>
<arg>${text}</arg>
<doc>Converts string to lower case.</doc>
<status status="PASS" start="2025-04-12T14:18:57.324262" elapsed="0.000564"/>
</kw>
<kw name="Append To List" owner="Collections">
<arg>${game_texts_2}</arg>
<arg>${lower_text}</arg>
<doc>Adds ``values`` to the end of ``list``.</doc>
<status status="PASS" start="2025-04-12T14:18:57.325245" elapsed="0.000505"/>
</kw>
<var name="${el_2}">&lt;selenium.webdriver.remote.webelement.WebElement (session="e640b7fbbdd0e14ba7197eab32659f4a", element="f.409EBB09138CC5EF3184244226E6A3AE.d.78EE6569A9CA2D32F585B67A0CA3B231.e.4783")&gt;</var>
<status status="PASS" start="2025-04-12T14:18:57.316380" elapsed="0.009448"/>
</iter>
<iter>
<kw name="Get Text" owner="SeleniumLibrary">
<msg time="2025-04-12T14:18:57.333012" level="INFO">${text} = SOLITAIRE</msg>
<var>${text}</var>
<arg>${el_2}</arg>
<doc>Returns the text value of the element identified by ``locator``.</doc>
<status status="PASS" start="2025-04-12T14:18:57.326121" elapsed="0.006948"/>
</kw>
<kw name="Convert To Lower Case" owner="String">
<msg time="2025-04-12T14:18:57.333524" level="INFO">${lower_text} = solitaire</msg>
<var>${lower_text}</var>
<arg>${text}</arg>
<doc>Converts string to lower case.</doc>
<status status="PASS" start="2025-04-12T14:18:57.333275" elapsed="0.000284"/>
</kw>
<kw name="Append To List" owner="Collections">
<arg>${game_texts_2}</arg>
<arg>${lower_text}</arg>
<doc>Adds ``values`` to the end of ``list``.</doc>
<status status="PASS" start="2025-04-12T14:18:57.333691" elapsed="0.000393"/>
</kw>
<var name="${el_2}">&lt;selenium.webdriver.remote.webelement.WebElement (session="e640b7fbbdd0e14ba7197eab32659f4a", element="f.409EBB09138CC5EF3184244226E6A3AE.d.78EE6569A9CA2D32F585B67A0CA3B231.e.4731")&gt;</var>
<status status="PASS" start="2025-04-12T14:18:57.325987" elapsed="0.008243"/>
</iter>
<iter>
<kw name="Get Text" owner="SeleniumLibrary">
<msg time="2025-04-12T14:18:57.342250" level="INFO">${text} = SOLITAIRE</msg>
<var>${text}</var>
<arg>${el_2}</arg>
<doc>Returns the text value of the element identified by ``locator``.</doc>
<status status="PASS" start="2025-04-12T14:18:57.335511" elapsed="0.006797"/>
</kw>
<kw name="Convert To Lower Case" owner="String">
<msg time="2025-04-12T14:18:57.342730" level="INFO">${lower_text} = solitaire</msg>
<var>${lower_text}</var>
<arg>${text}</arg>
<doc>Converts string to lower case.</doc>
<status status="PASS" start="2025-04-12T14:18:57.342509" elapsed="0.000252"/>
</kw>
<kw name="Append To List" owner="Collections">
<arg>${game_texts_2}</arg>
<arg>${lower_text}</arg>
<doc>Adds ``values`` to the end of ``list``.</doc>
<status status="PASS" start="2025-04-12T14:18:57.342887" elapsed="0.000177"/>
</kw>
<var name="${el_2}">&lt;selenium.webdriver.remote.webelement.WebElement (session="e640b7fbbdd0e14ba7197eab32659f4a", element="f.409EBB09138CC5EF3184244226E6A3AE.d.78EE6569A9CA2D32F585B67A0CA3B231.e.4765")&gt;</var>
<status status="PASS" start="2025-04-12T14:18:57.334698" elapsed="0.008419"/>
</iter>
<iter>
<kw name="Get Text" owner="SeleniumLibrary">
<msg time="2025-04-12T14:18:57.351223" level="INFO">${text} = SOLITAIRE</msg>
<var>${text}</var>
<arg>${el_2}</arg>
<doc>Returns the text value of the element identified by ``locator``.</doc>
<status status="PASS" start="2025-04-12T14:18:57.343357" elapsed="0.007921"/>
</kw>
<kw name="Convert To Lower Case" owner="String">
<msg time="2025-04-12T14:18:57.351697" level="INFO">${lower_text} = solitaire</msg>
<var>${lower_text}</var>
<arg>${text}</arg>
<doc>Converts string to lower case.</doc>
<status status="PASS" start="2025-04-12T14:18:57.351478" elapsed="0.000252"/>
</kw>
<kw name="Append To List" owner="Collections">
<arg>${game_texts_2}</arg>
<arg>${lower_text}</arg>
<doc>Adds ``values`` to the end of ``list``.</doc>
<status status="PASS" start="2025-04-12T14:18:57.351860" elapsed="0.000184"/>
</kw>
<var name="${el_2}">&lt;selenium.webdriver.remote.webelement.WebElement (session="e640b7fbbdd0e14ba7197eab32659f4a", element="f.409EBB09138CC5EF3184244226E6A3AE.d.78EE6569A9CA2D32F585B67A0CA3B231.e.4801")&gt;</var>
<status status="PASS" start="2025-04-12T14:18:57.343250" elapsed="0.008848"/>
</iter>
<iter>
<kw name="Get Text" owner="SeleniumLibrary">
<msg time="2025-04-12T14:18:57.360753" level="INFO">${text} = SOLITAIRE</msg>
<var>${text}</var>
<arg>${el_2}</arg>
<doc>Returns the text value of the element identified by ``locator``.</doc>
<status status="PASS" start="2025-04-12T14:18:57.352340" elapsed="0.008510"/>
</kw>
<kw name="Convert To Lower Case" owner="String">
<msg time="2025-04-12T14:18:57.361379" level="INFO">${lower_text} = solitaire</msg>
<var>${lower_text}</var>
<arg>${text}</arg>
<doc>Converts string to lower case.</doc>
<status status="PASS" start="2025-04-12T14:18:57.361125" elapsed="0.000289"/>
</kw>
<kw name="Append To List" owner="Collections">
<arg>${game_texts_2}</arg>
<arg>${lower_text}</arg>
<doc>Adds ``values`` to the end of ``list``.</doc>
<status status="PASS" start="2025-04-12T14:18:57.361553" elapsed="0.000181"/>
</kw>
<var name="${el_2}">&lt;selenium.webdriver.remote.webelement.WebElement (session="e640b7fbbdd0e14ba7197eab32659f4a", element="f.409EBB09138CC5EF3184244226E6A3AE.d.78EE6569A9CA2D32F585B67A0CA3B231.e.5480")&gt;</var>
<status status="PASS" start="2025-04-12T14:18:57.352231" elapsed="0.009558"/>
</iter>
<iter>
<kw name="Get Text" owner="SeleniumLibrary">
<msg time="2025-04-12T14:18:57.368223" level="INFO">${text} = SOLITAIRE</msg>
<var>${text}</var>
<arg>${el_2}</arg>
<doc>Returns the text value of the element identified by ``locator``.</doc>
<status status="PASS" start="2025-04-12T14:18:57.362035" elapsed="0.006236"/>
</kw>
<kw name="Convert To Lower Case" owner="String">
<msg time="2025-04-12T14:18:57.368689" level="INFO">${lower_text} = solitaire</msg>
<var>${lower_text}</var>
<arg>${text}</arg>
<doc>Converts string to lower case.</doc>
<status status="PASS" start="2025-04-12T14:18:57.368474" elapsed="0.000247"/>
</kw>
<kw name="Append To List" owner="Collections">
<arg>${game_texts_2}</arg>
<arg>${lower_text}</arg>
<doc>Adds ``values`` to the end of ``list``.</doc>
<status status="PASS" start="2025-04-12T14:18:57.368846" elapsed="0.000176"/>
</kw>
<var name="${el_2}">&lt;selenium.webdriver.remote.webelement.WebElement (session="e640b7fbbdd0e14ba7197eab32659f4a", element="f.409EBB09138CC5EF3184244226E6A3AE.d.78EE6569A9CA2D32F585B67A0CA3B231.e.5498")&gt;</var>
<status status="PASS" start="2025-04-12T14:18:57.361926" elapsed="0.007150"/>
</iter>
<iter>
<kw name="Get Text" owner="SeleniumLibrary">
<msg time="2025-04-12T14:18:57.375851" level="INFO">${text} = SOLITAIRE</msg>
<var>${text}</var>
<arg>${el_2}</arg>
<doc>Returns the text value of the element identified by ``locator``.</doc>
<status status="PASS" start="2025-04-12T14:18:57.369337" elapsed="0.006571"/>
</kw>
<kw name="Convert To Lower Case" owner="String">
<msg time="2025-04-12T14:18:57.376319" level="INFO">${lower_text} = solitaire</msg>
<var>${lower_text}</var>
<arg>${text}</arg>
<doc>Converts string to lower case.</doc>
<status status="PASS" start="2025-04-12T14:18:57.376107" elapsed="0.000244"/>
</kw>
<kw name="Append To List" owner="Collections">
<arg>${game_texts_2}</arg>
<arg>${lower_text}</arg>
<doc>Adds ``values`` to the end of ``list``.</doc>
<status status="PASS" start="2025-04-12T14:18:57.376475" elapsed="0.000176"/>
</kw>
<var name="${el_2}">&lt;selenium.webdriver.remote.webelement.WebElement (session="e640b7fbbdd0e14ba7197eab32659f4a", element="f.409EBB09138CC5EF3184244226E6A3AE.d.78EE6569A9CA2D32F585B67A0CA3B231.e.5462")&gt;</var>
<status status="PASS" start="2025-04-12T14:18:57.369229" elapsed="0.007476"/>
</iter>
<var>${el_2}</var>
<value>@{elements2}</value>
<status status="PASS" start="2025-04-12T14:18:57.268207" elapsed="0.108554"/>
</for>
<kw name="Get Length" owner="BuiltIn">
<msg time="2025-04-12T14:18:57.377050" level="INFO">Length is 12.</msg>
<msg time="2025-04-12T14:18:57.377129" level="INFO">${length} = 12</msg>
<var>${length}</var>
<arg>${game_texts}</arg>
<doc>Returns and logs the length of the given item as an integer.</doc>
<status status="PASS" start="2025-04-12T14:18:57.376912" elapsed="0.000244"/>
</kw>
<for flavor="IN RANGE">
<iter>
<kw name="Get From List" owner="Collections">
<msg time="2025-04-12T14:18:57.377774" level="INFO">${val1} = snowbird solitaire</msg>
<var>${val1}</var>
<arg>${game_texts}</arg>
<arg>${index}</arg>
<doc>Returns the value specified with an ``index`` from ``list``.</doc>
<status status="PASS" start="2025-04-12T14:18:57.377574" elapsed="0.000230"/>
</kw>
<kw name="Get From List" owner="Collections">
<msg time="2025-04-12T14:18:57.378117" level="INFO">${val2} = solitaire</msg>
<var>${val2}</var>
<arg>${game_texts_2}</arg>
<arg>${index}</arg>
<doc>Returns the value specified with an ``index`` from ``list``.</doc>
<status status="PASS" start="2025-04-12T14:18:57.377929" elapsed="0.000218"/>
</kw>
<if>
<branch type="IF" condition="'${game}' in '${val1}' or '${game}' in '${val2}'">
<kw name="Log To Console" owner="BuiltIn">
<arg>✅ Game Name found that matches with search keyword at index ${index}</arg>
<doc>Logs the given message to the console.</doc>
<status status="PASS" start="2025-04-12T14:18:57.378570" elapsed="0.000189"/>
</kw>
<status status="PASS" start="2025-04-12T14:18:57.378264" elapsed="0.000546"/>
</branch>
<branch type="ELSE">
<kw name="Fail" owner="BuiltIn">
<arg>❌ Game '${game}' incorrect search result found which is ${val1}</arg>
<doc>Fails the test with the given message and optionally alters its tags.</doc>
<status status="NOT RUN" start="2025-04-12T14:18:57.378961" elapsed="0.000029"/>
</kw>
<status status="NOT RUN" start="2025-04-12T14:18:57.378850" elapsed="0.000183"/>
</branch>
<status status="PASS" start="2025-04-12T14:18:57.378230" elapsed="0.000834"/>
</if>
<var name="${index}">0</var>
<status status="PASS" start="2025-04-12T14:18:57.377470" elapsed="0.001685"/>
</iter>
<iter>
<kw name="Get From List" owner="Collections">
<msg time="2025-04-12T14:18:57.379605" level="INFO">${val1} = jet set solitaire</msg>
<var>${val1}</var>
<arg>${game_texts}</arg>
<arg>${index}</arg>
<doc>Returns the value specified with an ``index`` from ``list``.</doc>
<status status="PASS" start="2025-04-12T14:18:57.379413" elapsed="0.000221"/>
</kw>
<kw name="Get From List" owner="Collections">
<msg time="2025-04-12T14:18:57.379937" level="INFO">${val2} = card</msg>
<var>${val2}</var>
<arg>${game_texts_2}</arg>
<arg>${index}</arg>
<doc>Returns the value specified with an ``index`` from ``list``.</doc>
<status status="PASS" start="2025-04-12T14:18:57.379754" elapsed="0.000212"/>
</kw>
<if>
<branch type="IF" condition="'${game}' in '${val1}' or '${game}' in '${val2}'">
<kw name="Log To Console" owner="BuiltIn">
<arg>✅ Game Name found that matches with search keyword at index ${index}</arg>
<doc>Logs the given message to the console.</doc>
<status status="PASS" start="2025-04-12T14:18:57.380290" elapsed="0.000164"/>
</kw>
<status status="PASS" start="2025-04-12T14:18:57.380051" elapsed="0.000451"/>
</branch>
<branch type="ELSE">
<kw name="Fail" owner="BuiltIn">
<arg>❌ Game '${game}' incorrect search result found which is ${val1}</arg>
<doc>Fails the test with the given message and optionally alters its tags.</doc>
<status status="NOT RUN" start="2025-04-12T14:18:57.380638" elapsed="0.000027"/>
</kw>
<status status="NOT RUN" start="2025-04-12T14:18:57.380540" elapsed="0.000167"/>
</branch>
<status status="PASS" start="2025-04-12T14:18:57.380032" elapsed="0.000705"/>
</if>
<var name="${index}">1</var>
<status status="PASS" start="2025-04-12T14:18:57.379320" elapsed="0.001441"/>
</iter>
<iter>
<kw name="Get From List" owner="Collections">
<msg time="2025-04-12T14:18:57.381216" level="INFO">${val1} = solitaire home story</msg>
<var>${val1}</var>
<arg>${game_texts}</arg>
<arg>${index}</arg>
<doc>Returns the value specified with an ``index`` from ``list``.</doc>
<status status="PASS" start="2025-04-12T14:18:57.381026" elapsed="0.000219"/>
</kw>
<kw name="Get From List" owner="Collections">
<msg time="2025-04-12T14:18:57.381546" level="INFO">${val2} = solitaire</msg>
<var>${val2}</var>
<arg>${game_texts_2}</arg>
<arg>${index}</arg>
<doc>Returns the value specified with an ``index`` from ``list``.</doc>
<status status="PASS" start="2025-04-12T14:18:57.381366" elapsed="0.000209"/>
</kw>
<if>
<branch type="IF" condition="'${game}' in '${val1}' or '${game}' in '${val2}'">
<kw name="Log To Console" owner="BuiltIn">
<arg>✅ Game Name found that matches with search keyword at index ${index}</arg>
<doc>Logs the given message to the console.</doc>
<status status="PASS" start="2025-04-12T14:18:57.381896" elapsed="0.000157"/>
</kw>
<status status="PASS" start="2025-04-12T14:18:57.381657" elapsed="0.000444"/>
</branch>
<branch type="ELSE">
<kw name="Fail" owner="BuiltIn">
<arg>❌ Game '${game}' incorrect search result found which is ${val1}</arg>
<doc>Fails the test with the given message and optionally alters its tags.</doc>
<status status="NOT RUN" start="2025-04-12T14:18:57.382236" elapsed="0.000027"/>
</kw>
<status status="NOT RUN" start="2025-04-12T14:18:57.382138" elapsed="0.000167"/>
</branch>
<status status="PASS" start="2025-04-12T14:18:57.381639" elapsed="0.000696"/>
</if>
<var name="${index}">2</var>
<status status="PASS" start="2025-04-12T14:18:57.380913" elapsed="0.001446"/>
</iter>
<iter>
<kw name="Get From List" owner="Collections">
<msg time="2025-04-12T14:18:57.382789" level="INFO">${val1} = tri-peaks solitaire hd</msg>
<var>${val1}</var>
<arg>${game_texts}</arg>
<arg>${index}</arg>
<doc>Returns the value specified with an ``index`` from ``list``.</doc>
<status status="PASS" start="2025-04-12T14:18:57.382603" elapsed="0.000215"/>
</kw>
<kw name="Get From List" owner="Collections">
<msg time="2025-04-12T14:18:57.383624" level="INFO">${val2} = solitaire</msg>
<var>${val2}</var>
<arg>${game_texts_2}</arg>
<arg>${index}</arg>
<doc>Returns the value specified with an ``index`` from ``list``.</doc>
<status status="PASS" start="2025-04-12T14:18:57.382936" elapsed="0.000775"/>
</kw>
<if>
<branch type="IF" condition="'${game}' in '${val1}' or '${game}' in '${val2}'">
<kw name="Log To Console" owner="BuiltIn">
<arg>✅ Game Name found that matches with search keyword at index ${index}</arg>
<doc>Logs the given message to the console.</doc>
<status status="PASS" start="2025-04-12T14:18:57.384138" elapsed="0.000213"/>
</kw>
<status status="PASS" start="2025-04-12T14:18:57.383836" elapsed="0.000573"/>
</branch>
<branch type="ELSE">
<kw name="Fail" owner="BuiltIn">
<arg>❌ Game '${game}' incorrect search result found which is ${val1}</arg>
<doc>Fails the test with the given message and optionally alters its tags.</doc>
<status status="NOT RUN" start="2025-04-12T14:18:57.384565" elapsed="0.000170"/>
</kw>
<status status="NOT RUN" start="2025-04-12T14:18:57.384450" elapsed="0.000343"/>
</branch>
<status status="PASS" start="2025-04-12T14:18:57.383809" elapsed="0.001017"/>
</if>
<var name="${index}">3</var>
<status status="PASS" start="2025-04-12T14:18:57.382506" elapsed="0.002346"/>
</iter>
<iter>
<kw name="Get From List" owner="Collections">
<msg time="2025-04-12T14:18:57.385505" level="INFO">${val1} = first class solitaire hd</msg>
<var>${val1}</var>
<arg>${game_texts}</arg>
<arg>${index}</arg>
<doc>Returns the value specified with an ``index`` from ``list``.</doc>
<status status="PASS" start="2025-04-12T14:18:57.385259" elapsed="0.000282"/>
</kw>
<kw name="Get From List" owner="Collections">
<msg time="2025-04-12T14:18:57.385914" level="INFO">${val2} = solitaire</msg>
<var>${val2}</var>
<arg>${game_texts_2}</arg>
<arg>${index}</arg>
<doc>Returns the value specified with an ``index`` from ``list``.</doc>
<status status="PASS" start="2025-04-12T14:18:57.385701" elapsed="0.000245"/>
</kw>
<if>
<branch type="IF" condition="'${game}' in '${val1}' or '${game}' in '${val2}'">
<kw name="Log To Console" owner="BuiltIn">
<arg>✅ Game Name found that matches with search keyword at index ${index}</arg>
<doc>Logs the given message to the console.</doc>
<status status="PASS" start="2025-04-12T14:18:57.386373" elapsed="0.000229"/>
</kw>
<status status="PASS" start="2025-04-12T14:18:57.386080" elapsed="0.000591"/>
</branch>
<branch type="ELSE">
<kw name="Fail" owner="BuiltIn">
<arg>❌ Game '${game}' incorrect search result found which is ${val1}</arg>
<doc>Fails the test with the given message and optionally alters its tags.</doc>
<status status="NOT RUN" start="2025-04-12T14:18:57.386834" elapsed="0.000032"/>
</kw>
<status status="NOT RUN" start="2025-04-12T14:18:57.386716" elapsed="0.000196"/>
</branch>
<status status="PASS" start="2025-04-12T14:18:57.386051" elapsed="0.000892"/>
</if>
<var name="${index}">4</var>
<status status="PASS" start="2025-04-12T14:18:57.385123" elapsed="0.001847"/>
</iter>
<iter>
<kw name="Get From List" owner="Collections">
<msg time="2025-04-12T14:18:57.387465" level="INFO">${val1} = pogo™ addiction solitaire hd</msg>
<var>${val1}</var>
<arg>${game_texts}</arg>
<arg>${index}</arg>
<doc>Returns the value specified with an ``index`` from ``list``.</doc>
<status status="PASS" start="2025-04-12T14:18:57.387253" elapsed="0.000244"/>
</kw>
<kw name="Get From List" owner="Collections">
<msg time="2025-04-12T14:18:57.387810" level="INFO">${val2} = solitaire</msg>
<var>${val2}</var>
<arg>${game_texts_2}</arg>
<arg>${index}</arg>
<doc>Returns the value specified with an ``index`` from ``list``.</doc>
<status status="PASS" start="2025-04-12T14:18:57.387623" elapsed="0.000216"/>
</kw>
<if>
<branch type="IF" condition="'${game}' in '${val1}' or '${game}' in '${val2}'">
<kw name="Log To Console" owner="BuiltIn">
<arg>✅ Game Name found that matches with search keyword at index ${index}</arg>
<doc>Logs the given message to the console.</doc>
<status status="PASS" start="2025-04-12T14:18:57.388178" elapsed="0.000573"/>
</kw>
<status status="PASS" start="2025-04-12T14:18:57.387927" elapsed="0.001018"/>
</branch>
<branch type="ELSE">
<kw name="Fail" owner="BuiltIn">
<arg>❌ Game '${game}' incorrect search result found which is ${val1}</arg>
<doc>Fails the test with the given message and optionally alters its tags.</doc>
<status status="NOT RUN" start="2025-04-12T14:18:57.389238" elapsed="0.000107"/>
</kw>
<status status="NOT RUN" start="2025-04-12T14:18:57.389084" elapsed="0.000381"/>
</branch>
<status status="PASS" start="2025-04-12T14:18:57.387908" elapsed="0.001607"/>
</if>
<var name="${index}">5</var>
<status status="PASS" start="2025-04-12T14:18:57.387147" elapsed="0.002463"/>
</iter>
<iter>
<kw name="Get From List" owner="Collections">
<msg time="2025-04-12T14:18:57.390355" level="INFO">${val1} = rainy day spider solitaire hd</msg>
<var>${val1}</var>
<arg>${game_texts}</arg>
<arg>${index}</arg>
<doc>Returns the value specified with an ``index`` from ``list``.</doc>
<status status="PASS" start="2025-04-12T14:18:57.389937" elapsed="0.000510"/>
</kw>
<kw name="Get From List" owner="Collections">
<msg time="2025-04-12T14:18:57.392165" level="INFO">${val2} = solitaire</msg>
<var>${val2}</var>
<arg>${game_texts_2}</arg>
<arg>${index}</arg>
<doc>Returns the value specified with an ``index`` from ``list``.</doc>
<status status="PASS" start="2025-04-12T14:18:57.391476" elapsed="0.000740"/>
</kw>
<if>
<branch type="IF" condition="'${game}' in '${val1}' or '${game}' in '${val2}'">
<kw name="Log To Console" owner="BuiltIn">
<arg>✅ Game Name found that matches with search keyword at index ${index}</arg>
<doc>Logs the given message to the console.</doc>
<status status="PASS" start="2025-04-12T14:18:57.392934" elapsed="0.000465"/>
</kw>
<status status="PASS" start="2025-04-12T14:18:57.392414" elapsed="0.001063"/>
</branch>
<branch type="ELSE">
<kw name="Fail" owner="BuiltIn">
<arg>❌ Game '${game}' incorrect search result found which is ${val1}</arg>
<doc>Fails the test with the given message and optionally alters its tags.</doc>
<status status="NOT RUN" start="2025-04-12T14:18:57.393667" elapsed="0.000034"/>
</kw>
<status status="NOT RUN" start="2025-04-12T14:18:57.393526" elapsed="0.000222"/>
</branch>
<status status="PASS" start="2025-04-12T14:18:57.392373" elapsed="0.001407"/>
</if>
<var name="${index}">6</var>
<status status="PASS" start="2025-04-12T14:18:57.389825" elapsed="0.003982"/>
</iter>
<iter>
<kw name="Get From List" owner="Collections">
<msg time="2025-04-12T14:18:57.394322" level="INFO">${val1} = solitaire blitz</msg>
<var>${val1}</var>
<arg>${game_texts}</arg>
<arg>${index}</arg>
<doc>Returns the value specified with an ``index`` from ``list``.</doc>
<status status="PASS" start="2025-04-12T14:18:57.394103" elapsed="0.000252"/>
</kw>
<kw name="Get From List" owner="Collections">
<msg time="2025-04-12T14:18:57.394672" level="INFO">${val2} = solitaire</msg>
<var>${val2}</var>
<arg>${game_texts_2}</arg>
<arg>${index}</arg>
<doc>Returns the value specified with an ``index`` from ``list``.</doc>
<status status="PASS" start="2025-04-12T14:18:57.394481" elapsed="0.000221"/>
</kw>
<if>
<branch type="IF" condition="'${game}' in '${val1}' or '${game}' in '${val2}'">
<kw name="Log To Console" owner="BuiltIn">
<arg>✅ Game Name found that matches with search keyword at index ${index}</arg>
<doc>Logs the given message to the console.</doc>
<status status="PASS" start="2025-04-12T14:18:57.395040" elapsed="0.000176"/>
</kw>
<status status="PASS" start="2025-04-12T14:18:57.394790" elapsed="0.000476"/>
</branch>
<branch type="ELSE">
<kw name="Fail" owner="BuiltIn">
<arg>❌ Game '${game}' incorrect search result found which is ${val1}</arg>
<doc>Fails the test with the given message and optionally alters its tags.</doc>
<status status="NOT RUN" start="2025-04-12T14:18:57.395401" elapsed="0.000028"/>
</kw>
<status status="NOT RUN" start="2025-04-12T14:18:57.395302" elapsed="0.000169"/>
</branch>
<status status="PASS" start="2025-04-12T14:18:57.394770" elapsed="0.000733"/>
</if>
<var name="${index}">7</var>
<status status="PASS" start="2025-04-12T14:18:57.393998" elapsed="0.001528"/>
</iter>
<iter>
<kw name="Get From List" owner="Collections">
<msg time="2025-04-12T14:18:57.395960" level="INFO">${val1} = world class solitaire hd</msg>
<var>${val1}</var>
<arg>${game_texts}</arg>
<arg>${index}</arg>
<doc>Returns the value specified with an ``index`` from ``list``.</doc>
<status status="PASS" start="2025-04-12T14:18:57.395770" elapsed="0.000220"/>
</kw>
<kw name="Get From List" owner="Collections">
<msg time="2025-04-12T14:18:57.396288" level="INFO">${val2} = solitaire</msg>
<var>${val2}</var>
<arg>${game_texts_2}</arg>
<arg>${index}</arg>
<doc>Returns the value specified with an ``index`` from ``list``.</doc>
<status status="PASS" start="2025-04-12T14:18:57.396109" elapsed="0.000208"/>
</kw>
<if>
<branch type="IF" condition="'${game}' in '${val1}' or '${game}' in '${val2}'">
<kw name="Log To Console" owner="BuiltIn">
<arg>✅ Game Name found that matches with search keyword at index ${index}</arg>
<doc>Logs the given message to the console.</doc>
<status status="PASS" start="2025-04-12T14:18:57.396633" elapsed="0.000164"/>
</kw>
<status status="PASS" start="2025-04-12T14:18:57.396400" elapsed="0.000444"/>
</branch>
<branch type="ELSE">
<kw name="Fail" owner="BuiltIn">
<arg>❌ Game '${game}' incorrect search result found which is ${val1}</arg>
<doc>Fails the test with the given message and optionally alters its tags.</doc>
<status status="NOT RUN" start="2025-04-12T14:18:57.396977" elapsed="0.000026"/>
</kw>
<status status="NOT RUN" start="2025-04-12T14:18:57.396880" elapsed="0.000165"/>
</branch>
<status status="PASS" start="2025-04-12T14:18:57.396382" elapsed="0.000692"/>
</if>
<var name="${index}">8</var>
<status status="PASS" start="2025-04-12T14:18:57.395677" elapsed="0.001420"/>
</iter>
<iter>
<kw name="Get From List" owner="Collections">
<msg time="2025-04-12T14:18:57.397523" level="INFO">${val1} = thousand island solitaire hd</msg>
<var>${val1}</var>
<arg>${game_texts}</arg>
<arg>${index}</arg>
<doc>Returns the value specified with an ``index`` from ``list``.</doc>
<status status="PASS" start="2025-04-12T14:18:57.397338" elapsed="0.000215"/>
</kw>
<kw name="Get From List" owner="Collections">
<msg time="2025-04-12T14:18:57.397849" level="INFO">${val2} = solitaire</msg>
<var>${val2}</var>
<arg>${game_texts_2}</arg>
<arg>${index}</arg>
<doc>Returns the value specified with an ``index`` from ``list``.</doc>
<status status="PASS" start="2025-04-12T14:18:57.397669" elapsed="0.000208"/>
</kw>
<if>
<branch type="IF" condition="'${game}' in '${val1}' or '${game}' in '${val2}'">
<kw name="Log To Console" owner="BuiltIn">
<arg>✅ Game Name found that matches with search keyword at index ${index}</arg>
<doc>Logs the given message to the console.</doc>
<status status="PASS" start="2025-04-12T14:18:57.398186" elapsed="0.000168"/>
</kw>
<status status="PASS" start="2025-04-12T14:18:57.397960" elapsed="0.000441"/>
</branch>
<branch type="ELSE">
<kw name="Fail" owner="BuiltIn">
<arg>❌ Game '${game}' incorrect search result found which is ${val1}</arg>
<doc>Fails the test with the given message and optionally alters its tags.</doc>
<status status="NOT RUN" start="2025-04-12T14:18:57.398632" elapsed="0.000058"/>
</kw>
<status status="NOT RUN" start="2025-04-12T14:18:57.398437" elapsed="0.000312"/>
</branch>
<status status="PASS" start="2025-04-12T14:18:57.397942" elapsed="0.000845"/>
</if>
<var name="${index}">9</var>
<status status="PASS" start="2025-04-12T14:18:57.397247" elapsed="0.001668"/>
</iter>
<iter>
<kw name="Get From List" owner="Collections">
<msg time="2025-04-12T14:18:57.399431" level="INFO">${val1} = aces up! hd</msg>
<var>${val1}</var>
<arg>${game_texts}</arg>
<arg>${index}</arg>
<doc>Returns the value specified with an ``index`` from ``list``.</doc>
<status status="PASS" start="2025-04-12T14:18:57.399231" elapsed="0.000230"/>
</kw>
<kw name="Get From List" owner="Collections">
<msg time="2025-04-12T14:18:57.400164" level="INFO">${val2} = solitaire</msg>
<var>${val2}</var>
<arg>${game_texts_2}</arg>
<arg>${index}</arg>
<doc>Returns the value specified with an ``index`` from ``list``.</doc>
<status status="PASS" start="2025-04-12T14:18:57.399806" elapsed="0.000391"/>
</kw>
<if>
<branch type="IF" condition="'${game}' in '${val1}' or '${game}' in '${val2}'">
<kw name="Log To Console" owner="BuiltIn">
<arg>✅ Game Name found that matches with search keyword at index ${index}</arg>
<doc>Logs the given message to the console.</doc>
<status status="PASS" start="2025-04-12T14:18:57.400954" elapsed="0.000312"/>
</kw>
<status status="PASS" start="2025-04-12T14:18:57.400359" elapsed="0.001016"/>
</branch>
<branch type="ELSE">
<kw name="Fail" owner="BuiltIn">
<arg>❌ Game '${game}' incorrect search result found which is ${val1}</arg>
<doc>Fails the test with the given message and optionally alters its tags.</doc>
<status status="NOT RUN" start="2025-04-12T14:18:57.401541" elapsed="0.000030"/>
</kw>
<status status="NOT RUN" start="2025-04-12T14:18:57.401421" elapsed="0.000194"/>
</branch>
<status status="PASS" start="2025-04-12T14:18:57.400336" elapsed="0.001311"/>
</if>
<var name="${index}">10</var>
<status status="PASS" start="2025-04-12T14:18:57.399133" elapsed="0.002541"/>
</iter>
<iter>
<kw name="Get From List" owner="Collections">
<msg time="2025-04-12T14:18:57.402230" level="INFO">${val1} = payday freecell hd</msg>
<var>${val1}</var>
<arg>${game_texts}</arg>
<arg>${index}</arg>
<doc>Returns the value specified with an ``index`` from ``list``.</doc>
<status status="PASS" start="2025-04-12T14:18:57.401956" elapsed="0.000312"/>
</kw>
<kw name="Get From List" owner="Collections">
<msg time="2025-04-12T14:18:57.402616" level="INFO">${val2} = solitaire</msg>
<var>${val2}</var>
<arg>${game_texts_2}</arg>
<arg>${index}</arg>
<doc>Returns the value specified with an ``index`` from ``list``.</doc>
<status status="PASS" start="2025-04-12T14:18:57.402413" elapsed="0.000234"/>
</kw>
<if>
<branch type="IF" condition="'${game}' in '${val1}' or '${game}' in '${val2}'">
<kw name="Log To Console" owner="BuiltIn">
<arg>✅ Game Name found that matches with search keyword at index ${index}</arg>
<doc>Logs the given message to the console.</doc>
<status status="PASS" start="2025-04-12T14:18:57.403015" elapsed="0.000180"/>
</kw>
<status status="PASS" start="2025-04-12T14:18:57.402756" elapsed="0.000491"/>
</branch>
<branch type="ELSE">
<kw name="Fail" owner="BuiltIn">
<arg>❌ Game '${game}' incorrect search result found which is ${val1}</arg>
<doc>Fails the test with the given message and optionally alters its tags.</doc>
<status status="NOT RUN" start="2025-04-12T14:18:57.403395" elapsed="0.000030"/>
</kw>
<status status="NOT RUN" start="2025-04-12T14:18:57.403290" elapsed="0.000180"/>
</branch>
<status status="PASS" start="2025-04-12T14:18:57.402733" elapsed="0.000768"/>
</if>
<var name="${index}">11</var>
<status status="PASS" start="2025-04-12T14:18:57.401856" elapsed="0.001669"/>
</iter>
<var>${index}</var>
<value>${length}</value>
<status status="PASS" start="2025-04-12T14:18:57.377238" elapsed="0.026330"/>
</for>
<doc>This will check all the search results with its title and sub titles and check if the
search results are accurate.</doc>
<status status="PASS" start="2025-04-12T14:18:52.367209" elapsed="5.036448"/>
</kw>
<kw name="Navigate to the game’s page and validate that the Play Now button is present">
<kw name="Sleep" owner="BuiltIn">
<msg time="2025-04-12T14:19:01.404529" level="INFO">Slept 4 seconds.</msg>
<arg>4s</arg>
<doc>Pauses the test executed for the given time.</doc>
<status status="PASS" start="2025-04-12T14:18:57.404159" elapsed="4.000738"/>
</kw>
<kw name="Wait Until Keyword Succeeds" owner="BuiltIn">
<kw name="Scroll Element Into View" owner="SeleniumLibrary">
<arg>//a[normalize-space()='Home']</arg>
<doc>Scrolls the element identified by ``locator`` into view.</doc>
<status status="PASS" start="2025-04-12T14:19:01.406494" elapsed="0.290201"/>
</kw>
<arg>10s</arg>
<arg>5</arg>
<arg>Scroll Element Into View</arg>
<arg>//a[normalize-space()='Home']</arg>
<doc>Runs the specified keyword and retries if it fails.</doc>
<status status="PASS" start="2025-04-12T14:19:01.405543" elapsed="0.291568"/>
</kw>
<kw name="Get WebElements" owner="SeleniumLibrary">
<msg time="2025-04-12T14:19:01.705291" level="INFO">${elements} = [&lt;selenium.webdriver.remote.webelement.WebElement (session="e640b7fbbdd0e14ba7197eab32659f4a", element="f.409EBB09138CC5EF3184244226E6A3AE.d.78EE6569A9CA2D32F585B67A0CA3B231.e.4817")&gt;, &lt;selenium.webdr...</msg>
<var>${elements}</var>
<arg>//a[@class='link__2M5Vp gameName__31gZM']</arg>
<doc>Returns a list of WebElement objects matching the ``locator``.</doc>
<status status="PASS" start="2025-04-12T14:19:01.697731" elapsed="0.007619"/>
</kw>
<for flavor="IN">
<iter>
<kw name="Wait Until Keyword Succeeds" owner="BuiltIn">
<kw name="Scroll Element Into View" owner="SeleniumLibrary">
<arg>${el}</arg>
<doc>Scrolls the element identified by ``locator`` into view.</doc>
<status status="PASS" start="2025-04-12T14:19:01.706031" elapsed="0.273399"/>
</kw>
<arg>10s</arg>
<arg>5</arg>
<arg>Scroll Element Into View</arg>
<arg>${el}</arg>
<doc>Runs the specified keyword and retries if it fails.</doc>
<status status="PASS" start="2025-04-12T14:19:01.705781" elapsed="0.273763"/>
</kw>
<kw name="Open game in new tab and check the playnow button">
<kw name="Get Text" owner="SeleniumLibrary">
<msg time="2025-04-12T14:19:01.986560" level="INFO">${gameName} = Snowbird Solitaire</msg>
<var>${gameName}</var>
<arg>${el}</arg>
<doc>Returns the text value of the element identified by ``locator``.</doc>
<status status="PASS" start="2025-04-12T14:19:01.980183" elapsed="0.006429"/>
</kw>
<kw name="Get Window Handles" owner="SeleniumLibrary">
<msg time="2025-04-12T14:19:01.989115" level="INFO">${main_tab} = ['409EBB09138CC5EF3184244226E6A3AE']</msg>
<var>${main_tab}</var>
<doc>Returns all child window handles of the selected browser as a list.</doc>
<status status="PASS" start="2025-04-12T14:19:01.986808" elapsed="0.002352"/>
</kw>
<kw name="Set Variable" owner="BuiltIn">
<msg time="2025-04-12T14:19:01.989606" level="INFO">${main_tab} = 409EBB09138CC5EF3184244226E6A3AE</msg>
<var>${main_tab}</var>
<arg>${main_tab}[0]</arg>
<doc>Returns the given values which can then be assigned to a variables.</doc>
<status status="PASS" start="2025-04-12T14:19:01.989391" elapsed="0.000244"/>
</kw>
<kw name="Get Element Attribute" owner="SeleniumLibrary">
<msg time="2025-04-12T14:19:01.995378" level="INFO">${link} = https://www.pogo.com/games/snowbird-solitaire</msg>
<var>${link}</var>
<arg>${el}</arg>
<arg>href</arg>
<doc>Returns the value of ``attribute`` from the element ``locator``.</doc>
<status status="PASS" start="2025-04-12T14:19:01.989758" elapsed="0.005674"/>
</kw>
<kw name="Execute Javascript" owner="SeleniumLibrary">
<msg time="2025-04-12T14:19:01.996048" level="INFO">Executing JavaScript:
window.open("https://www.pogo.com/games/snowbird-solitaire", "_blank");
Without any arguments.</msg>
<arg>window.open("${link}", "_blank");</arg>
<doc>Executes the given JavaScript code with possible arguments.</doc>
<status status="PASS" start="2025-04-12T14:19:01.995632" elapsed="0.049304"/>
</kw>
<kw name="Sleep" owner="BuiltIn">
<msg time="2025-04-12T14:19:07.046821" level="INFO">Slept 5 seconds.</msg>
<arg>5s</arg>
<doc>Pauses the test executed for the given time.</doc>
<status status="PASS" start="2025-04-12T14:19:02.045150" elapsed="5.002371"/>
</kw>
<kw name="Get Window Handles" owner="SeleniumLibrary">
<msg time="2025-04-12T14:19:07.067017" level="INFO">${tabs} = ['409EBB09138CC5EF3184244226E6A3AE', '3F4768EA2A0E4D6FEDBF31FB213D2D66']</msg>
<var>${tabs}</var>
<doc>Returns all child window handles of the selected browser as a list.</doc>
<status status="PASS" start="2025-04-12T14:19:07.048422" elapsed="0.018645"/>
</kw>
<kw name="Switch Window" owner="SeleniumLibrary">
<arg>${tabs}[-1]</arg>
<doc>Switches to browser window matching ``locator``.</doc>
<status status="PASS" start="2025-04-12T14:19:07.067270" elapsed="0.075295"/>
</kw>
<kw name="Wait Until Element Is Visible" owner="SeleniumLibrary">
<arg>css:.playIcon__3ndLd</arg>
<arg>20</arg>
<arg>****Play Now or Try Now button is missing for: ${gameName}*****</arg>
<doc>Waits until the element ``locator`` is visible.</doc>
<status status="PASS" start="2025-04-12T14:19:07.143359" elapsed="0.041061"/>
</kw>
<kw name="Close Window" owner="SeleniumLibrary">
<doc>Closes currently opened and selected browser window/tab.</doc>
<status status="PASS" start="2025-04-12T14:19:07.184983" elapsed="0.069439"/>
</kw>
<kw name="Sleep" owner="BuiltIn">
<msg time="2025-04-12T14:19:12.257484" level="INFO">Slept 5 seconds.</msg>
<arg>5s</arg>
<doc>Pauses the test executed for the given time.</doc>
<status status="PASS" start="2025-04-12T14:19:07.255032" elapsed="5.003049"/>
</kw>
<kw name="Switch Window" owner="SeleniumLibrary">
<arg>${main_tab}</arg>
<doc>Switches to browser window matching ``locator``.</doc>
<status status="PASS" start="2025-04-12T14:19:12.259348" elapsed="0.016436"/>
</kw>
<kw name="Run Keyword And Ignore Error" owner="BuiltIn">
<kw name="Click Element" owner="SeleniumLibrary">
<msg time="2025-04-12T14:19:12.276760" level="INFO">Clicking element '//button[.//div[text()='Cancel']]'.</msg>
<arg>//button[.//div[text()='Cancel']]</arg>
<doc>Click the element identified by ``locator``.</doc>
<status status="PASS" start="2025-04-12T14:19:12.276471" elapsed="0.085672"/>
</kw>
<arg>Click Element</arg>
<arg>//button[.//div[text()='Cancel']]</arg>
<doc>Runs the given keyword with the given arguments and ignores possible error.</doc>
<status status="PASS" start="2025-04-12T14:19:12.276111" elapsed="0.086145"/>
</kw>
<arg>${el}</arg>
<doc>Since some of the game has Try For Free insead of Play Now.
I have check play icon to deal with both cases</doc>
<status status="PASS" start="2025-04-12T14:19:01.979826" elapsed="10.382528"/>
</kw>
<var name="${el}">&lt;selenium.webdriver.remote.webelement.WebElement (session="e640b7fbbdd0e14ba7197eab32659f4a", element="f.409EBB09138CC5EF3184244226E6A3AE.d.78EE6569A9CA2D32F585B67A0CA3B231.e.4817")&gt;</var>
<status status="PASS" start="2025-04-12T14:19:01.705634" elapsed="10.656770"/>
</iter>
<iter>
<kw name="Wait Until Keyword Succeeds" owner="BuiltIn">
<kw name="Scroll Element Into View" owner="SeleniumLibrary">
<arg>${el}</arg>
<doc>Scrolls the element identified by ``locator`` into view.</doc>
<status status="PASS" start="2025-04-12T14:19:12.362978" elapsed="0.270098"/>
</kw>
<arg>10s</arg>
<arg>5</arg>
<arg>Scroll Element Into View</arg>
<arg>${el}</arg>
<doc>Runs the specified keyword and retries if it fails.</doc>
<status status="PASS" start="2025-04-12T14:19:12.362734" elapsed="0.270829"/>
</kw>
<kw name="Open game in new tab and check the playnow button">
<kw name="Get Text" owner="SeleniumLibrary">
<msg time="2025-04-12T14:19:12.648650" level="INFO">${gameName} = Jet Set Solitaire</msg>
<var>${gameName}</var>
<arg>${el}</arg>
<doc>Returns the text value of the element identified by ``locator``.</doc>
<status status="PASS" start="2025-04-12T14:19:12.635936" elapsed="0.012808"/>
</kw>
<kw name="Get Window Handles" owner="SeleniumLibrary">
<msg time="2025-04-12T14:19:12.651885" level="INFO">${main_tab} = ['409EBB09138CC5EF3184244226E6A3AE']</msg>
<var>${main_tab}</var>
<doc>Returns all child window handles of the selected browser as a list.</doc>
<status status="PASS" start="2025-04-12T14:19:12.649072" elapsed="0.002864"/>
</kw>
<kw name="Set Variable" owner="BuiltIn">
<msg time="2025-04-12T14:19:12.652399" level="INFO">${main_tab} = 409EBB09138CC5EF3184244226E6A3AE</msg>
<var>${main_tab}</var>
<arg>${main_tab}[0]</arg>
<doc>Returns the given values which can then be assigned to a variables.</doc>
<status status="PASS" start="2025-04-12T14:19:12.652125" elapsed="0.000316"/>
</kw>
<kw name="Get Element Attribute" owner="SeleniumLibrary">
<msg time="2025-04-12T14:19:12.658248" level="INFO">${link} = https://www.pogo.com/games/jet-set-solitaire</msg>
<var>${link}</var>
<arg>${el}</arg>
<arg>href</arg>
<doc>Returns the value of ``attribute`` from the element ``locator``.</doc>
<status status="PASS" start="2025-04-12T14:19:12.652615" elapsed="0.005686"/>
</kw>
<kw name="Execute Javascript" owner="SeleniumLibrary">
<msg time="2025-04-12T14:19:12.659130" level="INFO">Executing JavaScript:
window.open("https://www.pogo.com/games/jet-set-solitaire", "_blank");
Without any arguments.</msg>
<arg>window.open("${link}", "_blank");</arg>
<doc>Executes the given JavaScript code with possible arguments.</doc>
<status status="PASS" start="2025-04-12T14:19:12.658520" elapsed="0.041656"/>
</kw>
<kw name="Sleep" owner="BuiltIn">
<msg time="2025-04-12T14:19:17.705544" level="INFO">Slept 5 seconds.</msg>
<arg>5s</arg>
<doc>Pauses the test executed for the given time.</doc>
<status status="PASS" start="2025-04-12T14:19:12.700395" elapsed="5.006003"/>
</kw>
<kw name="Get Window Handles" owner="SeleniumLibrary">
<msg time="2025-04-12T14:19:17.734744" level="INFO">${tabs} = ['409EBB09138CC5EF3184244226E6A3AE', '469B6424886DDBC15A9D42C860AD8B34']</msg>
<var>${tabs}</var>
<doc>Returns all child window handles of the selected browser as a list.</doc>
<status status="PASS" start="2025-04-12T14:19:17.707443" elapsed="0.027367"/>
</kw>
<kw name="Switch Window" owner="SeleniumLibrary">
<arg>${tabs}[-1]</arg>
<doc>Switches to browser window matching ``locator``.</doc>
<status status="PASS" start="2025-04-12T14:19:17.735071" elapsed="0.072693"/>
</kw>
<kw name="Wait Until Element Is Visible" owner="SeleniumLibrary">
<arg>css:.playIcon__3ndLd</arg>
<arg>20</arg>
<arg>****Play Now or Try Now button is missing for: ${gameName}*****</arg>
<doc>Waits until the element ``locator`` is visible.</doc>
<status status="PASS" start="2025-04-12T14:19:17.807986" elapsed="0.045965"/>
</kw>
<kw name="Close Window" owner="SeleniumLibrary">
<doc>Closes currently opened and selected browser window/tab.</doc>
<status status="PASS" start="2025-04-12T14:19:17.854177" elapsed="0.066199"/>
</kw>
<kw name="Sleep" owner="BuiltIn">
<msg time="2025-04-12T14:19:22.923106" level="INFO">Slept 5 seconds.</msg>
<arg>5s</arg>
<doc>Pauses the test executed for the given time.</doc>
<status status="PASS" start="2025-04-12T14:19:17.920720" elapsed="5.002633"/>
</kw>
<kw name="Switch Window" owner="SeleniumLibrary">
<arg>${main_tab}</arg>
<doc>Switches to browser window matching ``locator``.</doc>
<status status="PASS" start="2025-04-12T14:19:22.923777" elapsed="0.021264"/>
</kw>
<kw name="Run Keyword And Ignore Error" owner="BuiltIn">
<kw name="Click Element" owner="SeleniumLibrary">
<msg time="2025-04-12T14:19:22.945924" level="INFO">Clicking element '//button[.//div[text()='Cancel']]'.</msg>
<msg time="2025-04-12T14:19:23.634934" level="INFO" html="true">&lt;/td&gt;&lt;/tr&gt;&lt;tr&gt;&lt;td colspan="3"&gt;&lt;a href="selenium-screenshot-13.png"&gt;&lt;img src="selenium-screenshot-13.png" width="800px"&gt;&lt;/a&gt;</msg>
<msg time="2025-04-12T14:19:23.635264" level="FAIL">Element with locator '//button[.//div[text()='Cancel']]' not found.</msg>
<arg>//button[.//div[text()='Cancel']]</arg>
<doc>Click the element identified by ``locator``.</doc>
<status status="FAIL" start="2025-04-12T14:19:22.945614" elapsed="0.696261">Element with locator '//button[.//div[text()='Cancel']]' not found.</status>
</kw>
<arg>Click Element</arg>
<arg>//button[.//div[text()='Cancel']]</arg>
<doc>Runs the given keyword with the given arguments and ignores possible error.</doc>
<status status="PASS" start="2025-04-12T14:19:22.945312" elapsed="0.696704"/>
</kw>
<arg>${el}</arg>
<doc>Since some of the game has Try For Free insead of Play Now.
I have check play icon to deal with both cases</doc>
<status status="PASS" start="2025-04-12T14:19:12.634854" elapsed="11.007259"/>
</kw>
<var name="${el}">&lt;selenium.webdriver.remote.webelement.WebElement (session="e640b7fbbdd0e14ba7197eab32659f4a", element="f.409EBB09138CC5EF3184244226E6A3AE.d.78EE6569A9CA2D32F585B67A0CA3B231.e.4713")&gt;</var>
<status status="PASS" start="2025-04-12T14:19:12.362581" elapsed="11.279579"/>
</iter>
<iter>
<kw name="Wait Until Keyword Succeeds" owner="BuiltIn">
<kw name="Scroll Element Into View" owner="SeleniumLibrary">
<arg>${el}</arg>
<doc>Scrolls the element identified by ``locator`` into view.</doc>
<status status="PASS" start="2025-04-12T14:19:23.642742" elapsed="0.264350"/>
</kw>
<arg>10s</arg>
<arg>5</arg>
<arg>Scroll Element Into View</arg>
<arg>${el}</arg>
<doc>Runs the specified keyword and retries if it fails.</doc>
<status status="PASS" start="2025-04-12T14:19:23.642480" elapsed="0.266418"/>
</kw>
<kw name="Open game in new tab and check the playnow button">
<kw name="Get Text" owner="SeleniumLibrary">
<msg time="2025-04-12T14:19:23.922842" level="INFO">${gameName} = Solitaire Home Story</msg>
<var>${gameName}</var>
<arg>${el}</arg>
<doc>Returns the text value of the element identified by ``locator``.</doc>
<status status="PASS" start="2025-04-12T14:19:23.911347" elapsed="0.011566"/>
</kw>
<kw name="Get Window Handles" owner="SeleniumLibrary">
<msg time="2025-04-12T14:19:23.925796" level="INFO">${main_tab} = ['409EBB09138CC5EF3184244226E6A3AE']</msg>
<var>${main_tab}</var>
<doc>Returns all child window handles of the selected browser as a list.</doc>
<status status="PASS" start="2025-04-12T14:19:23.923172" elapsed="0.002672"/>
</kw>
<kw name="Set Variable" owner="BuiltIn">
<msg time="2025-04-12T14:19:23.926329" level="INFO">${main_tab} = 409EBB09138CC5EF3184244226E6A3AE</msg>
<var>${main_tab}</var>
<arg>${main_tab}[0]</arg>
<doc>Returns the given values which can then be assigned to a variables.</doc>
<status status="PASS" start="2025-04-12T14:19:23.926054" elapsed="0.000316"/>
</kw>
<kw name="Get Element Attribute" owner="SeleniumLibrary">
<msg time="2025-04-12T14:19:23.932249" level="INFO">${link} = https://www.pogo.com/games/solitaire-home-story</msg>
<var>${link}</var>
<arg>${el}</arg>
<arg>href</arg>
<doc>Returns the value of ``attribute`` from the element ``locator``.</doc>
<status status="PASS" start="2025-04-12T14:19:23.926545" elapsed="0.005757"/>
</kw>
<kw name="Execute Javascript" owner="SeleniumLibrary">
<msg time="2025-04-12T14:19:23.933418" level="INFO">Executing JavaScript:
window.open("https://www.pogo.com/games/solitaire-home-story", "_blank");
Without any arguments.</msg>
<arg>window.open("${link}", "_blank");</arg>
<doc>Executes the given JavaScript code with possible arguments.</doc>
<status status="PASS" start="2025-04-12T14:19:23.932513" elapsed="0.037927"/>
</kw>
<kw name="Sleep" owner="BuiltIn">
<msg time="2025-04-12T14:19:28.971624" level="INFO">Slept 5 seconds.</msg>
<arg>5s</arg>
<doc>Pauses the test executed for the given time.</doc>
<status status="PASS" start="2025-04-12T14:19:23.970847" elapsed="5.001021"/>
</kw>
<kw name="Get Window Handles" owner="SeleniumLibrary">
<msg time="2025-04-12T14:19:28.996790" level="INFO">${tabs} = ['409EBB09138CC5EF3184244226E6A3AE', '8DA4240D9BEAEA981A1B11C8E9CEBFDB']</msg>
<var>${tabs}</var>
<doc>Returns all child window handles of the selected browser as a list.</doc>
<status status="PASS" start="2025-04-12T14:19:28.972245" elapsed="0.024608"/>
</kw>
<kw name="Switch Window" owner="SeleniumLibrary">
<arg>${tabs}[-1]</arg>
<doc>Switches to browser window matching ``locator``.</doc>
<status status="PASS" start="2025-04-12T14:19:28.997116" elapsed="0.092037"/>
</kw>
<kw name="Wait Until Element Is Visible" owner="SeleniumLibrary">
<arg>css:.playIcon__3ndLd</arg>
<arg>20</arg>
<arg>****Play Now or Try Now button is missing for: ${gameName}*****</arg>
<doc>Waits until the element ``locator`` is visible.</doc>
<status status="PASS" start="2025-04-12T14:19:29.089384" elapsed="0.022226"/>
</kw>
<kw name="Close Window" owner="SeleniumLibrary">
<doc>Closes currently opened and selected browser window/tab.</doc>
<status status="PASS" start="2025-04-12T14:19:29.111849" elapsed="0.069479"/>
</kw>
<kw name="Sleep" owner="BuiltIn">
<msg time="2025-04-12T14:19:34.182555" level="INFO">Slept 5 seconds.</msg>
<arg>5s</arg>
<doc>Pauses the test executed for the given time.</doc>
<status status="PASS" start="2025-04-12T14:19:29.181783" elapsed="5.001431"/>
</kw>
<kw name="Switch Window" owner="SeleniumLibrary">
<arg>${main_tab}</arg>
<doc>Switches to browser window matching ``locator``.</doc>
<status status="PASS" start="2025-04-12T14:19:34.184372" elapsed="0.015549"/>
</kw>
<kw name="Run Keyword And Ignore Error" owner="BuiltIn">
<kw name="Click Element" owner="SeleniumLibrary">
<msg time="2025-04-12T14:19:34.200939" level="INFO">Clicking element '//button[.//div[text()='Cancel']]'.</msg>
<msg time="2025-04-12T14:19:34.865937" level="INFO" html="true">&lt;/td&gt;&lt;/tr&gt;&lt;tr&gt;&lt;td colspan="3"&gt;&lt;a href="selenium-screenshot-14.png"&gt;&lt;img src="selenium-screenshot-14.png" width="800px"&gt;&lt;/a&gt;</msg>
<msg time="2025-04-12T14:19:34.866103" level="FAIL">Element with locator '//button[.//div[text()='Cancel']]' not found.</msg>
<arg>//button[.//div[text()='Cancel']]</arg>
<doc>Click the element identified by ``locator``.</doc>
<status status="FAIL" start="2025-04-12T14:19:34.200646" elapsed="0.665685">Element with locator '//button[.//div[text()='Cancel']]' not found.</status>
</kw>
<arg>Click Element</arg>
<arg>//button[.//div[text()='Cancel']]</arg>
<doc>Runs the given keyword with the given arguments and ignores possible error.</doc>
<status status="PASS" start="2025-04-12T14:19:34.200286" elapsed="0.666147"/>
</kw>
<arg>${el}</arg>
<doc>Since some of the game has Try For Free insead of Play Now.
I have check play icon to deal with both cases</doc>
<status status="PASS" start="2025-04-12T14:19:23.909922" elapsed="10.956591"/>
</kw>
<var name="${el}">&lt;selenium.webdriver.remote.webelement.WebElement (session="e640b7fbbdd0e14ba7197eab32659f4a", element="f.409EBB09138CC5EF3184244226E6A3AE.d.78EE6569A9CA2D32F585B67A0CA3B231.e.4747")&gt;</var>
<status status="PASS" start="2025-04-12T14:19:23.642327" elapsed="11.224228"/>
</iter>
<iter>
<kw name="Wait Until Keyword Succeeds" owner="BuiltIn">
<kw name="Scroll Element Into View" owner="SeleniumLibrary">
<arg>${el}</arg>
<doc>Scrolls the element identified by ``locator`` into view.</doc>
<status status="PASS" start="2025-04-12T14:19:34.867045" elapsed="0.263109"/>
</kw>
<arg>10s</arg>
<arg>5</arg>
<arg>Scroll Element Into View</arg>
<arg>${el}</arg>
<doc>Runs the specified keyword and retries if it fails.</doc>
<status status="PASS" start="2025-04-12T14:19:34.866820" elapsed="0.263518"/>
</kw>
<kw name="Open game in new tab and check the playnow button">
<kw name="Get Text" owner="SeleniumLibrary">
<msg time="2025-04-12T14:19:35.141661" level="INFO">${gameName} = Tri-Peaks Solitaire HD</msg>
<var>${gameName}</var>
<arg>${el}</arg>
[...]
<status status="PASS" start="2025-04-12T14:21:28.563537" elapsed="0.000344"/>
</kw>
<kw name="Wait Until Element Is Enabled" owner="SeleniumLibrary">
<arg>${element}</arg>
<arg>10s</arg>
<doc>Waits until the element ``locator`` is enabled.</doc>
<status status="PASS" start="2025-04-12T14:21:28.564097" elapsed="0.025525"/>
</kw>
<kw name="Wait Until Element Is Visible" owner="SeleniumLibrary">
<arg>${element}</arg>
<arg>10s</arg>
<doc>Waits until the element ``locator`` is visible.</doc>
<status status="PASS" start="2025-04-12T14:21:28.589903" elapsed="0.011846"/>
</kw>
<kw name="Click Element" owner="SeleniumLibrary">
<msg time="2025-04-12T14:21:28.602302" level="INFO">Clicking element '//button[@class='default__1rbFd secondary__13sCi button__3Z-Ug']'.</msg>
<arg>${element}</arg>
<doc>Click the element identified by ``locator``.</doc>
<status status="PASS" start="2025-04-12T14:21:28.601991" elapsed="1.272348"/>
</kw>
<arg>//button[@class='default__1rbFd secondary__13sCi button__3Z-Ug']</arg>
<arg>SignOut</arg>
<status status="PASS" start="2025-04-12T14:21:28.562952" elapsed="1.311906"/>
</kw>
<kw name="Click with log Display" owner="pgKeyword">
<kw name="Log To Console" owner="BuiltIn">
<arg>clicking on ${message}</arg>
<doc>Logs the given message to the console.</doc>
<status status="PASS" start="2025-04-12T14:21:29.877610" elapsed="0.000910"/>
</kw>
<kw name="Wait Until Element Is Enabled" owner="SeleniumLibrary">
<arg>${element}</arg>
<arg>10s</arg>
<doc>Waits until the element ``locator`` is enabled.</doc>
<status status="PASS" start="2025-04-12T14:21:29.879414" elapsed="1.629630"/>
</kw>
<kw name="Wait Until Element Is Visible" owner="SeleniumLibrary">
<arg>${element}</arg>
<arg>10s</arg>
<doc>Waits until the element ``locator`` is visible.</doc>
<status status="PASS" start="2025-04-12T14:21:31.509317" elapsed="0.012367"/>
</kw>
<kw name="Click Element" owner="SeleniumLibrary">
<msg time="2025-04-12T14:21:31.522217" level="INFO">Clicking element '//button[@class='large__2-kkI primary__3GVte button__3Z-Ug']'.</msg>
<arg>${element}</arg>
<doc>Click the element identified by ``locator``.</doc>
<status status="PASS" start="2025-04-12T14:21:31.521957" elapsed="0.071739"/>
</kw>
<arg>//button[@class='large__2-kkI primary__3GVte button__3Z-Ug']</arg>
<arg>CONTINUE to logout</arg>
<status status="PASS" start="2025-04-12T14:21:29.875554" elapsed="1.718511"/>
</kw>
<kw name="Wait Until Element Is Visible" owner="SeleniumLibrary">
<arg>//button[.//div[text()='Sign In']]</arg>
<arg>10s</arg>
<doc>Waits until the element ``locator`` is visible.</doc>
<status status="PASS" start="2025-04-12T14:21:31.594773" elapsed="0.448109"/>
</kw>
<status status="PASS" start="2025-04-12T14:21:24.053645" elapsed="7.989359"/>
</kw>
<kw name="re-login to the system">
<kw name="Login to system" owner="Reuse">
<kw name="Visit url" owner="Reuse">
<kw name="Open Browser" owner="SeleniumLibrary">
<msg time="2025-04-12T14:21:32.044476" level="WARN">exexcutable_path is being deprecated. Please use service to configure the driver's executable_path as per documentation.</msg>
<msg time="2025-04-12T14:21:32.044602" level="INFO">Opening browser 'chrome' to base url 'https://www.pogo.com/'.</msg>
<arg>${Website}</arg>
<arg>${browser}</arg>
<arg>executable_path=${DriverLocation}</arg>
<doc>Opens a new browser instance to the optional ``url``.</doc>
<status status="PASS" start="2025-04-12T14:21:32.044183" elapsed="1.758941"/>
</kw>
<kw name="Maximize Browser Window" owner="SeleniumLibrary">
<doc>Maximizes current browser window.</doc>
<status status="PASS" start="2025-04-12T14:21:33.803662" elapsed="0.334000"/>
</kw>
<kw name="Log To Console" owner="BuiltIn">
<arg>Website has opened</arg>
<doc>Logs the given message to the console.</doc>
<status status="PASS" start="2025-04-12T14:21:34.138062" elapsed="0.000612"/>
</kw>
<status status="PASS" start="2025-04-12T14:21:32.043772" elapsed="2.095090"/>
</kw>
<kw name="Click with log Display" owner="pgKeyword">
<kw name="Log To Console" owner="BuiltIn">
<arg>clicking on ${message}</arg>
<doc>Logs the given message to the console.</doc>
<status status="PASS" start="2025-04-12T14:21:34.139427" elapsed="0.000171"/>
</kw>
<kw name="Wait Until Element Is Enabled" owner="SeleniumLibrary">
<arg>${element}</arg>
<arg>10s</arg>
<doc>Waits until the element ``locator`` is enabled.</doc>
<status status="PASS" start="2025-04-12T14:21:34.139718" elapsed="0.028787"/>
</kw>
<kw name="Wait Until Element Is Visible" owner="SeleniumLibrary">
<arg>${element}</arg>
<arg>10s</arg>
<doc>Waits until the element ``locator`` is visible.</doc>
<status status="PASS" start="2025-04-12T14:21:34.168710" elapsed="0.011773"/>
</kw>
<kw name="Click Element" owner="SeleniumLibrary">
<msg time="2025-04-12T14:21:34.180937" level="INFO">Clicking element '//button[.//div[text()='Sign In']]'.</msg>
<arg>${element}</arg>
<doc>Click the element identified by ``locator``.</doc>
<status status="PASS" start="2025-04-12T14:21:34.180688" elapsed="3.381667"/>
</kw>
<arg>//button[.//div[text()='Sign In']]</arg>
<arg>Sign In</arg>
<status status="PASS" start="2025-04-12T14:21:34.139072" elapsed="3.423419"/>
</kw>
<kw name="Wait Until Element Is Visible" owner="SeleniumLibrary">
<arg>email</arg>
<arg>10s</arg>
<doc>Waits until the element ``locator`` is visible.</doc>
<status status="PASS" start="2025-04-12T14:21:37.562647" elapsed="0.017506"/>
</kw>
<kw name="Input Text" owner="SeleniumLibrary">
<msg time="2025-04-12T14:21:37.580632" level="INFO">Typing text 'bps.thapa@gmail.com' into text field 'email'.</msg>
<arg>email</arg>
<arg>${username}</arg>
<doc>Types the given ``text`` into the text field identified by ``locator``.</doc>
<status status="PASS" start="2025-04-12T14:21:37.580367" elapsed="0.140959"/>
</kw>
<kw name="Click Element" owner="SeleniumLibrary">
<msg time="2025-04-12T14:21:37.722422" level="INFO">Clicking element 'content'.</msg>
<arg>content</arg>
<doc>Click the element identified by ``locator``.</doc>
<status status="PASS" start="2025-04-12T14:21:37.721984" elapsed="0.046696"/>
</kw>
<kw name="Click Element" owner="SeleniumLibrary">
<msg time="2025-04-12T14:21:37.769077" level="INFO">Clicking element 'logInBtn'.</msg>
<arg>logInBtn</arg>
<doc>Click the element identified by ``locator``.</doc>
<status status="PASS" start="2025-04-12T14:21:37.768881" elapsed="1.014470"/>
</kw>
<kw name="Wait Until Element Is Visible" owner="SeleniumLibrary">
<arg>password</arg>
<arg>10s</arg>
<doc>Waits until the element ``locator`` is visible.</doc>
<status status="PASS" start="2025-04-12T14:21:38.783571" elapsed="0.018981"/>
</kw>
<kw name="Input Text" owner="SeleniumLibrary">
<msg time="2025-04-12T14:21:38.803005" level="INFO">Typing text '4f4DP5KT!2ar&amp;%6' into text field 'password'.</msg>
<arg>password</arg>
<arg>${password}</arg>
<doc>Types the given ``text`` into the text field identified by ``locator``.</doc>
<status status="PASS" start="2025-04-12T14:21:38.802753" elapsed="0.046177"/>
</kw>
<kw name="Click with log Display" owner="pgKeyword">
<kw name="Log To Console" owner="BuiltIn">
<arg>clicking on ${message}</arg>
<doc>Logs the given message to the console.</doc>
<status status="PASS" start="2025-04-12T14:21:38.850237" elapsed="0.000322"/>
</kw>
<kw name="Wait Until Element Is Enabled" owner="SeleniumLibrary">
<arg>${element}</arg>
<arg>10s</arg>
<doc>Waits until the element ``locator`` is enabled.</doc>
<status status="PASS" start="2025-04-12T14:21:38.850757" elapsed="0.025665"/>
</kw>
<kw name="Wait Until Element Is Visible" owner="SeleniumLibrary">
<arg>${element}</arg>
<arg>10s</arg>
<doc>Waits until the element ``locator`` is visible.</doc>
<status status="PASS" start="2025-04-12T14:21:38.876658" elapsed="0.011217"/>
</kw>
<kw name="Click Element" owner="SeleniumLibrary">
<msg time="2025-04-12T14:21:38.890052" level="INFO">Clicking element 'logInBtn'.</msg>
<arg>${element}</arg>
<doc>Click the element identified by ``locator``.</doc>
<status status="PASS" start="2025-04-12T14:21:38.888106" elapsed="0.463063"/>
</kw>
<arg>logInBtn</arg>
<arg>LoginButton after Entering password</arg>
<status status="PASS" start="2025-04-12T14:21:38.849659" elapsed="0.501647"/>
</kw>
<kw name="Log To Console" owner="BuiltIn">
<arg>✅ *****LOGIN SUCCEED***** ✅</arg>
<doc>Logs the given message to the console.</doc>
<status status="PASS" start="2025-04-12T14:21:39.351473" elapsed="0.000328"/>
</kw>
<status status="PASS" start="2025-04-12T14:21:32.043545" elapsed="7.308424"/>
</kw>
<status status="PASS" start="2025-04-12T14:21:32.043228" elapsed="7.308820"/>
</kw>
<kw name="Close All Browsers" owner="SeleniumLibrary" type="TEARDOWN">
<doc>Closes all open browsers and resets the browser cache.</doc>
<status status="PASS" start="2025-04-12T14:21:39.352344" elapsed="0.260213"/>
</kw>
<tag>SmokeTest</tag>
<status status="PASS" start="2025-04-12T14:21:16.612024" elapsed="23.000686"/>
</test>
<status status="PASS" start="2025-04-12T14:21:16.608122" elapsed="23.005001"/>
</suite>
<suite id="s1-s3" name="User Registration" source="/Users/Bipinlp/Documents/New_Pogo/pogoRobot/pogoRobot/TestCases/User_Registration.robot">
<test id="s1-s3-t1" name="User Registration" line="13">
<kw name="Visit url" owner="Reuse">
<kw name="Open Browser" owner="SeleniumLibrary">
<msg time="2025-04-12T14:21:39.619029" level="WARN">exexcutable_path is being deprecated. Please use service to configure the driver's executable_path as per documentation.</msg>
<msg time="2025-04-12T14:21:39.619147" level="INFO">Opening browser 'chrome' to base url 'https://www.pogo.com/'.</msg>
<arg>${Website}</arg>
<arg>${browser}</arg>
<arg>executable_path=${DriverLocation}</arg>
<doc>Opens a new browser instance to the optional ``url``.</doc>
<status status="PASS" start="2025-04-12T14:21:39.618758" elapsed="1.383178"/>
</kw>
<kw name="Maximize Browser Window" owner="SeleniumLibrary">
<doc>Maximizes current browser window.</doc>
<status status="PASS" start="2025-04-12T14:21:41.003009" elapsed="0.596566"/>
</kw>
<kw name="Log To Console" owner="BuiltIn">
<arg>Website has opened</arg>
<doc>Logs the given message to the console.</doc>
<status status="PASS" start="2025-04-12T14:21:41.600142" elapsed="0.000317"/>
</kw>
<status status="PASS" start="2025-04-12T14:21:39.618458" elapsed="1.982117"/>
</kw>
<kw name="Navigate to Register page">
<kw name="Click with log Display" owner="pgKeyword">
<kw name="Log To Console" owner="BuiltIn">
<arg>clicking on ${message}</arg>
<doc>Logs the given message to the console.</doc>
<status status="PASS" start="2025-04-12T14:21:41.601406" elapsed="0.000155"/>
</kw>
<kw name="Wait Until Element Is Enabled" owner="SeleniumLibrary">
<arg>${element}</arg>
<arg>10s</arg>
<doc>Waits until the element ``locator`` is enabled.</doc>
<status status="PASS" start="2025-04-12T14:21:41.601683" elapsed="0.444702"/>
</kw>
<kw name="Wait Until Element Is Visible" owner="SeleniumLibrary">
<arg>${element}</arg>
<arg>10s</arg>
<doc>Waits until the element ``locator`` is visible.</doc>
<status status="PASS" start="2025-04-12T14:21:42.046589" elapsed="0.016116"/>
</kw>
<kw name="Click Element" owner="SeleniumLibrary">
<msg time="2025-04-12T14:21:42.063151" level="INFO">Clicking element '//button[@class='default__1rbFd primary__3GVte button__3Z-Ug registerCTA__eNZ_5']'.</msg>
<arg>${element}</arg>
<doc>Click the element identified by ``locator``.</doc>
<status status="PASS" start="2025-04-12T14:21:42.062914" elapsed="3.452776"/>
</kw>
<arg>//button[@class='default__1rbFd primary__3GVte button__3Z-Ug registerCTA__eNZ_5']</arg>
<arg>Register Button</arg>
<status status="PASS" start="2025-04-12T14:21:41.601156" elapsed="3.914657"/>
</kw>
<status status="PASS" start="2025-04-12T14:21:41.600831" elapsed="3.915053"/>
</kw>
<kw name="Enter a unique username, email, and password">
<kw name="Select From List By Value" owner="SeleniumLibrary">
<msg time="2025-04-12T14:21:45.516619" level="INFO">Selecting options from selection list 'clientreg_country-selctrl' by value NP.</msg>
<arg>clientreg_country-selctrl</arg>
<arg>NP</arg>
<doc>Selects options from selection list ``locator`` by ``values``.</doc>
<status status="PASS" start="2025-04-12T14:21:45.516425" elapsed="0.030127"/>
</kw>
<kw name="Select From List By Value" owner="SeleniumLibrary">
<msg time="2025-04-12T14:21:45.546935" level="INFO">Selecting options from selection list 'clientreg_dobmonth-selctrl' by value 1.</msg>
<arg>clientreg_dobmonth-selctrl</arg>
<arg>1</arg>
<doc>Selects options from selection list ``locator`` by ``values``.</doc>
<status status="PASS" start="2025-04-12T14:21:45.546743" elapsed="0.047378"/>
</kw>
<kw name="Select From List By Index" owner="SeleniumLibrary">
<msg time="2025-04-12T14:21:45.594533" level="INFO">Selecting options from selection list 'clientreg_dobday-selctrl' by index 10.</msg>
<arg>clientreg_dobday-selctrl</arg>
<arg>10</arg>
<doc>Selects options from selection list ``locator`` by ``indexes``.</doc>
<status status="PASS" start="2025-04-12T14:21:45.594332" elapsed="0.079455"/>
</kw>
<kw name="Select From List By Value" owner="SeleniumLibrary">
<msg time="2025-04-12T14:21:45.674200" level="INFO">Selecting options from selection list 'clientreg_dobyear-selctrl' by value 1995.</msg>
<arg>clientreg_dobyear-selctrl</arg>
<arg>1995</arg>
<doc>Selects options from selection list ``locator`` by ``values``.</doc>
<status status="PASS" start="2025-04-12T14:21:45.673996" elapsed="0.041648"/>
</kw>
<kw name="Click with log Display" owner="pgKeyword">
<kw name="Log To Console" owner="BuiltIn">
<arg>clicking on ${message}</arg>
<doc>Logs the given message to the console.</doc>
<status status="PASS" start="2025-04-12T14:21:45.716197" elapsed="0.000191"/>
</kw>
<kw name="Wait Until Element Is Enabled" owner="SeleniumLibrary">
<arg>${element}</arg>
<arg>10s</arg>
<doc>Waits until the element ``locator`` is enabled.</doc>
<status status="PASS" start="2025-04-12T14:21:45.716504" elapsed="0.018584"/>
</kw>
<kw name="Wait Until Element Is Visible" owner="SeleniumLibrary">
<arg>${element}</arg>
<arg>10s</arg>
<doc>Waits until the element ``locator`` is visible.</doc>
<status status="PASS" start="2025-04-12T14:21:45.735357" elapsed="0.012507"/>
</kw>
<kw name="Click Element" owner="SeleniumLibrary">
<msg time="2025-04-12T14:21:45.748293" level="INFO">Clicking element 'panel-action-area-container'.</msg>
<arg>${element}</arg>
<doc>Click the element identified by ``locator``.</doc>
<status status="PASS" start="2025-04-12T14:21:45.748065" elapsed="0.046179"/>
</kw>
<arg>panel-action-area-container</arg>
<arg>Next Button</arg>
<status status="PASS" start="2025-04-12T14:21:45.715891" elapsed="0.078475"/>
</kw>
<kw name="Wait Until Element Is Visible" owner="SeleniumLibrary">
<arg>email</arg>
<arg>20s</arg>
<doc>Waits until the element ``locator`` is visible.</doc>
<status status="PASS" start="2025-04-12T14:21:45.794521" elapsed="1.320524"/>
</kw>
<kw name="Input Text" owner="SeleniumLibrary">
<msg time="2025-04-12T14:21:47.115496" level="INFO">Typing text 'vovos31760@naobk.com' into text field 'email'.</msg>
<arg>email</arg>
<arg>${emailID}</arg>
<doc>Types the given ``text`` into the text field identified by ``locator``.</doc>
<status status="PASS" start="2025-04-12T14:21:47.115249" elapsed="0.139151"/>
</kw>
<kw name="Input Text" owner="SeleniumLibrary">
<msg time="2025-04-12T14:21:47.255025" level="INFO">Typing text 'vovos31760' into text field 'originId'.</msg>
<arg>originId</arg>
<arg>${userID}</arg>
<doc>Types the given ``text`` into the text field identified by ``locator``.</doc>
<status status="PASS" start="2025-04-12T14:21:47.254604" elapsed="0.072089"/>
</kw>
<kw name="Input Text" owner="SeleniumLibrary">
<msg time="2025-04-12T14:21:47.327153" level="INFO">Typing text 'Pogo&amp;_1230' into text field 'password'.</msg>
<arg>password</arg>
<arg>${password}</arg>
<doc>Types the given ``text`` into the text field identified by ``locator``.</doc>
<status status="PASS" start="2025-04-12T14:21:47.326907" elapsed="0.068673"/>
</kw>
<status status="PASS" start="2025-04-12T14:21:45.516137" elapsed="1.879573"/>
</kw>
<kw name="Submit the registration form">
<kw name="Click with log Display" owner="pgKeyword">
<kw name="Log To Console" owner="BuiltIn">
<arg>clicking on ${message}</arg>
<doc>Logs the given message to the console.</doc>
<status status="PASS" start="2025-04-12T14:21:47.396499" elapsed="0.000168"/>
</kw>
<kw name="Wait Until Element Is Enabled" owner="SeleniumLibrary">
<arg>${element}</arg>
<arg>10s</arg>
<doc>Waits until the element ``locator`` is enabled.</doc>
<status status="PASS" start="2025-04-12T14:21:47.396780" elapsed="0.015881"/>
</kw>
<kw name="Wait Until Element Is Visible" owner="SeleniumLibrary">
<arg>${element}</arg>
<arg>10s</arg>
<doc>Waits until the element ``locator`` is visible.</doc>
<status status="PASS" start="2025-04-12T14:21:47.412848" elapsed="0.008464"/>
</kw>
<kw name="Click Element" owner="SeleniumLibrary">
<msg time="2025-04-12T14:21:47.422360" level="INFO">Clicking element '//div[@id='reg-basic-info-panel']//div[@class='panel-action-area']'.</msg>
<arg>${element}</arg>
<doc>Click the element identified by ``locator``.</doc>
<status status="PASS" start="2025-04-12T14:21:47.421876" elapsed="0.043462"/>
</kw>
<arg>//div[@id='reg-basic-info-panel']//div[@class='panel-action-area']</arg>
<arg>Next Button</arg>
<status status="PASS" start="2025-04-12T14:21:47.396235" elapsed="0.069224"/>
</kw>
<status status="PASS" start="2025-04-12T14:21:47.395943" elapsed="0.069583"/>
</kw>
<kw name="Validate the successful registration">
<kw name="Wait Until Element Is Visible" owner="SeleniumLibrary">
<arg>//iframe</arg>
<arg>20s</arg>
<doc>Waits until the element ``locator`` is visible.</doc>
<status status="PASS" start="2025-04-12T14:21:47.466017" elapsed="1.603994"/>
</kw>
<kw name="Log To Console" owner="BuiltIn">
<arg>✅ *****The Test is consider as passed since there is PUZZLE to protect automation for resestration***** ✅</arg>
<doc>Logs the given message to the console.</doc>
<status status="PASS" start="2025-04-12T14:21:49.070303" elapsed="0.001639"/>
</kw>
<status status="PASS" start="2025-04-12T14:21:47.465750" elapsed="1.606673"/>
</kw>
<kw name="Close All Browsers" owner="SeleniumLibrary" type="TEARDOWN">
<doc>Closes all open browsers and resets the browser cache.</doc>
<status status="PASS" start="2025-04-12T14:21:49.073231" elapsed="0.277674"/>
</kw>
<tag>SmokeTest</tag>
<status status="PASS" start="2025-04-12T14:21:39.617003" elapsed="9.734569"/>
</test>
<status status="PASS" start="2025-04-12T14:21:39.613559" elapsed="9.739200"/>
</suite>
<status status="PASS" start="2025-04-12T14:18:41.393116" elapsed="187.961449"/>
</suite>
<statistics>
<total>
<stat pass="3" fail="0" skip="0">All Tests</stat>
</total>
<tag>
<stat pass="3" fail="0" skip="0">SmokeTest</stat>
</tag>
<suite>
<stat name="TestCases" id="s1" pass="3" fail="0" skip="0">TestCases</stat>
<stat name="GameSearch" id="s1-s1" pass="1" fail="0" skip="0">TestCases.GameSearch</stat>
<stat name="Logout Login" id="s1-s2" pass="1" fail="0" skip="0">TestCases.Logout Login</stat>
<stat name="User Registration" id="s1-s3" pass="1" fail="0" skip="0">TestCases.User Registration</stat>
</suite>
</statistics>
<errors>
<msg time="2025-04-12T14:18:41.568416" level="WARN">exexcutable_path is being deprecated. Please use service to configure the driver's executable_path as per documentation.</msg>
<msg time="2025-04-12T14:21:16.615031" level="WARN">exexcutable_path is being deprecated. Please use service to configure the driver's executable_path as per documentation.</msg>
<msg time="2025-04-12T14:21:32.044476" level="WARN">exexcutable_path is being deprecated. Please use service to configure the driver's executable_path as per documentation.</msg>
<msg time="2025-04-12T14:21:39.619029" level="WARN">exexcutable_path is being deprecated. Please use service to configure the driver's executable_path as per documentation.</msg>
</errors>
</robot>
