<?xml version="1.0" encoding="UTF-8"?>
<robot generator="Robot 7.2 (Python 3.9.9 on darwin)" generated="2025-04-12T14:58:37.166117" rpa="false" schemaversion="5">
<suite id="s1" name="TestCases" source="/Users/Bipinlp/Documents/11111Pogog/zzz_pogo/RobotFramework_pogo/TestCases">
<suite id="s1-s1" name="GameSearch" source="/Users/Bipinlp/Documents/11111Pogog/zzz_pogo/RobotFramework_pogo/TestCases/GameSearch.robot">
<test id="s1-s1-t1" name="Validate the Game Search" line="16">
<kw name="Login to system" owner="Reuse" type="SETUP">
<kw name="Visit url" owner="Reuse">
<kw name="Open Browser" owner="SeleniumLibrary">
<msg time="2025-04-12T14:58:37.380348" level="WARN">exexcutable_path is being deprecated. Please use service to configure the driver's executable_path as per documentation.</msg>
<msg time="2025-04-12T14:58:37.380488" level="INFO">Opening browser 'chrome' to base url 'https://www.pogo.com/'.</msg>
<arg>${Website}</arg>
<arg>${browser}</arg>
<arg>executable_path=${DriverLocation}</arg>
<doc>Opens a new browser instance to the optional ``url``.</doc>
<status status="PASS" start="2025-04-12T14:58:37.380033" elapsed="1.583844"/>
</kw>
<kw name="Maximize Browser Window" owner="SeleniumLibrary">
<doc>Maximizes current browser window.</doc>
<status status="PASS" start="2025-04-12T14:58:38.965427" elapsed="0.536775"/>
</kw>
<kw name="Log To Console" owner="BuiltIn">
<arg>Website has opened</arg>
<doc>Logs the given message to the console.</doc>
<status status="PASS" start="2025-04-12T14:58:39.502431" elapsed="0.000344"/>
</kw>
<status status="PASS" start="2025-04-12T14:58:37.379212" elapsed="2.123988"/>
</kw>
<kw name="Click with log Display" owner="pgKeyword">
<kw name="Log To Console" owner="BuiltIn">
<arg>clicking on ${message}</arg>
<doc>Logs the given message to the console.</doc>
<status status="PASS" start="2025-04-12T14:58:39.504530" elapsed="0.000292"/>
</kw>
<kw name="Wait Until Element Is Enabled" owner="SeleniumLibrary">
<arg>${element}</arg>
<arg>10s</arg>
<doc>Waits until the element ``locator`` is enabled.</doc>
<status status="PASS" start="2025-04-12T14:58:39.505012" elapsed="0.031486"/>
</kw>
<kw name="Wait Until Element Is Visible" owner="SeleniumLibrary">
<arg>${element}</arg>
<arg>10s</arg>
<doc>Waits until the element ``locator`` is visible.</doc>
<status status="PASS" start="2025-04-12T14:58:39.536708" elapsed="0.011884"/>
</kw>
<kw name="Click Element" owner="SeleniumLibrary">
<msg time="2025-04-12T14:58:39.549114" level="INFO">Clicking element '//button[.//div[text()='Sign In']]'.</msg>
<arg>${element}</arg>
<doc>Click the element identified by ``locator``.</doc>
<status status="PASS" start="2025-04-12T14:58:39.548839" elapsed="3.312998"/>
</kw>
<arg>//button[.//div[text()='Sign In']]</arg>
<arg>Sign In</arg>
<status status="PASS" start="2025-04-12T14:58:39.503694" elapsed="3.358268"/>
</kw>
<kw name="Wait Until Element Is Visible" owner="SeleniumLibrary">
<arg>email</arg>
<arg>10s</arg>
<doc>Waits until the element ``locator`` is visible.</doc>
<status status="PASS" start="2025-04-12T14:58:42.862128" elapsed="0.015644"/>
</kw>
<kw name="Input Text" owner="SeleniumLibrary">
<msg time="2025-04-12T14:58:42.878227" level="INFO">Typing text 'bps.thapa@gmail.com' into text field 'email'.</msg>
<arg>email</arg>
<arg>${username}</arg>
<doc>Types the given ``text`` into the text field identified by ``locator``.</doc>
<status status="PASS" start="2025-04-12T14:58:42.877972" elapsed="0.131786"/>
</kw>
<kw name="Click Element" owner="SeleniumLibrary">
<msg time="2025-04-12T14:58:43.010173" level="INFO">Clicking element 'content'.</msg>
<arg>content</arg>
<doc>Click the element identified by ``locator``.</doc>
<status status="PASS" start="2025-04-12T14:58:43.009978" elapsed="0.053491"/>
</kw>
<kw name="Click Element" owner="SeleniumLibrary">
<msg time="2025-04-12T14:58:43.063865" level="INFO">Clicking element 'logInBtn'.</msg>
<arg>logInBtn</arg>
<doc>Click the element identified by ``locator``.</doc>
<status status="PASS" start="2025-04-12T14:58:43.063671" elapsed="1.035468"/>
</kw>
<kw name="Wait Until Element Is Visible" owner="SeleniumLibrary">
<arg>password</arg>
<arg>10s</arg>
<doc>Waits until the element ``locator`` is visible.</doc>
<status status="PASS" start="2025-04-12T14:58:44.099369" elapsed="0.020784"/>
</kw>
<kw name="Input Text" owner="SeleniumLibrary">
<msg time="2025-04-12T14:58:44.120608" level="INFO">Typing text '4f4DP5KT!2ar&amp;%6' into text field 'password'.</msg>
<arg>password</arg>
<arg>${password}</arg>
<doc>Types the given ``text`` into the text field identified by ``locator``.</doc>
<status status="PASS" start="2025-04-12T14:58:44.120364" elapsed="0.037729"/>
</kw>
<kw name="Click with log Display" owner="pgKeyword">
<kw name="Log To Console" owner="BuiltIn">
<arg>clicking on ${message}</arg>
<doc>Logs the given message to the console.</doc>
<status status="PASS" start="2025-04-12T14:58:44.158849" elapsed="0.000442"/>
</kw>
<kw name="Wait Until Element Is Enabled" owner="SeleniumLibrary">
<arg>${element}</arg>
<arg>10s</arg>
<doc>Waits until the element ``locator`` is enabled.</doc>
<status status="PASS" start="2025-04-12T14:58:44.159618" elapsed="0.017242"/>
</kw>
<kw name="Wait Until Element Is Visible" owner="SeleniumLibrary">
<arg>${element}</arg>
<arg>10s</arg>
<doc>Waits until the element ``locator`` is visible.</doc>
<status status="PASS" start="2025-04-12T14:58:44.177086" elapsed="0.008898"/>
</kw>
<kw name="Click Element" owner="SeleniumLibrary">
<msg time="2025-04-12T14:58:44.186389" level="INFO">Clicking element 'logInBtn'.</msg>
<arg>${element}</arg>
<doc>Click the element identified by ``locator``.</doc>
<status status="PASS" start="2025-04-12T14:58:44.186168" elapsed="0.501086"/>
</kw>
<arg>logInBtn</arg>
<arg>LoginButton after Entering password</arg>
<status status="PASS" start="2025-04-12T14:58:44.158480" elapsed="0.528976"/>
</kw>
<kw name="Log To Console" owner="BuiltIn">
<arg>✅ *****LOGIN SUCCEED***** ✅</arg>
<doc>Logs the given message to the console.</doc>
<status status="PASS" start="2025-04-12T14:58:44.687706" elapsed="0.000296"/>
</kw>
<status status="PASS" start="2025-04-12T14:58:37.367572" elapsed="7.320794"/>
</kw>
<kw name="Search for a specific game">
<kw name="Wait Until Element Is Enabled" owner="SeleniumLibrary">
<arg>//input[@placeholder='Search for games']</arg>
<doc>Waits until the element ``locator`` is enabled.</doc>
<status status="PASS" start="2025-04-12T14:58:44.689304" elapsed="1.274961"/>
</kw>
<kw name="Input Text" owner="SeleniumLibrary">
<msg time="2025-04-12T14:58:45.964708" level="INFO">Typing text 'solitaire' into text field '//input[@placeholder='Search for games']'.</msg>
<arg>//input[@placeholder='Search for games']</arg>
<arg>${game}</arg>
<doc>Types the given ``text`` into the text field identified by ``locator``.</doc>
<status status="PASS" start="2025-04-12T14:58:45.964460" elapsed="0.204092"/>
</kw>
<kw name="Press Keys" owner="SeleniumLibrary">
<msg time="2025-04-12T14:58:46.169922" level="INFO">Sending key(s) ('ENTER',) to //input[@placeholder='Search for games'] element.</msg>
<msg time="2025-04-12T14:58:46.735748" level="INFO">Pressing special key ENTER to element.</msg>
<msg time="2025-04-12T14:58:46.735883" level="INFO">Releasing special key ENTER.</msg>
<arg>//input[@placeholder='Search for games']</arg>
<arg>ENTER</arg>
<doc>Simulates the user pressing key(s) to an element or on the active browser.</doc>
<status status="PASS" start="2025-04-12T14:58:46.169452" elapsed="0.614898"/>
</kw>
<doc>This iwll perform the search on the Homepage</doc>
<status status="PASS" start="2025-04-12T14:58:44.688864" elapsed="2.096674"/>
</kw>
<kw name="Verify that the game appears in the search results">
<kw name="Sleep" owner="BuiltIn">
<msg time="2025-04-12T14:58:50.790298" level="INFO">Slept 4 seconds.</msg>
<arg>4s</arg>
<doc>Pauses the test executed for the given time.</doc>
<status status="PASS" start="2025-04-12T14:58:46.787562" elapsed="4.003761"/>
</kw>
<kw name="Wait Until Keyword Succeeds" owner="BuiltIn">
<kw name="Scroll Element Into View" owner="SeleniumLibrary">
<arg>//a[normalize-space()='Home']</arg>
<doc>Scrolls the element identified by ``locator`` into view.</doc>
<status status="PASS" start="2025-04-12T14:58:50.791925" elapsed="0.323475"/>
</kw>
<arg>10s</arg>
<arg>5</arg>
<arg>Scroll Element Into View</arg>
<arg>//a[normalize-space()='Home']</arg>
<doc>Runs the specified keyword and retries if it fails.</doc>
<status status="PASS" start="2025-04-12T14:58:50.791625" elapsed="0.324022"/>
</kw>
<kw name="Get WebElements" owner="SeleniumLibrary">
<msg time="2025-04-12T14:58:51.124324" level="INFO">${element_1} = [&lt;selenium.webdriver.remote.webelement.WebElement (session="a0ff468763e8fca162ec7b6895709d55", element="f.92F986FB65E06B9DEDAC05DEA6A27D0A.d.0DC1212711BC96D5400DAC3C6EACEF67.e.4680")&gt;, &lt;selenium.webdr...</msg>
<var>${element_1}</var>
<arg>//a[@class='link__2M5Vp gameName__31gZM']</arg>
<doc>Returns a list of WebElement objects matching the ``locator``.</doc>
<status status="PASS" start="2025-04-12T14:58:51.115889" elapsed="0.008493"/>
</kw>
<kw name="Get WebElements" owner="SeleniumLibrary">
<msg time="2025-04-12T14:58:51.132975" level="INFO">${elements2} = [&lt;selenium.webdriver.remote.webelement.WebElement (session="a0ff468763e8fca162ec7b6895709d55", element="f.92F986FB65E06B9DEDAC05DEA6A27D0A.d.0DC1212711BC96D5400DAC3C6EACEF67.e.4681")&gt;, &lt;selenium.webdr...</msg>
<var>${elements2}</var>
<arg>//span[@class='categoryLabel__exxVq']</arg>
<doc>Returns a list of WebElement objects matching the ``locator``.</doc>
<status status="PASS" start="2025-04-12T14:58:51.124563" elapsed="0.008470"/>
</kw>
<kw name="Get Element Count" owner="SeleniumLibrary">
<msg time="2025-04-12T14:58:51.138837" level="INFO">${count} = 12</msg>
<var>${count}</var>
<arg>//a[@class='link__2M5Vp gameName__31gZM']</arg>
<doc>Returns the number of elements matching ``locator``.</doc>
<status status="PASS" start="2025-04-12T14:58:51.133238" elapsed="0.005652"/>
</kw>
<kw name="Log To Console" owner="BuiltIn">
<arg>The total found result is: ${count}</arg>
<doc>Logs the given message to the console.</doc>
<status status="PASS" start="2025-04-12T14:58:51.139075" elapsed="0.000238"/>
</kw>
<for flavor="IN">
<iter>
<kw name="Get Text" owner="SeleniumLibrary">
<msg time="2025-04-12T14:58:51.159876" level="INFO">${text} = Snowbird Solitaire</msg>
<var>${text}</var>
<arg>${el}</arg>
<doc>Returns the text value of the element identified by ``locator``.</doc>
<status status="PASS" start="2025-04-12T14:58:51.139721" elapsed="0.020284"/>
</kw>
<kw name="Convert To Lower Case" owner="String">
<msg time="2025-04-12T14:58:51.162753" level="INFO">${lower_text} = snowbird solitaire</msg>
<var>${lower_text}</var>
<arg>${text}</arg>
<doc>Converts string to lower case.</doc>
<status status="PASS" start="2025-04-12T14:58:51.160738" elapsed="0.002174"/>
</kw>
<kw name="Append To List" owner="Collections">
<arg>${game_texts}</arg>
<arg>${lower_text}</arg>
<doc>Adds ``values`` to the end of ``list``.</doc>
<status status="PASS" start="2025-04-12T14:58:51.163707" elapsed="0.000297"/>
</kw>
<var name="${el}">&lt;selenium.webdriver.remote.webelement.WebElement (session="a0ff468763e8fca162ec7b6895709d55", element="f.92F986FB65E06B9DEDAC05DEA6A27D0A.d.0DC1212711BC96D5400DAC3C6EACEF67.e.4680")&gt;</var>
<status status="PASS" start="2025-04-12T14:58:51.139607" elapsed="0.024902"/>
</iter>
<iter>
<kw name="Get Text" owner="SeleniumLibrary">
<msg time="2025-04-12T14:58:51.171074" level="INFO">${text} = Jet Set Solitaire</msg>
<var>${text}</var>
<arg>${el}</arg>
<doc>Returns the text value of the element identified by ``locator``.</doc>
<status status="PASS" start="2025-04-12T14:58:51.165159" elapsed="0.005964"/>
</kw>
<kw name="Convert To Lower Case" owner="String">
<msg time="2025-04-12T14:58:51.171501" level="INFO">${lower_text} = jet set solitaire</msg>
<var>${lower_text}</var>
<arg>${text}</arg>
<doc>Converts string to lower case.</doc>
<status status="PASS" start="2025-04-12T14:58:51.171304" elapsed="0.000225"/>
</kw>
<kw name="Append To List" owner="Collections">
<arg>${game_texts}</arg>
<arg>${lower_text}</arg>
<doc>Adds ``values`` to the end of ``list``.</doc>
<status status="PASS" start="2025-04-12T14:58:51.171639" elapsed="0.000164"/>
</kw>
<var name="${el}">&lt;selenium.webdriver.remote.webelement.WebElement (session="a0ff468763e8fca162ec7b6895709d55", element="f.92F986FB65E06B9DEDAC05DEA6A27D0A.d.0DC1212711BC96D5400DAC3C6EACEF67.e.4663")&gt;</var>
<status status="PASS" start="2025-04-12T14:58:51.165029" elapsed="0.006822"/>
</iter>
<iter>
<kw name="Get Text" owner="SeleniumLibrary">
<msg time="2025-04-12T14:58:51.177681" level="INFO">${text} = Solitaire Home Story</msg>
<var>${text}</var>
<arg>${el}</arg>
<doc>Returns the text value of the element identified by ``locator``.</doc>
<status status="PASS" start="2025-04-12T14:58:51.172075" elapsed="0.005651"/>
</kw>
<kw name="Convert To Lower Case" owner="String">
<msg time="2025-04-12T14:58:51.178084" level="INFO">${lower_text} = solitaire home story</msg>
<var>${lower_text}</var>
<arg>${text}</arg>
<doc>Converts string to lower case.</doc>
<status status="PASS" start="2025-04-12T14:58:51.177899" elapsed="0.000212"/>
</kw>
<kw name="Append To List" owner="Collections">
<arg>${game_texts}</arg>
<arg>${lower_text}</arg>
<doc>Adds ``values`` to the end of ``list``.</doc>
<status status="PASS" start="2025-04-12T14:58:51.178219" elapsed="0.000258"/>
</kw>
<var name="${el}">&lt;selenium.webdriver.remote.webelement.WebElement (session="a0ff468763e8fca162ec7b6895709d55", element="f.92F986FB65E06B9DEDAC05DEA6A27D0A.d.0DC1212711BC96D5400DAC3C6EACEF67.e.4629")&gt;</var>
<status status="PASS" start="2025-04-12T14:58:51.171974" elapsed="0.006826"/>
</iter>
<iter>
<kw name="Get Text" owner="SeleniumLibrary">
<msg time="2025-04-12T14:58:51.185300" level="INFO">${text} = Tri-Peaks Solitaire HD</msg>
<var>${text}</var>
<arg>${el}</arg>
<doc>Returns the text value of the element identified by ``locator``.</doc>
<status status="PASS" start="2025-04-12T14:58:51.179442" elapsed="0.005909"/>
</kw>
<kw name="Convert To Lower Case" owner="String">
<msg time="2025-04-12T14:58:51.186051" level="INFO">${lower_text} = tri-peaks solitaire hd</msg>
<var>${lower_text}</var>
<arg>${text}</arg>
<doc>Converts string to lower case.</doc>
<status status="PASS" start="2025-04-12T14:58:51.185575" elapsed="0.000512"/>
</kw>
<kw name="Append To List" owner="Collections">
<arg>${game_texts}</arg>
<arg>${lower_text}</arg>
<doc>Adds ``values`` to the end of ``list``.</doc>
<status status="PASS" start="2025-04-12T14:58:51.186221" elapsed="0.000172"/>
</kw>
<var name="${el}">&lt;selenium.webdriver.remote.webelement.WebElement (session="a0ff468763e8fca162ec7b6895709d55", element="f.92F986FB65E06B9DEDAC05DEA6A27D0A.d.0DC1212711BC96D5400DAC3C6EACEF67.e.4577")&gt;</var>
<status status="PASS" start="2025-04-12T14:58:51.179131" elapsed="0.007313"/>
</iter>
<iter>
<kw name="Get Text" owner="SeleniumLibrary">
<msg time="2025-04-12T14:58:51.192357" level="INFO">${text} = First Class Solitaire HD</msg>
<var>${text}</var>
<arg>${el}</arg>
<doc>Returns the text value of the element identified by ``locator``.</doc>
<status status="PASS" start="2025-04-12T14:58:51.186664" elapsed="0.005744"/>
</kw>
<kw name="Convert To Lower Case" owner="String">
<msg time="2025-04-12T14:58:51.192781" level="INFO">${lower_text} = first class solitaire hd</msg>
<var>${lower_text}</var>
<arg>${text}</arg>
<doc>Converts string to lower case.</doc>
<status status="PASS" start="2025-04-12T14:58:51.192580" elapsed="0.000229"/>
</kw>
<kw name="Append To List" owner="Collections">
<arg>${game_texts}</arg>
<arg>${lower_text}</arg>
<doc>Adds ``values`` to the end of ``list``.</doc>
<status status="PASS" start="2025-04-12T14:58:51.192919" elapsed="0.000288"/>
</kw>
<var name="${el}">&lt;selenium.webdriver.remote.webelement.WebElement (session="a0ff468763e8fca162ec7b6895709d55", element="f.92F986FB65E06B9DEDAC05DEA6A27D0A.d.0DC1212711BC96D5400DAC3C6EACEF67.e.4612")&gt;</var>
<status status="PASS" start="2025-04-12T14:58:51.186564" elapsed="0.006701"/>
</iter>
<iter>
<kw name="Get Text" owner="SeleniumLibrary">
<msg time="2025-04-12T14:58:51.199975" level="INFO">${text} = Pogo™ Addiction Solitaire HD</msg>
<var>${text}</var>
<arg>${el}</arg>
<doc>Returns the text value of the element identified by ``locator``.</doc>
<status status="PASS" start="2025-04-12T14:58:51.193489" elapsed="0.006590"/>
</kw>
<kw name="Convert To Lower Case" owner="String">
<msg time="2025-04-12T14:58:51.200485" level="INFO">${lower_text} = pogo™ addiction solitaire hd</msg>
<var>${lower_text}</var>
<arg>${text}</arg>
<doc>Converts string to lower case.</doc>
<status status="PASS" start="2025-04-12T14:58:51.200270" elapsed="0.000246"/>
</kw>
<kw name="Append To List" owner="Collections">
<arg>${game_texts}</arg>
<arg>${lower_text}</arg>
<doc>Adds ``values`` to the end of ``list``.</doc>
<status status="PASS" start="2025-04-12T14:58:51.200634" elapsed="0.000165"/>
</kw>
<var name="${el}">&lt;selenium.webdriver.remote.webelement.WebElement (session="a0ff468763e8fca162ec7b6895709d55", element="f.92F986FB65E06B9DEDAC05DEA6A27D0A.d.0DC1212711BC96D5400DAC3C6EACEF67.e.4559")&gt;</var>
<status status="PASS" start="2025-04-12T14:58:51.193386" elapsed="0.007462"/>
</iter>
<iter>
<kw name="Get Text" owner="SeleniumLibrary">
<msg time="2025-04-12T14:58:51.206454" level="INFO">${text} = Rainy Day Spider Solitaire HD</msg>
<var>${text}</var>
<arg>${el}</arg>
<doc>Returns the text value of the element identified by ``locator``.</doc>
<status status="PASS" start="2025-04-12T14:58:51.201061" elapsed="0.005437"/>
</kw>
<kw name="Convert To Lower Case" owner="String">
<msg time="2025-04-12T14:58:51.206846" level="INFO">${lower_text} = rainy day spider solitaire hd</msg>
<var>${lower_text}</var>
<arg>${text}</arg>
<doc>Converts string to lower case.</doc>
<status status="PASS" start="2025-04-12T14:58:51.206657" elapsed="0.000218"/>
</kw>
<kw name="Append To List" owner="Collections">
<arg>${game_texts}</arg>
<arg>${lower_text}</arg>
<doc>Adds ``values`` to the end of ``list``.</doc>
<status status="PASS" start="2025-04-12T14:58:51.206991" elapsed="0.000157"/>
</kw>
<var name="${el}">&lt;selenium.webdriver.remote.webelement.WebElement (session="a0ff468763e8fca162ec7b6895709d55", element="f.92F986FB65E06B9DEDAC05DEA6A27D0A.d.0DC1212711BC96D5400DAC3C6EACEF67.e.4541")&gt;</var>
<status status="PASS" start="2025-04-12T14:58:51.200964" elapsed="0.006233"/>
</iter>
<iter>
<kw name="Get Text" owner="SeleniumLibrary">
<msg time="2025-04-12T14:58:51.212620" level="INFO">${text} = Solitaire Blitz</msg>
<var>${text}</var>
<arg>${el}</arg>
<doc>Returns the text value of the element identified by ``locator``.</doc>
<status status="PASS" start="2025-04-12T14:58:51.207403" elapsed="0.005256"/>
</kw>
<kw name="Convert To Lower Case" owner="String">
<msg time="2025-04-12T14:58:51.212974" level="INFO">${lower_text} = solitaire blitz</msg>
<var>${lower_text}</var>
<arg>${text}</arg>
<doc>Converts string to lower case.</doc>
<status status="PASS" start="2025-04-12T14:58:51.212803" elapsed="0.000198"/>
</kw>
<kw name="Append To List" owner="Collections">
<arg>${game_texts}</arg>
<arg>${lower_text}</arg>
<doc>Adds ``values`` to the end of ``list``.</doc>
<status status="PASS" start="2025-04-12T14:58:51.213107" elapsed="0.000158"/>
</kw>
<var name="${el}">&lt;selenium.webdriver.remote.webelement.WebElement (session="a0ff468763e8fca162ec7b6895709d55", element="f.92F986FB65E06B9DEDAC05DEA6A27D0A.d.0DC1212711BC96D5400DAC3C6EACEF67.e.4646")&gt;</var>
<status status="PASS" start="2025-04-12T14:58:51.207309" elapsed="0.006002"/>
</iter>
<iter>
<kw name="Get Text" owner="SeleniumLibrary">
<msg time="2025-04-12T14:58:51.219255" level="INFO">${text} = World Class Solitaire HD</msg>
<var>${text}</var>
<arg>${el}</arg>
<doc>Returns the text value of the element identified by ``locator``.</doc>
<status status="PASS" start="2025-04-12T14:58:51.213511" elapsed="0.005789"/>
</kw>
<kw name="Convert To Lower Case" owner="String">
<msg time="2025-04-12T14:58:51.219660" level="INFO">${lower_text} = world class solitaire hd</msg>
<var>${lower_text}</var>
<arg>${text}</arg>
<doc>Converts string to lower case.</doc>
<status status="PASS" start="2025-04-12T14:58:51.219475" elapsed="0.000211"/>
</kw>
<kw name="Append To List" owner="Collections">
<arg>${game_texts}</arg>
<arg>${lower_text}</arg>
<doc>Adds ``values`` to the end of ``list``.</doc>
<status status="PASS" start="2025-04-12T14:58:51.219792" elapsed="0.000153"/>
</kw>
<var name="${el}">&lt;selenium.webdriver.remote.webelement.WebElement (session="a0ff468763e8fca162ec7b6895709d55", element="f.92F986FB65E06B9DEDAC05DEA6A27D0A.d.0DC1212711BC96D5400DAC3C6EACEF67.e.4595")&gt;</var>
<status status="PASS" start="2025-04-12T14:58:51.213422" elapsed="0.006568"/>
</iter>
<iter>
<kw name="Get Text" owner="SeleniumLibrary">
<msg time="2025-04-12T14:58:51.225915" level="INFO">${text} = Thousand Island Solitaire HD</msg>
<var>${text}</var>
<arg>${el}</arg>
<doc>Returns the text value of the element identified by ``locator``.</doc>
<status status="PASS" start="2025-04-12T14:58:51.220196" elapsed="0.005767"/>
</kw>
<kw name="Convert To Lower Case" owner="String">
<msg time="2025-04-12T14:58:51.226333" level="INFO">${lower_text} = thousand island solitaire hd</msg>
<var>${lower_text}</var>
<arg>${text}</arg>
<doc>Converts string to lower case.</doc>
<status status="PASS" start="2025-04-12T14:58:51.226137" elapsed="0.000225"/>
</kw>
<kw name="Append To List" owner="Collections">
<arg>${game_texts}</arg>
<arg>${lower_text}</arg>
<doc>Adds ``values`` to the end of ``list``.</doc>
<status status="PASS" start="2025-04-12T14:58:51.226472" elapsed="0.000158"/>
</kw>
<var name="${el}">&lt;selenium.webdriver.remote.webelement.WebElement (session="a0ff468763e8fca162ec7b6895709d55", element="f.92F986FB65E06B9DEDAC05DEA6A27D0A.d.0DC1212711BC96D5400DAC3C6EACEF67.e.5058")&gt;</var>
<status status="PASS" start="2025-04-12T14:58:51.220103" elapsed="0.006573"/>
</iter>
<iter>
<kw name="Get Text" owner="SeleniumLibrary">
<msg time="2025-04-12T14:58:51.231971" level="INFO">${text} = Aces Up! HD</msg>
<var>${text}</var>
<arg>${el}</arg>
<doc>Returns the text value of the element identified by ``locator``.</doc>
<status status="PASS" start="2025-04-12T14:58:51.226885" elapsed="0.005130"/>
</kw>
<kw name="Convert To Lower Case" owner="String">
<msg time="2025-04-12T14:58:51.232463" level="INFO">${lower_text} = aces up! hd</msg>
<var>${lower_text}</var>
<arg>${text}</arg>
<doc>Converts string to lower case.</doc>
<status status="PASS" start="2025-04-12T14:58:51.232225" elapsed="0.000278"/>
</kw>
<kw name="Append To List" owner="Collections">
<arg>${game_texts}</arg>
<arg>${lower_text}</arg>
<doc>Adds ``values`` to the end of ``list``.</doc>
<status status="PASS" start="2025-04-12T14:58:51.232683" elapsed="0.000175"/>
</kw>
<var name="${el}">&lt;selenium.webdriver.remote.webelement.WebElement (session="a0ff468763e8fca162ec7b6895709d55", element="f.92F986FB65E06B9DEDAC05DEA6A27D0A.d.0DC1212711BC96D5400DAC3C6EACEF67.e.5040")&gt;</var>
<status status="PASS" start="2025-04-12T14:58:51.226792" elapsed="0.006118"/>
</iter>
<iter>
<kw name="Get Text" owner="SeleniumLibrary">
<msg time="2025-04-12T14:58:51.238379" level="INFO">${text} = Payday Freecell HD</msg>
<var>${text}</var>
<arg>${el}</arg>
<doc>Returns the text value of the element identified by ``locator``.</doc>
<status status="PASS" start="2025-04-12T14:58:51.233126" elapsed="0.005293"/>
</kw>
<kw name="Convert To Lower Case" owner="String">
<msg time="2025-04-12T14:58:51.238745" level="INFO">${lower_text} = payday freecell hd</msg>
<var>${lower_text}</var>
<arg>${text}</arg>
<doc>Converts string to lower case.</doc>
<status status="PASS" start="2025-04-12T14:58:51.238570" elapsed="0.000203"/>
</kw>
<kw name="Append To List" owner="Collections">
<arg>${game_texts}</arg>
<arg>${lower_text}</arg>
<doc>Adds ``values`` to the end of ``list``.</doc>
<status status="PASS" start="2025-04-12T14:58:51.238885" elapsed="0.000159"/>
</kw>
<var name="${el}">&lt;selenium.webdriver.remote.webelement.WebElement (session="a0ff468763e8fca162ec7b6895709d55", element="f.92F986FB65E06B9DEDAC05DEA6A27D0A.d.0DC1212711BC96D5400DAC3C6EACEF67.e.5022")&gt;</var>
<status status="PASS" start="2025-04-12T14:58:51.233028" elapsed="0.006064"/>
</iter>
<var>${el}</var>
<value>@{element_1}</value>
<status status="PASS" start="2025-04-12T14:58:51.139418" elapsed="0.099721"/>
</for>
<kw name="Log To Console" owner="BuiltIn">
<arg>${game_texts}</arg>
<doc>Logs the given message to the console.</doc>
<status status="PASS" start="2025-04-12T14:58:51.239325" elapsed="0.000187"/>
</kw>
<for flavor="IN">
<iter>
<kw name="Get Text" owner="SeleniumLibrary">
<msg time="2025-04-12T14:58:51.248763" level="INFO">${text} = SOLITAIRE</msg>
<var>${text}</var>
<arg>${el_2}</arg>
<doc>Returns the text value of the element identified by ``locator``.</doc>
<status status="PASS" start="2025-04-12T14:58:51.239816" elapsed="0.008996"/>
</kw>
<kw name="Convert To Lower Case" owner="String">
<msg time="2025-04-12T14:58:51.249196" level="INFO">${lower_text} = solitaire</msg>
<var>${lower_text}</var>
<arg>${text}</arg>
<doc>Converts string to lower case.</doc>
<status status="PASS" start="2025-04-12T14:58:51.249004" elapsed="0.000220"/>
</kw>
<kw name="Append To List" owner="Collections">
<arg>${game_texts_2}</arg>
<arg>${lower_text}</arg>
<doc>Adds ``values`` to the end of ``list``.</doc>
<status status="PASS" start="2025-04-12T14:58:51.249334" elapsed="0.000156"/>
</kw>
<var name="${el_2}">&lt;selenium.webdriver.remote.webelement.WebElement (session="a0ff468763e8fca162ec7b6895709d55", element="f.92F986FB65E06B9DEDAC05DEA6A27D0A.d.0DC1212711BC96D5400DAC3C6EACEF67.e.4681")&gt;</var>
<status status="PASS" start="2025-04-12T14:58:51.239723" elapsed="0.009814"/>
</iter>
<iter>
<kw name="Get Text" owner="SeleniumLibrary">
<msg time="2025-04-12T14:58:51.255339" level="INFO">${text} = CARD</msg>
<var>${text}</var>
<arg>${el_2}</arg>
<doc>Returns the text value of the element identified by ``locator``.</doc>
<status status="PASS" start="2025-04-12T14:58:51.249749" elapsed="0.005633"/>
</kw>
<kw name="Convert To Lower Case" owner="String">
<msg time="2025-04-12T14:58:51.255737" level="INFO">${lower_text} = card</msg>
<var>${lower_text}</var>
<arg>${text}</arg>
<doc>Converts string to lower case.</doc>
<status status="PASS" start="2025-04-12T14:58:51.255550" elapsed="0.000213"/>
</kw>
<kw name="Append To List" owner="Collections">
<arg>${game_texts_2}</arg>
<arg>${lower_text}</arg>
<doc>Adds ``values`` to the end of ``list``.</doc>
<status status="PASS" start="2025-04-12T14:58:51.255869" elapsed="0.000151"/>
</kw>
<var name="${el_2}">&lt;selenium.webdriver.remote.webelement.WebElement (session="a0ff468763e8fca162ec7b6895709d55", element="f.92F986FB65E06B9DEDAC05DEA6A27D0A.d.0DC1212711BC96D5400DAC3C6EACEF67.e.4664")&gt;</var>
<status status="PASS" start="2025-04-12T14:58:51.249657" elapsed="0.006408"/>
</iter>
<iter>
<kw name="Get Text" owner="SeleniumLibrary">
<msg time="2025-04-12T14:58:51.262363" level="INFO">${text} = SOLITAIRE</msg>
<var>${text}</var>
<arg>${el_2}</arg>
<doc>Returns the text value of the element identified by ``locator``.</doc>
<status status="PASS" start="2025-04-12T14:58:51.256262" elapsed="0.006148"/>
</kw>
<kw name="Convert To Lower Case" owner="String">
<msg time="2025-04-12T14:58:51.262775" level="INFO">${lower_text} = solitaire</msg>
<var>${lower_text}</var>
<arg>${text}</arg>
<doc>Converts string to lower case.</doc>
<status status="PASS" start="2025-04-12T14:58:51.262585" elapsed="0.000218"/>
</kw>
<kw name="Append To List" owner="Collections">
<arg>${game_texts_2}</arg>
<arg>${lower_text}</arg>
<doc>Adds ``values`` to the end of ``list``.</doc>
<status status="PASS" start="2025-04-12T14:58:51.262909" elapsed="0.000158"/>
</kw>
<var name="${el_2}">&lt;selenium.webdriver.remote.webelement.WebElement (session="a0ff468763e8fca162ec7b6895709d55", element="f.92F986FB65E06B9DEDAC05DEA6A27D0A.d.0DC1212711BC96D5400DAC3C6EACEF67.e.4630")&gt;</var>
<status status="PASS" start="2025-04-12T14:58:51.256174" elapsed="0.006941"/>
</iter>
<iter>
<kw name="Get Text" owner="SeleniumLibrary">
<msg time="2025-04-12T14:58:51.269396" level="INFO">${text} = SOLITAIRE</msg>
<var>${text}</var>
<arg>${el_2}</arg>
<doc>Returns the text value of the element identified by ``locator``.</doc>
<status status="PASS" start="2025-04-12T14:58:51.263335" elapsed="0.006104"/>
</kw>
<kw name="Convert To Lower Case" owner="String">
<msg time="2025-04-12T14:58:51.269777" level="INFO">${lower_text} = solitaire</msg>
<var>${lower_text}</var>
<arg>${text}</arg>
<doc>Converts string to lower case.</doc>
<status status="PASS" start="2025-04-12T14:58:51.269603" elapsed="0.000200"/>
</kw>
<kw name="Append To List" owner="Collections">
<arg>${game_texts_2}</arg>
<arg>${lower_text}</arg>
<doc>Adds ``values`` to the end of ``list``.</doc>
<status status="PASS" start="2025-04-12T14:58:51.269905" elapsed="0.000151"/>
</kw>
<var name="${el_2}">&lt;selenium.webdriver.remote.webelement.WebElement (session="a0ff468763e8fca162ec7b6895709d55", element="f.92F986FB65E06B9DEDAC05DEA6A27D0A.d.0DC1212711BC96D5400DAC3C6EACEF67.e.4578")&gt;</var>
<status status="PASS" start="2025-04-12T14:58:51.263239" elapsed="0.006862"/>
</iter>
<iter>
<kw name="Get Text" owner="SeleniumLibrary">
<msg time="2025-04-12T14:58:51.288036" level="INFO">${text} = SOLITAIRE</msg>
<var>${text}</var>
<arg>${el_2}</arg>
<doc>Returns the text value of the element identified by ``locator``.</doc>
<status status="PASS" start="2025-04-12T14:58:51.270299" elapsed="0.017789"/>
</kw>
<kw name="Convert To Lower Case" owner="String">
<msg time="2025-04-12T14:58:51.288580" level="INFO">${lower_text} = solitaire</msg>
<var>${lower_text}</var>
<arg>${text}</arg>
<doc>Converts string to lower case.</doc>
<status status="PASS" start="2025-04-12T14:58:51.288306" elapsed="0.000304"/>
</kw>
<kw name="Append To List" owner="Collections">
<arg>${game_texts_2}</arg>
<arg>${lower_text}</arg>
<doc>Adds ``values`` to the end of ``list``.</doc>
<status status="PASS" start="2025-04-12T14:58:51.288737" elapsed="0.000172"/>
</kw>
<var name="${el_2}">&lt;selenium.webdriver.remote.webelement.WebElement (session="a0ff468763e8fca162ec7b6895709d55", element="f.92F986FB65E06B9DEDAC05DEA6A27D0A.d.0DC1212711BC96D5400DAC3C6EACEF67.e.4613")&gt;</var>
<status status="PASS" start="2025-04-12T14:58:51.270209" elapsed="0.018750"/>
</iter>
<iter>
<kw name="Get Text" owner="SeleniumLibrary">
<msg time="2025-04-12T14:58:51.296794" level="INFO">${text} = SOLITAIRE</msg>
<var>${text}</var>
<arg>${el_2}</arg>
<doc>Returns the text value of the element identified by ``locator``.</doc>
<status status="PASS" start="2025-04-12T14:58:51.289249" elapsed="0.007592"/>
</kw>
<kw name="Convert To Lower Case" owner="String">
<msg time="2025-04-12T14:58:51.297219" level="INFO">${lower_text} = solitaire</msg>
<var>${lower_text}</var>
<arg>${text}</arg>
<doc>Converts string to lower case.</doc>
<status status="PASS" start="2025-04-12T14:58:51.297018" elapsed="0.000230"/>
</kw>
<kw name="Append To List" owner="Collections">
<arg>${game_texts_2}</arg>
<arg>${lower_text}</arg>
<doc>Adds ``values`` to the end of ``list``.</doc>
<status status="PASS" start="2025-04-12T14:58:51.297362" elapsed="0.000162"/>
</kw>
<var name="${el_2}">&lt;selenium.webdriver.remote.webelement.WebElement (session="a0ff468763e8fca162ec7b6895709d55", element="f.92F986FB65E06B9DEDAC05DEA6A27D0A.d.0DC1212711BC96D5400DAC3C6EACEF67.e.4560")&gt;</var>
<status status="PASS" start="2025-04-12T14:58:51.289121" elapsed="0.008451"/>
</iter>
<iter>
<kw name="Get Text" owner="SeleniumLibrary">
<msg time="2025-04-12T14:58:51.303582" level="INFO">${text} = SOLITAIRE</msg>
<var>${text}</var>
<arg>${el_2}</arg>
<doc>Returns the text value of the element identified by ``locator``.</doc>
<status status="PASS" start="2025-04-12T14:58:51.297785" elapsed="0.005844"/>
</kw>
<kw name="Convert To Lower Case" owner="String">
<msg time="2025-04-12T14:58:51.303997" level="INFO">${lower_text} = solitaire</msg>
<var>${lower_text}</var>
<arg>${text}</arg>
<doc>Converts string to lower case.</doc>
<status status="PASS" start="2025-04-12T14:58:51.303808" elapsed="0.000216"/>
</kw>
<kw name="Append To List" owner="Collections">
<arg>${game_texts_2}</arg>
<arg>${lower_text}</arg>
<doc>Adds ``values`` to the end of ``list``.</doc>
<status status="PASS" start="2025-04-12T14:58:51.304133" elapsed="0.000155"/>
</kw>
<var name="${el_2}">&lt;selenium.webdriver.remote.webelement.WebElement (session="a0ff468763e8fca162ec7b6895709d55", element="f.92F986FB65E06B9DEDAC05DEA6A27D0A.d.0DC1212711BC96D5400DAC3C6EACEF67.e.4542")&gt;</var>
<status status="PASS" start="2025-04-12T14:58:51.297688" elapsed="0.006647"/>
</iter>
<iter>
<kw name="Get Text" owner="SeleniumLibrary">
<msg time="2025-04-12T14:58:51.310426" level="INFO">${text} = SOLITAIRE</msg>
<var>${text}</var>
<arg>${el_2}</arg>
<doc>Returns the text value of the element identified by ``locator``.</doc>
<status status="PASS" start="2025-04-12T14:58:51.304598" elapsed="0.005876"/>
</kw>
<kw name="Convert To Lower Case" owner="String">
<msg time="2025-04-12T14:58:51.310843" level="INFO">${lower_text} = solitaire</msg>
<var>${lower_text}</var>
<arg>${text}</arg>
<doc>Converts string to lower case.</doc>
<status status="PASS" start="2025-04-12T14:58:51.310652" elapsed="0.000217"/>
</kw>
<kw name="Append To List" owner="Collections">
<arg>${game_texts_2}</arg>
<arg>${lower_text}</arg>
<doc>Adds ``values`` to the end of ``list``.</doc>
<status status="PASS" start="2025-04-12T14:58:51.310979" elapsed="0.000155"/>
</kw>
<var name="${el_2}">&lt;selenium.webdriver.remote.webelement.WebElement (session="a0ff468763e8fca162ec7b6895709d55", element="f.92F986FB65E06B9DEDAC05DEA6A27D0A.d.0DC1212711BC96D5400DAC3C6EACEF67.e.4647")&gt;</var>
<status status="PASS" start="2025-04-12T14:58:51.304501" elapsed="0.006680"/>
</iter>
<iter>
<kw name="Get Text" owner="SeleniumLibrary">
<msg time="2025-04-12T14:58:51.316790" level="INFO">${text} = SOLITAIRE</msg>
<var>${text}</var>
<arg>${el_2}</arg>
<doc>Returns the text value of the element identified by ``locator``.</doc>
<status status="PASS" start="2025-04-12T14:58:51.311389" elapsed="0.005450"/>
</kw>
<kw name="Convert To Lower Case" owner="String">
<msg time="2025-04-12T14:58:51.317210" level="INFO">${lower_text} = solitaire</msg>
<var>${lower_text}</var>
<arg>${text}</arg>
<doc>Converts string to lower case.</doc>
<status status="PASS" start="2025-04-12T14:58:51.317017" elapsed="0.000226"/>
</kw>
<kw name="Append To List" owner="Collections">
<arg>${game_texts_2}</arg>
<arg>${lower_text}</arg>
<doc>Adds ``values`` to the end of ``list``.</doc>
<status status="PASS" start="2025-04-12T14:58:51.317357" elapsed="0.000159"/>
</kw>
<var name="${el_2}">&lt;selenium.webdriver.remote.webelement.WebElement (session="a0ff468763e8fca162ec7b6895709d55", element="f.92F986FB65E06B9DEDAC05DEA6A27D0A.d.0DC1212711BC96D5400DAC3C6EACEF67.e.4596")&gt;</var>
<status status="PASS" start="2025-04-12T14:58:51.311296" elapsed="0.006268"/>
</iter>
<iter>
<kw name="Get Text" owner="SeleniumLibrary">
<msg time="2025-04-12T14:58:51.323110" level="INFO">${text} = SOLITAIRE</msg>
<var>${text}</var>
<arg>${el_2}</arg>
<doc>Returns the text value of the element identified by ``locator``.</doc>
<status status="PASS" start="2025-04-12T14:58:51.317773" elapsed="0.005390"/>
</kw>
<kw name="Convert To Lower Case" owner="String">
<msg time="2025-04-12T14:58:51.325014" level="INFO">${lower_text} = solitaire</msg>
<var>${lower_text}</var>
<arg>${text}</arg>
<doc>Converts string to lower case.</doc>
<status status="PASS" start="2025-04-12T14:58:51.324456" elapsed="0.000713"/>
</kw>
<kw name="Append To List" owner="Collections">
<arg>${game_texts_2}</arg>
<arg>${lower_text}</arg>
<doc>Adds ``values`` to the end of ``list``.</doc>
<status status="PASS" start="2025-04-12T14:58:51.325759" elapsed="0.000236"/>
</kw>
<var name="${el_2}">&lt;selenium.webdriver.remote.webelement.WebElement (session="a0ff468763e8fca162ec7b6895709d55", element="f.92F986FB65E06B9DEDAC05DEA6A27D0A.d.0DC1212711BC96D5400DAC3C6EACEF67.e.5059")&gt;</var>
<status status="PASS" start="2025-04-12T14:58:51.317678" elapsed="0.008382"/>
</iter>
<iter>
<kw name="Get Text" owner="SeleniumLibrary">
<msg time="2025-04-12T14:58:51.332010" level="INFO">${text} = SOLITAIRE</msg>
<var>${text}</var>
<arg>${el_2}</arg>
<doc>Returns the text value of the element identified by ``locator``.</doc>
<status status="PASS" start="2025-04-12T14:58:51.326299" elapsed="0.005836"/>
</kw>
<kw name="Convert To Lower Case" owner="String">
<msg time="2025-04-12T14:58:51.333284" level="INFO">${lower_text} = solitaire</msg>
<var>${lower_text}</var>
<arg>${text}</arg>
<doc>Converts string to lower case.</doc>
<status status="PASS" start="2025-04-12T14:58:51.332650" elapsed="0.000674"/>
</kw>
<kw name="Append To List" owner="Collections">
<arg>${game_texts_2}</arg>
<arg>${lower_text}</arg>
<doc>Adds ``values`` to the end of ``list``.</doc>
<status status="PASS" start="2025-04-12T14:58:51.333484" elapsed="0.000191"/>
</kw>
<var name="${el_2}">&lt;selenium.webdriver.remote.webelement.WebElement (session="a0ff468763e8fca162ec7b6895709d55", element="f.92F986FB65E06B9DEDAC05DEA6A27D0A.d.0DC1212711BC96D5400DAC3C6EACEF67.e.5041")&gt;</var>
<status status="PASS" start="2025-04-12T14:58:51.326190" elapsed="0.007535"/>
</iter>
<iter>
<kw name="Get Text" owner="SeleniumLibrary">
<msg time="2025-04-12T14:58:51.339234" level="INFO">${text} = SOLITAIRE</msg>
<var>${text}</var>
<arg>${el_2}</arg>
<doc>Returns the text value of the element identified by ``locator``.</doc>
<status status="PASS" start="2025-04-12T14:58:51.333942" elapsed="0.005330"/>
</kw>
<kw name="Convert To Lower Case" owner="String">
<msg time="2025-04-12T14:58:51.339586" level="INFO">${lower_text} = solitaire</msg>
<var>${lower_text}</var>
<arg>${text}</arg>
<doc>Converts string to lower case.</doc>
<status status="PASS" start="2025-04-12T14:58:51.339413" elapsed="0.000201"/>
</kw>
<kw name="Append To List" owner="Collections">
<arg>${game_texts_2}</arg>
<arg>${lower_text}</arg>
<doc>Adds ``values`` to the end of ``list``.</doc>
<status status="PASS" start="2025-04-12T14:58:51.339724" elapsed="0.000158"/>
</kw>
<var name="${el_2}">&lt;selenium.webdriver.remote.webelement.WebElement (session="a0ff468763e8fca162ec7b6895709d55", element="f.92F986FB65E06B9DEDAC05DEA6A27D0A.d.0DC1212711BC96D5400DAC3C6EACEF67.e.5023")&gt;</var>
<status status="PASS" start="2025-04-12T14:58:51.333845" elapsed="0.006085"/>
</iter>
<var>${el_2}</var>
<value>@{elements2}</value>
<status status="PASS" start="2025-04-12T14:58:51.239573" elapsed="0.100402"/>
</for>
<kw name="Get Length" owner="BuiltIn">
<msg time="2025-04-12T14:58:51.340233" level="INFO">Length is 12.</msg>
<msg time="2025-04-12T14:58:51.340305" level="INFO">${length} = 12</msg>
<var>${length}</var>
<arg>${game_texts}</arg>
<doc>Returns and logs the length of the given item as an integer.</doc>
<status status="PASS" start="2025-04-12T14:58:51.340101" elapsed="0.000227"/>
</kw>
<for flavor="IN RANGE">
<iter>
<kw name="Get From List" owner="Collections">
<msg time="2025-04-12T14:58:51.340868" level="INFO">${val1} = snowbird solitaire</msg>
<var>${val1}</var>
<arg>${game_texts}</arg>
<arg>${index}</arg>
<doc>Returns the value specified with an ``index`` from ``list``.</doc>
<status status="PASS" start="2025-04-12T14:58:51.340685" elapsed="0.000211"/>
</kw>
<kw name="Get From List" owner="Collections">
<msg time="2025-04-12T14:58:51.341271" level="INFO">${val2} = solitaire</msg>
<var>${val2}</var>
<arg>${game_texts_2}</arg>
<arg>${index}</arg>
<doc>Returns the value specified with an ``index`` from ``list``.</doc>
<status status="PASS" start="2025-04-12T14:58:51.341006" elapsed="0.000292"/>
</kw>
<if>
<branch type="IF" condition="'${game}' in '${val1}' or '${game}' in '${val2}'">
<kw name="Log To Console" owner="BuiltIn">
<arg>✅ Game Name found that matches with search keyword at index ${index}</arg>
<doc>Logs the given message to the console.</doc>
<status status="PASS" start="2025-04-12T14:58:51.341694" elapsed="0.000170"/>
</kw>
<status status="PASS" start="2025-04-12T14:58:51.341421" elapsed="0.000489"/>
</branch>
<branch type="ELSE">
<kw name="Fail" owner="BuiltIn">
<arg>❌ Game '${game}' incorrect search result found which is ${val1}</arg>
<doc>Fails the test with the given message and optionally alters its tags.</doc>
<status status="NOT RUN" start="2025-04-12T14:58:51.342092" elapsed="0.000032"/>
</kw>
<status status="NOT RUN" start="2025-04-12T14:58:51.341972" elapsed="0.000198"/>
</branch>
<status status="PASS" start="2025-04-12T14:58:51.341386" elapsed="0.000814"/>
</if>
<var name="${index}">0</var>
<status status="PASS" start="2025-04-12T14:58:51.340591" elapsed="0.001671"/>
</iter>
<iter>
<kw name="Get From List" owner="Collections">
<msg time="2025-04-12T14:58:51.343973" level="INFO">${val1} = jet set solitaire</msg>
<var>${val1}</var>
<arg>${game_texts}</arg>
<arg>${index}</arg>
<doc>Returns the value specified with an ``index`` from ``list``.</doc>
<status status="PASS" start="2025-04-12T14:58:51.343075" elapsed="0.001005"/>
</kw>
<kw name="Get From List" owner="Collections">
<msg time="2025-04-12T14:58:51.344646" level="INFO">${val2} = card</msg>
<var>${val2}</var>
<arg>${game_texts_2}</arg>
<arg>${index}</arg>
<doc>Returns the value specified with an ``index`` from ``list``.</doc>
<status status="PASS" start="2025-04-12T14:58:51.344395" elapsed="0.000282"/>
</kw>
<if>
<branch type="IF" condition="'${game}' in '${val1}' or '${game}' in '${val2}'">
<kw name="Log To Console" owner="BuiltIn">
<arg>✅ Game Name found that matches with search keyword at index ${index}</arg>
<doc>Logs the given message to the console.</doc>
<status status="PASS" start="2025-04-12T14:58:51.345042" elapsed="0.000182"/>
</kw>
<status status="PASS" start="2025-04-12T14:58:51.344775" elapsed="0.000500"/>
</branch>
<branch type="ELSE">
<kw name="Fail" owner="BuiltIn">
<arg>❌ Game '${game}' incorrect search result found which is ${val1}</arg>
<doc>Fails the test with the given message and optionally alters its tags.</doc>
<status status="NOT RUN" start="2025-04-12T14:58:51.345406" elapsed="0.000027"/>
</kw>
<status status="NOT RUN" start="2025-04-12T14:58:51.345310" elapsed="0.000168"/>
</branch>
<status status="PASS" start="2025-04-12T14:58:51.344752" elapsed="0.000754"/>
</if>
<var name="${index}">1</var>
<status status="PASS" start="2025-04-12T14:58:51.342693" elapsed="0.002836"/>
</iter>
<iter>
<kw name="Get From List" owner="Collections">
<msg time="2025-04-12T14:58:51.345955" level="INFO">${val1} = solitaire home story</msg>
<var>${val1}</var>
<arg>${game_texts}</arg>
<arg>${index}</arg>
<doc>Returns the value specified with an ``index`` from ``list``.</doc>
<status status="PASS" start="2025-04-12T14:58:51.345777" elapsed="0.000207"/>
</kw>
<kw name="Get From List" owner="Collections">
<msg time="2025-04-12T14:58:51.346269" level="INFO">${val2} = solitaire</msg>
<var>${val2}</var>
<arg>${game_texts_2}</arg>
<arg>${index}</arg>
<doc>Returns the value specified with an ``index`` from ``list``.</doc>
<status status="PASS" start="2025-04-12T14:58:51.346098" elapsed="0.000198"/>
</kw>
<if>
<branch type="IF" condition="'${game}' in '${val1}' or '${game}' in '${val2}'">
<kw name="Log To Console" owner="BuiltIn">
<arg>✅ Game Name found that matches with search keyword at index ${index}</arg>
<doc>Logs the given message to the console.</doc>
<status status="PASS" start="2025-04-12T14:58:51.346644" elapsed="0.000208"/>
</kw>
<status status="PASS" start="2025-04-12T14:58:51.346393" elapsed="0.000514"/>
</branch>
<branch type="ELSE">
<kw name="Fail" owner="BuiltIn">
<arg>❌ Game '${game}' incorrect search result found which is ${val1}</arg>
<doc>Fails the test with the given message and optionally alters its tags.</doc>
<status status="NOT RUN" start="2025-04-12T14:58:51.347175" elapsed="0.000035"/>
</kw>
<status status="NOT RUN" start="2025-04-12T14:58:51.346943" elapsed="0.000434"/>
</branch>
<status status="PASS" start="2025-04-12T14:58:51.346359" elapsed="0.001154"/>
</if>
<var name="${index}">2</var>
<status status="PASS" start="2025-04-12T14:58:51.345686" elapsed="0.001920"/>
</iter>
<iter>
<kw name="Get From List" owner="Collections">
<msg time="2025-04-12T14:58:51.348664" level="INFO">${val1} = tri-peaks solitaire hd</msg>
<var>${val1}</var>
<arg>${game_texts}</arg>
<arg>${index}</arg>
<doc>Returns the value specified with an ``index`` from ``list``.</doc>
<status status="PASS" start="2025-04-12T14:58:51.347958" elapsed="0.000744"/>
</kw>
<kw name="Get From List" owner="Collections">
<msg time="2025-04-12T14:58:51.349250" level="INFO">${val2} = solitaire</msg>
<var>${val2}</var>
<arg>${game_texts_2}</arg>
<arg>${index}</arg>
<doc>Returns the value specified with an ``index`` from ``list``.</doc>
<status status="PASS" start="2025-04-12T14:58:51.348976" elapsed="0.000308"/>
</kw>
<if>
<branch type="IF" condition="'${game}' in '${val1}' or '${game}' in '${val2}'">
<kw name="Log To Console" owner="BuiltIn">
<arg>✅ Game Name found that matches with search keyword at index ${index}</arg>
<doc>Logs the given message to the console.</doc>
<status status="PASS" start="2025-04-12T14:58:51.349662" elapsed="0.000198"/>
</kw>
<status status="PASS" start="2025-04-12T14:58:51.349392" elapsed="0.000522"/>
</branch>
<branch type="ELSE">
<kw name="Fail" owner="BuiltIn">
<arg>❌ Game '${game}' incorrect search result found which is ${val1}</arg>
<doc>Fails the test with the given message and optionally alters its tags.</doc>
<status status="NOT RUN" start="2025-04-12T14:58:51.350081" elapsed="0.000028"/>
</kw>
<status status="NOT RUN" start="2025-04-12T14:58:51.349975" elapsed="0.000185"/>
</branch>
<status status="PASS" start="2025-04-12T14:58:51.349367" elapsed="0.000822"/>
</if>
<var name="${index}">3</var>
<status status="PASS" start="2025-04-12T14:58:51.347827" elapsed="0.002385"/>
</iter>
<iter>
<kw name="Get From List" owner="Collections">
<msg time="2025-04-12T14:58:51.350644" level="INFO">${val1} = first class solitaire hd</msg>
<var>${val1}</var>
<arg>${game_texts}</arg>
<arg>${index}</arg>
<doc>Returns the value specified with an ``index`` from ``list``.</doc>
<status status="PASS" start="2025-04-12T14:58:51.350462" elapsed="0.000211"/>
</kw>
<kw name="Get From List" owner="Collections">
<msg time="2025-04-12T14:58:51.350947" level="INFO">${val2} = solitaire</msg>
<var>${val2}</var>
<arg>${game_texts_2}</arg>
<arg>${index}</arg>
<doc>Returns the value specified with an ``index`` from ``list``.</doc>
<status status="PASS" start="2025-04-12T14:58:51.350782" elapsed="0.000190"/>
</kw>
<if>
<branch type="IF" condition="'${game}' in '${val1}' or '${game}' in '${val2}'">
<kw name="Log To Console" owner="BuiltIn">
<arg>✅ Game Name found that matches with search keyword at index ${index}</arg>
<doc>Logs the given message to the console.</doc>
<status status="PASS" start="2025-04-12T14:58:51.351260" elapsed="0.000155"/>
</kw>
<status status="PASS" start="2025-04-12T14:58:51.351048" elapsed="0.000468"/>
</branch>
<branch type="ELSE">
<kw name="Fail" owner="BuiltIn">
<arg>❌ Game '${game}' incorrect search result found which is ${val1}</arg>
<doc>Fails the test with the given message and optionally alters its tags.</doc>
<status status="NOT RUN" start="2025-04-12T14:58:51.351810" elapsed="0.000045"/>
</kw>
<status status="NOT RUN" start="2025-04-12T14:58:51.351685" elapsed="0.000226"/>
</branch>
<status status="PASS" start="2025-04-12T14:58:51.351031" elapsed="0.000939"/>
</if>
<var name="${index}">4</var>
<status status="PASS" start="2025-04-12T14:58:51.350369" elapsed="0.001628"/>
</iter>
<iter>
<kw name="Get From List" owner="Collections">
<msg time="2025-04-12T14:58:51.352512" level="INFO">${val1} = pogo™ addiction solitaire hd</msg>
<var>${val1}</var>
<arg>${game_texts}</arg>
<arg>${index}</arg>
<doc>Returns the value specified with an ``index`` from ``list``.</doc>
<status status="PASS" start="2025-04-12T14:58:51.352282" elapsed="0.000263"/>
</kw>
<kw name="Get From List" owner="Collections">
<msg time="2025-04-12T14:58:51.352844" level="INFO">${val2} = solitaire</msg>
<var>${val2}</var>
<arg>${game_texts_2}</arg>
<arg>${index}</arg>
<doc>Returns the value specified with an ``index`` from ``list``.</doc>
<status status="PASS" start="2025-04-12T14:58:51.352664" elapsed="0.000207"/>
</kw>
<if>
<branch type="IF" condition="'${game}' in '${val1}' or '${game}' in '${val2}'">
<kw name="Log To Console" owner="BuiltIn">
<arg>✅ Game Name found that matches with search keyword at index ${index}</arg>
<doc>Logs the given message to the console.</doc>
<status status="PASS" start="2025-04-12T14:58:51.353192" elapsed="0.000327"/>
</kw>
<status status="PASS" start="2025-04-12T14:58:51.352956" elapsed="0.000612"/>
</branch>
<branch type="ELSE">
<kw name="Fail" owner="BuiltIn">
<arg>❌ Game '${game}' incorrect search result found which is ${val1}</arg>
<doc>Fails the test with the given message and optionally alters its tags.</doc>
<status status="NOT RUN" start="2025-04-12T14:58:51.353756" elapsed="0.000027"/>
</kw>
<status status="NOT RUN" start="2025-04-12T14:58:51.353659" elapsed="0.000165"/>
</branch>
<status status="PASS" start="2025-04-12T14:58:51.352936" elapsed="0.000917"/>
</if>
<var name="${index}">5</var>
<status status="PASS" start="2025-04-12T14:58:51.352181" elapsed="0.001694"/>
</iter>
<iter>
<kw name="Get From List" owner="Collections">
<msg time="2025-04-12T14:58:51.354289" level="INFO">${val1} = rainy day spider solitaire hd</msg>
<var>${val1}</var>
<arg>${game_texts}</arg>
<arg>${index}</arg>
<doc>Returns the value specified with an ``index`` from ``list``.</doc>
<status status="PASS" start="2025-04-12T14:58:51.354106" elapsed="0.000215"/>
</kw>
<kw name="Get From List" owner="Collections">
<msg time="2025-04-12T14:58:51.354606" level="INFO">${val2} = solitaire</msg>
<var>${val2}</var>
<arg>${game_texts_2}</arg>
<arg>${index}</arg>
<doc>Returns the value specified with an ``index`` from ``list``.</doc>
<status status="PASS" start="2025-04-12T14:58:51.354434" elapsed="0.000200"/>
</kw>
<if>
<branch type="IF" condition="'${game}' in '${val1}' or '${game}' in '${val2}'">
<kw name="Log To Console" owner="BuiltIn">
<arg>✅ Game Name found that matches with search keyword at index ${index}</arg>
<doc>Logs the given message to the console.</doc>
<status status="PASS" start="2025-04-12T14:58:51.354940" elapsed="0.000223"/>
</kw>
<status status="PASS" start="2025-04-12T14:58:51.354714" elapsed="0.000499"/>
</branch>
<branch type="ELSE">
<kw name="Fail" owner="BuiltIn">
<arg>❌ Game '${game}' incorrect search result found which is ${val1}</arg>
<doc>Fails the test with the given message and optionally alters its tags.</doc>
<status status="NOT RUN" start="2025-04-12T14:58:51.355339" elapsed="0.000025"/>
</kw>
<status status="NOT RUN" start="2025-04-12T14:58:51.355247" elapsed="0.000156"/>
</branch>
<status status="PASS" start="2025-04-12T14:58:51.354697" elapsed="0.000733"/>
</if>
<var name="${index}">6</var>
<status status="PASS" start="2025-04-12T14:58:51.354019" elapsed="0.001433"/>
</iter>
<iter>
<kw name="Get From List" owner="Collections">
<msg time="2025-04-12T14:58:51.355856" level="INFO">${val1} = solitaire blitz</msg>
<var>${val1}</var>
<arg>${game_texts}</arg>
<arg>${index}</arg>
<doc>Returns the value specified with an ``index`` from ``list``.</doc>
<status status="PASS" start="2025-04-12T14:58:51.355680" elapsed="0.000204"/>
</kw>
<kw name="Get From List" owner="Collections">
<msg time="2025-04-12T14:58:51.356156" level="INFO">${val2} = solitaire</msg>
<var>${val2}</var>
<arg>${game_texts_2}</arg>
<arg>${index}</arg>
<doc>Returns the value specified with an ``index`` from ``list``.</doc>
<status status="PASS" start="2025-04-12T14:58:51.355989" elapsed="0.000193"/>
</kw>
<if>
<branch type="IF" condition="'${game}' in '${val1}' or '${game}' in '${val2}'">
<kw name="Log To Console" owner="BuiltIn">
<arg>✅ Game Name found that matches with search keyword at index ${index}</arg>
<doc>Logs the given message to the console.</doc>
<status status="PASS" start="2025-04-12T14:58:51.356576" elapsed="0.000206"/>
</kw>
<status status="PASS" start="2025-04-12T14:58:51.356260" elapsed="0.000567"/>
</branch>
<branch type="ELSE">
<kw name="Fail" owner="BuiltIn">
<arg>❌ Game '${game}' incorrect search result found which is ${val1}</arg>
<doc>Fails the test with the given message and optionally alters its tags.</doc>
<status status="NOT RUN" start="2025-04-12T14:58:51.356953" elapsed="0.000025"/>
</kw>
<status status="NOT RUN" start="2025-04-12T14:58:51.356862" elapsed="0.000155"/>
</branch>
<status status="PASS" start="2025-04-12T14:58:51.356243" elapsed="0.000801"/>
</if>
<var name="${index}">7</var>
<status status="PASS" start="2025-04-12T14:58:51.355596" elapsed="0.001469"/>
</iter>
<iter>
<kw name="Get From List" owner="Collections">
<msg time="2025-04-12T14:58:51.357449" level="INFO">${val1} = world class solitaire hd</msg>
<var>${val1}</var>
<arg>${game_texts}</arg>
<arg>${index}</arg>
<doc>Returns the value specified with an ``index`` from ``list``.</doc>
<status status="PASS" start="2025-04-12T14:58:51.357281" elapsed="0.000194"/>
</kw>
<kw name="Get From List" owner="Collections">
<msg time="2025-04-12T14:58:51.357738" level="INFO">${val2} = solitaire</msg>
<var>${val2}</var>
<arg>${game_texts_2}</arg>
<arg>${index}</arg>
<doc>Returns the value specified with an ``index`` from ``list``.</doc>
<status status="PASS" start="2025-04-12T14:58:51.357579" elapsed="0.000185"/>
</kw>
<if>
<branch type="IF" condition="'${game}' in '${val1}' or '${game}' in '${val2}'">
<kw name="Log To Console" owner="BuiltIn">
<arg>✅ Game Name found that matches with search keyword at index ${index}</arg>
<doc>Logs the given message to the console.</doc>
<status status="PASS" start="2025-04-12T14:58:51.358038" elapsed="0.000142"/>
</kw>
<status status="PASS" start="2025-04-12T14:58:51.357840" elapsed="0.000384"/>
</branch>
<branch type="ELSE">
<kw name="Fail" owner="BuiltIn">
<arg>❌ Game '${game}' incorrect search result found which is ${val1}</arg>
<doc>Fails the test with the given message and optionally alters its tags.</doc>
<status status="NOT RUN" start="2025-04-12T14:58:51.358341" elapsed="0.000027"/>
</kw>
<status status="NOT RUN" start="2025-04-12T14:58:51.358256" elapsed="0.000151"/>
</branch>
<status status="PASS" start="2025-04-12T14:58:51.357823" elapsed="0.000611"/>
</if>
<var name="${index}">8</var>
<status status="PASS" start="2025-04-12T14:58:51.357199" elapsed="0.001256"/>
</iter>
<iter>
<kw name="Get From List" owner="Collections">
<msg time="2025-04-12T14:58:51.358951" level="INFO">${val1} = thousand island solitaire hd</msg>
<var>${val1}</var>
<arg>${game_texts}</arg>
<arg>${index}</arg>
<doc>Returns the value specified with an ``index`` from ``list``.</doc>
<status status="PASS" start="2025-04-12T14:58:51.358778" elapsed="0.000199"/>
</kw>
<kw name="Get From List" owner="Collections">
<msg time="2025-04-12T14:58:51.359243" level="INFO">${val2} = solitaire</msg>
<var>${val2}</var>
<arg>${game_texts_2}</arg>
<arg>${index}</arg>
<doc>Returns the value specified with an ``index`` from ``list``.</doc>
<status status="PASS" start="2025-04-12T14:58:51.359081" elapsed="0.000188"/>
</kw>
<if>
<branch type="IF" condition="'${game}' in '${val1}' or '${game}' in '${val2}'">
<kw name="Log To Console" owner="BuiltIn">
<arg>✅ Game Name found that matches with search keyword at index ${index}</arg>
<doc>Logs the given message to the console.</doc>
<status status="PASS" start="2025-04-12T14:58:51.359548" elapsed="0.000142"/>
</kw>
<status status="PASS" start="2025-04-12T14:58:51.359344" elapsed="0.000389"/>
</branch>
<branch type="ELSE">
<kw name="Fail" owner="BuiltIn">
<arg>❌ Game '${game}' incorrect search result found which is ${val1}</arg>
<doc>Fails the test with the given message and optionally alters its tags.</doc>
<status status="NOT RUN" start="2025-04-12T14:58:51.360060" elapsed="0.000030"/>
</kw>
<status status="NOT RUN" start="2025-04-12T14:58:51.359763" elapsed="0.000367"/>
</branch>
<status status="PASS" start="2025-04-12T14:58:51.359328" elapsed="0.000830"/>
</if>
<var name="${index}">9</var>
<status status="PASS" start="2025-04-12T14:58:51.358591" elapsed="0.001588"/>
</iter>
<iter>
<kw name="Get From List" owner="Collections">
<msg time="2025-04-12T14:58:51.360576" level="INFO">${val1} = aces up! hd</msg>
<var>${val1}</var>
<arg>${game_texts}</arg>
<arg>${index}</arg>
<doc>Returns the value specified with an ``index`` from ``list``.</doc>
<status status="PASS" start="2025-04-12T14:58:51.360402" elapsed="0.000202"/>
</kw>
<kw name="Get From List" owner="Collections">
<msg time="2025-04-12T14:58:51.360871" level="INFO">${val2} = solitaire</msg>
<var>${val2}</var>
<arg>${game_texts_2}</arg>
<arg>${index}</arg>
<doc>Returns the value specified with an ``index`` from ``list``.</doc>
<status status="PASS" start="2025-04-12T14:58:51.360709" elapsed="0.000187"/>
</kw>
<if>
<branch type="IF" condition="'${game}' in '${val1}' or '${game}' in '${val2}'">
<kw name="Log To Console" owner="BuiltIn">
<arg>✅ Game Name found that matches with search keyword at index ${index}</arg>
<doc>Logs the given message to the console.</doc>
<status status="PASS" start="2025-04-12T14:58:51.361237" elapsed="0.000147"/>
</kw>
<status status="PASS" start="2025-04-12T14:58:51.361023" elapsed="0.000406"/>
</branch>
<branch type="ELSE">
<kw name="Fail" owner="BuiltIn">
<arg>❌ Game '${game}' incorrect search result found which is ${val1}</arg>
<doc>Fails the test with the given message and optionally alters its tags.</doc>
<status status="NOT RUN" start="2025-04-12T14:58:51.361545" elapsed="0.000024"/>
</kw>
<status status="NOT RUN" start="2025-04-12T14:58:51.361459" elapsed="0.000146"/>
</branch>
<status status="PASS" start="2025-04-12T14:58:51.361005" elapsed="0.000626"/>
</if>
<var name="${index}">10</var>
<status status="PASS" start="2025-04-12T14:58:51.360318" elapsed="0.001334"/>
</iter>
<iter>
<kw name="Get From List" owner="Collections">
<msg time="2025-04-12T14:58:51.363088" level="INFO">${val1} = payday freecell hd</msg>
<var>${val1}</var>
<arg>${game_texts}</arg>
<arg>${index}</arg>
<doc>Returns the value specified with an ``index`` from ``list``.</doc>
<status status="PASS" start="2025-04-12T14:58:51.361895" elapsed="0.001308"/>
</kw>
<kw name="Get From List" owner="Collections">
<msg time="2025-04-12T14:58:51.364949" level="INFO">${val2} = solitaire</msg>
<var>${val2}</var>
<arg>${game_texts_2}</arg>
<arg>${index}</arg>
<doc>Returns the value specified with an ``index`` from ``list``.</doc>
<status status="PASS" start="2025-04-12T14:58:51.364279" elapsed="0.000706"/>
</kw>
<if>
<branch type="IF" condition="'${game}' in '${val1}' or '${game}' in '${val2}'">
<kw name="Log To Console" owner="BuiltIn">
<arg>✅ Game Name found that matches with search keyword at index ${index}</arg>
<doc>Logs the given message to the console.</doc>
<status status="PASS" start="2025-04-12T14:58:51.365724" elapsed="0.000400"/>
</kw>
<status status="PASS" start="2025-04-12T14:58:51.365179" elapsed="0.001048"/>
</branch>
<branch type="ELSE">
<kw name="Fail" owner="BuiltIn">
<arg>❌ Game '${game}' incorrect search result found which is ${val1}</arg>
<doc>Fails the test with the given message and optionally alters its tags.</doc>
<status status="NOT RUN" start="2025-04-12T14:58:51.366491" elapsed="0.000031"/>
</kw>
<status status="NOT RUN" start="2025-04-12T14:58:51.366364" elapsed="0.000202"/>
</branch>
<status status="PASS" start="2025-04-12T14:58:51.365145" elapsed="0.001449"/>
</if>
<var name="${index}">11</var>
<status status="PASS" start="2025-04-12T14:58:51.361784" elapsed="0.004837"/>
</iter>
<var>${index}</var>
<value>${length}</value>
<status status="PASS" start="2025-04-12T14:58:51.340394" elapsed="0.026271"/>
</for>
<doc>This will check all the search results with its title and sub titles and check if the
search results are accurate.</doc>
<status status="PASS" start="2025-04-12T14:58:46.786760" elapsed="4.579996"/>
</kw>
<kw name="Navigate to the game’s page and validate that the Play Now button is present">
<kw name="Sleep" owner="BuiltIn">
<msg time="2025-04-12T14:58:55.368709" level="INFO">Slept 4 seconds.</msg>
<arg>4s</arg>
<doc>Pauses the test executed for the given time.</doc>
<status status="PASS" start="2025-04-12T14:58:51.367271" elapsed="4.002227"/>
</kw>
<kw name="Wait Until Keyword Succeeds" owner="BuiltIn">
<kw name="Scroll Element Into View" owner="SeleniumLibrary">
<arg>//a[normalize-space()='Home']</arg>
<doc>Scrolls the element identified by ``locator`` into view.</doc>
<status status="PASS" start="2025-04-12T14:58:55.371664" elapsed="0.290608"/>
</kw>
<arg>10s</arg>
<arg>5</arg>
<arg>Scroll Element Into View</arg>
<arg>//a[normalize-space()='Home']</arg>
<doc>Runs the specified keyword and retries if it fails.</doc>
<status status="PASS" start="2025-04-12T14:58:55.370665" elapsed="0.291934"/>
</kw>
<kw name="Get WebElements" owner="SeleniumLibrary">
<msg time="2025-04-12T14:58:55.669246" level="INFO">${elements} = [&lt;selenium.webdriver.remote.webelement.WebElement (session="a0ff468763e8fca162ec7b6895709d55", element="f.92F986FB65E06B9DEDAC05DEA6A27D0A.d.0DC1212711BC96D5400DAC3C6EACEF67.e.4680")&gt;, &lt;selenium.webdr...</msg>
<var>${elements}</var>
<arg>//a[@class='link__2M5Vp gameName__31gZM']</arg>
<doc>Returns a list of WebElement objects matching the ``locator``.</doc>
<status status="PASS" start="2025-04-12T14:58:55.662899" elapsed="0.006398"/>
</kw>
<for flavor="IN">
<iter>
<kw name="Wait Until Keyword Succeeds" owner="BuiltIn">
<kw name="Scroll Element Into View" owner="SeleniumLibrary">
<arg>${el}</arg>
<doc>Scrolls the element identified by ``locator`` into view.</doc>
<status status="PASS" start="2025-04-12T14:58:55.669922" elapsed="0.262482"/>
</kw>
<arg>10s</arg>
<arg>5</arg>
<arg>Scroll Element Into View</arg>
<arg>${el}</arg>
<doc>Runs the specified keyword and retries if it fails.</doc>
<status status="PASS" start="2025-04-12T14:58:55.669688" elapsed="0.262959"/>
</kw>
<kw name="Open game in new tab and check the playnow button">
<kw name="Get Text" owner="SeleniumLibrary">
<msg time="2025-04-12T14:58:55.951776" level="INFO">${gameName} = Snowbird Solitaire</msg>
<var>${gameName}</var>
<arg>${el}</arg>
<doc>Returns the text value of the element identified by ``locator``.</doc>
<status status="PASS" start="2025-04-12T14:58:55.934049" elapsed="0.017801"/>
</kw>
<kw name="Get Window Handles" owner="SeleniumLibrary">
<msg time="2025-04-12T14:58:55.954655" level="INFO">${main_tab} = ['92F986FB65E06B9DEDAC05DEA6A27D0A']</msg>
<var>${main_tab}</var>
<doc>Returns all child window handles of the selected browser as a list.</doc>
<status status="PASS" start="2025-04-12T14:58:55.952133" elapsed="0.002575"/>
</kw>
<kw name="Set Variable" owner="BuiltIn">
<msg time="2025-04-12T14:58:55.955186" level="INFO">${main_tab} = 92F986FB65E06B9DEDAC05DEA6A27D0A</msg>
<var>${main_tab}</var>
<arg>${main_tab}[0]</arg>
<doc>Returns the given values which can then be assigned to a variables.</doc>
<status status="PASS" start="2025-04-12T14:58:55.954910" elapsed="0.000317"/>
</kw>
<kw name="Get Element Attribute" owner="SeleniumLibrary">
<msg time="2025-04-12T14:58:55.961575" level="INFO">${link} = https://www.pogo.com/games/snowbird-solitaire</msg>
<var>${link}</var>
<arg>${el}</arg>
<arg>href</arg>
<doc>Returns the value of ``attribute`` from the element ``locator``.</doc>
<status status="PASS" start="2025-04-12T14:58:55.955407" elapsed="0.006221"/>
</kw>
<kw name="Execute Javascript" owner="SeleniumLibrary">
<msg time="2025-04-12T14:58:55.962307" level="INFO">Executing JavaScript:
window.open("https://www.pogo.com/games/snowbird-solitaire", "_blank");
Without any arguments.</msg>
<arg>window.open("${link}", "_blank");</arg>
<doc>Executes the given JavaScript code with possible arguments.</doc>
<status status="PASS" start="2025-04-12T14:58:55.961847" elapsed="0.043385"/>
</kw>
<kw name="Sleep" owner="BuiltIn">
<msg time="2025-04-12T14:59:01.008139" level="INFO">Slept 5 seconds.</msg>
<arg>5s</arg>
<doc>Pauses the test executed for the given time.</doc>
<status status="PASS" start="2025-04-12T14:58:56.005869" elapsed="5.002528"/>
</kw>
<kw name="Get Window Handles" owner="SeleniumLibrary">
<msg time="2025-04-12T14:59:01.034717" level="INFO">${tabs} = ['92F986FB65E06B9DEDAC05DEA6A27D0A', 'C182604D7C53A366458F23B7D9C19254']</msg>
<var>${tabs}</var>
<doc>Returns all child window handles of the selected browser as a list.</doc>
<status status="PASS" start="2025-04-12T14:59:01.008826" elapsed="0.025939"/>
</kw>
<kw name="Switch Window" owner="SeleniumLibrary">
<arg>${tabs}[-1]</arg>
<doc>Switches to browser window matching ``locator``.</doc>
<status status="PASS" start="2025-04-12T14:59:01.034968" elapsed="0.072703"/>
</kw>
<kw name="Wait Until Element Is Visible" owner="SeleniumLibrary">
<arg>css:.playIcon__3ndLd</arg>
<arg>20</arg>
<arg>****Play Now or Try Now button is missing for: ${gameName}*****</arg>
<doc>Waits until the element ``locator`` is visible.</doc>
<status status="PASS" start="2025-04-12T14:59:01.107913" elapsed="0.024728"/>
</kw>
<kw name="Close Window" owner="SeleniumLibrary">
<doc>Closes currently opened and selected browser window/tab.</doc>
<status status="PASS" start="2025-04-12T14:59:01.133125" elapsed="0.066123"/>
</kw>
<kw name="Sleep" owner="BuiltIn">
<msg time="2025-04-12T14:59:06.202345" level="INFO">Slept 5 seconds.</msg>
<arg>5s</arg>
<doc>Pauses the test executed for the given time.</doc>
<status status="PASS" start="2025-04-12T14:59:01.200548" elapsed="5.002056"/>
</kw>
<kw name="Switch Window" owner="SeleniumLibrary">
<arg>${main_tab}</arg>
<doc>Switches to browser window matching ``locator``.</doc>
<status status="PASS" start="2025-04-12T14:59:06.203057" elapsed="0.009300"/>
</kw>
<kw name="Run Keyword And Ignore Error" owner="BuiltIn">
<kw name="Click Element" owner="SeleniumLibrary">
<msg time="2025-04-12T14:59:06.212962" level="INFO">Clicking element '//button[.//div[text()='Cancel']]'.</msg>
<arg>//button[.//div[text()='Cancel']]</arg>
<doc>Click the element identified by ``locator``.</doc>
<status status="PASS" start="2025-04-12T14:59:06.212791" elapsed="0.074612"/>
</kw>
<arg>Click Element</arg>
<arg>//button[.//div[text()='Cancel']]</arg>
<doc>Runs the given keyword with the given arguments and ignores possible error.</doc>
<status status="PASS" start="2025-04-12T14:59:06.212577" elapsed="0.074935"/>
</kw>
<arg>${el}</arg>
<doc>Since some of the game has Try For Free insead of Play Now.
I have check play icon to deal with both cases</doc>
<status status="PASS" start="2025-04-12T14:58:55.933203" elapsed="10.354391"/>
</kw>
<var name="${el}">&lt;selenium.webdriver.remote.webelement.WebElement (session="a0ff468763e8fca162ec7b6895709d55", element="f.92F986FB65E06B9DEDAC05DEA6A27D0A.d.0DC1212711BC96D5400DAC3C6EACEF67.e.4680")&gt;</var>
<status status="PASS" start="2025-04-12T14:58:55.669557" elapsed="10.618081"/>
</iter>
<iter>
<kw name="Wait Until Keyword Succeeds" owner="BuiltIn">
<kw name="Scroll Element Into View" owner="SeleniumLibrary">
<arg>${el}</arg>
<doc>Scrolls the element identified by ``locator`` into view.</doc>
<status status="PASS" start="2025-04-12T14:59:06.288173" elapsed="0.279234"/>
</kw>
<arg>10s</arg>
<arg>5</arg>
<arg>Scroll Element Into View</arg>
<arg>${el}</arg>
<doc>Runs the specified keyword and retries if it fails.</doc>
<status status="PASS" start="2025-04-12T14:59:06.287926" elapsed="0.279833"/>
</kw>
<kw name="Open game in new tab and check the playnow button">
<kw name="Get Text" owner="SeleniumLibrary">
<msg time="2025-04-12T14:59:06.578068" level="INFO">${gameName} = Jet Set Solitaire</msg>
<var>${gameName}</var>
<arg>${el}</arg>
<doc>Returns the text value of the element identified by ``locator``.</doc>
<status status="PASS" start="2025-04-12T14:59:06.569526" elapsed="0.008602"/>
</kw>
<kw name="Get Window Handles" owner="SeleniumLibrary">
<msg time="2025-04-12T14:59:06.580278" level="INFO">${main_tab} = ['92F986FB65E06B9DEDAC05DEA6A27D0A']</msg>
<var>${main_tab}</var>
<doc>Returns all child window handles of the selected browser as a list.</doc>
<status status="PASS" start="2025-04-12T14:59:06.578346" elapsed="0.001968"/>
</kw>
<kw name="Set Variable" owner="BuiltIn">
<msg time="2025-04-12T14:59:06.580634" level="INFO">${main_tab} = 92F986FB65E06B9DEDAC05DEA6A27D0A</msg>
<var>${main_tab}</var>
<arg>${main_tab}[0]</arg>
<doc>Returns the given values which can then be assigned to a variables.</doc>
<status status="PASS" start="2025-04-12T14:59:06.580447" elapsed="0.000215"/>
</kw>
<kw name="Get Element Attribute" owner="SeleniumLibrary">
<msg time="2025-04-12T14:59:06.584774" level="INFO">${link} = https://www.pogo.com/games/jet-set-solitaire</msg>
<var>${link}</var>
<arg>${el}</arg>
<arg>href</arg>
<doc>Returns the value of ``attribute`` from the element ``locator``.</doc>
<status status="PASS" start="2025-04-12T14:59:06.580780" elapsed="0.004032"/>
</kw>
<kw name="Execute Javascript" owner="SeleniumLibrary">
<msg time="2025-04-12T14:59:06.585317" level="INFO">Executing JavaScript:
window.open("https://www.pogo.com/games/jet-set-solitaire", "_blank");
Without any arguments.</msg>
<arg>window.open("${link}", "_blank");</arg>
<doc>Executes the given JavaScript code with possible arguments.</doc>
<status status="PASS" start="2025-04-12T14:59:06.584968" elapsed="0.031562"/>
</kw>
<kw name="Sleep" owner="BuiltIn">
<msg time="2025-04-12T14:59:11.617259" level="INFO">Slept 5 seconds.</msg>
<arg>5s</arg>
<doc>Pauses the test executed for the given time.</doc>
<status status="PASS" start="2025-04-12T14:59:06.616829" elapsed="5.000764"/>
</kw>
<kw name="Get Window Handles" owner="SeleniumLibrary">
<msg time="2025-04-12T14:59:11.645217" level="INFO">${tabs} = ['92F986FB65E06B9DEDAC05DEA6A27D0A', '13CFA2C5A89E59DFBCFA7A85C5C8886E']</msg>
<var>${tabs}</var>
<doc>Returns all child window handles of the selected browser as a list.</doc>
<status status="PASS" start="2025-04-12T14:59:11.618253" elapsed="0.027040"/>
</kw>
<kw name="Switch Window" owner="SeleniumLibrary">
<arg>${tabs}[-1]</arg>
<doc>Switches to browser window matching ``locator``.</doc>
<status status="PASS" start="2025-04-12T14:59:11.645621" elapsed="0.092739"/>
</kw>
<kw name="Wait Until Element Is Visible" owner="SeleniumLibrary">
<arg>css:.playIcon__3ndLd</arg>
<arg>20</arg>
<arg>****Play Now or Try Now button is missing for: ${gameName}*****</arg>
<doc>Waits until the element ``locator`` is visible.</doc>
<status status="PASS" start="2025-04-12T14:59:11.738582" elapsed="0.023322"/>
</kw>
<kw name="Close Window" owner="SeleniumLibrary">
<doc>Closes currently opened and selected browser window/tab.</doc>
<status status="PASS" start="2025-04-12T14:59:11.762211" elapsed="0.063281"/>
</kw>
<kw name="Sleep" owner="BuiltIn">
<msg time="2025-04-12T14:59:16.827472" level="INFO">Slept 5 seconds.</msg>
<arg>5s</arg>
<doc>Pauses the test executed for the given time.</doc>
<status status="PASS" start="2025-04-12T14:59:11.826011" elapsed="5.002062"/>
</kw>
<kw name="Switch Window" owner="SeleniumLibrary">
<arg>${main_tab}</arg>
<doc>Switches to browser window matching ``locator``.</doc>
<status status="PASS" start="2025-04-12T14:59:16.829092" elapsed="0.014421"/>
</kw>
<kw name="Run Keyword And Ignore Error" owner="BuiltIn">
<kw name="Click Element" owner="SeleniumLibrary">
<msg time="2025-04-12T14:59:16.844547" level="INFO">Clicking element '//button[.//div[text()='Cancel']]'.</msg>
<msg time="2025-04-12T14:59:17.527320" level="INFO" html="true">&lt;/td&gt;&lt;/tr&gt;&lt;tr&gt;&lt;td colspan="3"&gt;&lt;a href="selenium-screenshot-1.png"&gt;&lt;img src="selenium-screenshot-1.png" width="800px"&gt;&lt;/a&gt;</msg>
<msg time="2025-04-12T14:59:17.527603" level="FAIL">Element with locator '//button[.//div[text()='Cancel']]' not found.</msg>
<arg>//button[.//div[text()='Cancel']]</arg>
<doc>Click the element identified by ``locator``.</doc>
<status status="FAIL" start="2025-04-12T14:59:16.844248" elapsed="0.689805">Element with locator '//button[.//div[text()='Cancel']]' not found.</status>
</kw>
<arg>Click Element</arg>
<arg>//button[.//div[text()='Cancel']]</arg>
<doc>Runs the given keyword with the given arguments and ignores possible error.</doc>
<status status="PASS" start="2025-04-12T14:59:16.843882" elapsed="0.690281"/>
</kw>
<arg>${el}</arg>
<doc>Since some of the game has Try For Free insead of Play Now.
I have check play icon to deal with both cases</doc>
<status status="PASS" start="2025-04-12T14:59:06.568611" elapsed="10.965632"/>
</kw>
<var name="${el}">&lt;selenium.webdriver.remote.webelement.WebElement (session="a0ff468763e8fca162ec7b6895709d55", element="f.92F986FB65E06B9DEDAC05DEA6A27D0A.d.0DC1212711BC96D5400DAC3C6EACEF67.e.4663")&gt;</var>
<status status="PASS" start="2025-04-12T14:59:06.287783" elapsed="11.246502"/>
</iter>
<iter>
<kw name="Wait Until Keyword Succeeds" owner="BuiltIn">
<kw name="Scroll Element Into View" owner="SeleniumLibrary">
<arg>${el}</arg>
<doc>Scrolls the element identified by ``locator`` into view.</doc>
<status status="PASS" start="2025-04-12T14:59:17.534821" elapsed="0.258227"/>
</kw>
<arg>10s</arg>
<arg>5</arg>
<arg>Scroll Element Into View</arg>
<arg>${el}</arg>
<doc>Runs the specified keyword and retries if it fails.</doc>
<status status="PASS" start="2025-04-12T14:59:17.534567" elapsed="0.258989"/>
</kw>
<kw name="Open game in new tab and check the playnow button">
<kw name="Get Text" owner="SeleniumLibrary">
<msg time="2025-04-12T14:59:17.801629" level="INFO">${gameName} = Solitaire Home Story</msg>
<var>${gameName}</var>
<arg>${el}</arg>
<doc>Returns the text value of the element identified by ``locator``.</doc>
<status status="PASS" start="2025-04-12T14:59:17.794375" elapsed="0.007308"/>
</kw>
<kw name="Get Window Handles" owner="SeleniumLibrary">
<msg time="2025-04-12T14:59:17.804012" level="INFO">${main_tab} = ['92F986FB65E06B9DEDAC05DEA6A27D0A']</msg>
<var>${main_tab}</var>
<doc>Returns all child window handles of the selected browser as a list.</doc>
<status status="PASS" start="2025-04-12T14:59:17.801877" elapsed="0.002179"/>
</kw>
<kw name="Set Variable" owner="BuiltIn">
<msg time="2025-04-12T14:59:17.804423" level="INFO">${main_tab} = 92F986FB65E06B9DEDAC05DEA6A27D0A</msg>
<var>${main_tab}</var>
<arg>${main_tab}[0]</arg>
<doc>Returns the given values which can then be assigned to a variables.</doc>
<status status="PASS" start="2025-04-12T14:59:17.804212" elapsed="0.000243"/>
</kw>
<kw name="Get Element Attribute" owner="SeleniumLibrary">
<msg time="2025-04-12T14:59:17.808673" level="INFO">${link} = https://www.pogo.com/games/solitaire-home-story</msg>
<var>${link}</var>
<arg>${el}</arg>
<arg>href</arg>
<doc>Returns the value of ``attribute`` from the element ``locator``.</doc>
<status status="PASS" start="2025-04-12T14:59:17.804604" elapsed="0.004110"/>
</kw>
<kw name="Execute Javascript" owner="SeleniumLibrary">
<msg time="2025-04-12T14:59:17.809507" level="INFO">Executing JavaScript:
window.open("https://www.pogo.com/games/solitaire-home-story", "_blank");
Without any arguments.</msg>
<arg>window.open("${link}", "_blank");</arg>
<doc>Executes the given JavaScript code with possible arguments.</doc>
<status status="PASS" start="2025-04-12T14:59:17.808891" elapsed="0.034834"/>
</kw>
<kw name="Sleep" owner="BuiltIn">
<msg time="2025-04-12T14:59:22.846234" level="INFO">Slept 5 seconds.</msg>
<arg>5s</arg>
<doc>Pauses the test executed for the given time.</doc>
<status status="PASS" start="2025-04-12T14:59:17.844164" elapsed="5.003668"/>
</kw>
<kw name="Get Window Handles" owner="SeleniumLibrary">
<msg time="2025-04-12T14:59:22.878751" level="INFO">${tabs} = ['92F986FB65E06B9DEDAC05DEA6A27D0A', '24C35999B76BF6AF0873CFDCB6CC0510']</msg>
<var>${tabs}</var>
<doc>Returns all child window handles of the selected browser as a list.</doc>
<status status="PASS" start="2025-04-12T14:59:22.850229" elapsed="0.028592"/>
</kw>
<kw name="Switch Window" owner="SeleniumLibrary">
<arg>${tabs}[-1]</arg>
<doc>Switches to browser window matching ``locator``.</doc>
<status status="PASS" start="2025-04-12T14:59:22.879116" elapsed="0.104788"/>
</kw>
<kw name="Wait Until Element Is Visible" owner="SeleniumLibrary">
<arg>css:.playIcon__3ndLd</arg>
<arg>20</arg>
<arg>****Play Now or Try Now button is missing for: ${gameName}*****</arg>
<doc>Waits until the element ``locator`` is visible.</doc>
<status status="PASS" start="2025-04-12T14:59:22.984164" elapsed="0.029957"/>
</kw>
<kw name="Close Window" owner="SeleniumLibrary">
<doc>Closes currently opened and selected browser window/tab.</doc>
<status status="PASS" start="2025-04-12T14:59:23.014600" elapsed="0.069881"/>
</kw>
<kw name="Sleep" owner="BuiltIn">
<msg time="2025-04-12T14:59:28.087081" level="INFO">Slept 5 seconds.</msg>
<arg>5s</arg>
<doc>Pauses the test executed for the given time.</doc>
<status status="PASS" start="2025-04-12T14:59:23.084796" elapsed="5.002984"/>
</kw>
<kw name="Switch Window" owner="SeleniumLibrary">
<arg>${main_tab}</arg>
<doc>Switches to browser window matching ``locator``.</doc>
<status status="PASS" start="2025-04-12T14:59:28.088913" elapsed="0.016588"/>
</kw>
<kw name="Run Keyword And Ignore Error" owner="BuiltIn">
<kw name="Click Element" owner="SeleniumLibrary">
<msg time="2025-04-12T14:59:28.106446" level="INFO">Clicking element '//button[.//div[text()='Cancel']]'.</msg>
<msg time="2025-04-12T14:59:28.766888" level="INFO" html="true">&lt;/td&gt;&lt;/tr&gt;&lt;tr&gt;&lt;td colspan="3"&gt;&lt;a href="selenium-screenshot-2.png"&gt;&lt;img src="selenium-screenshot-2.png" width="800px"&gt;&lt;/a&gt;</msg>
<msg time="2025-04-12T14:59:28.767060" level="FAIL">Element with locator '//button[.//div[text()='Cancel']]' not found.</msg>
<arg>//button[.//div[text()='Cancel']]</arg>
<doc>Click the element identified by ``locator``.</doc>
<status status="FAIL" start="2025-04-12T14:59:28.106156" elapsed="0.661114">Element with locator '//button[.//div[text()='Cancel']]' not found.</status>
</kw>
<arg>Click Element</arg>
<arg>//button[.//div[text()='Cancel']]</arg>
<doc>Runs the given keyword with the given arguments and ignores possible error.</doc>
<status status="PASS" start="2025-04-12T14:59:28.105820" elapsed="0.661551"/>
</kw>
<arg>${el}</arg>
<doc>Since some of the game has Try For Free insead of Play Now.
I have check play icon to deal with both cases</doc>
<status status="PASS" start="2025-04-12T14:59:17.793935" elapsed="10.973538"/>
</kw>
<var name="${el}">&lt;selenium.webdriver.remote.webelement.WebElement (session="a0ff468763e8fca162ec7b6895709d55", element="f.92F986FB65E06B9DEDAC05DEA6A27D0A.d.0DC1212711BC96D5400DAC3C6EACEF67.e.4629")&gt;</var>
<status status="PASS" start="2025-04-12T14:59:17.534421" elapsed="11.233094"/>
</iter>
<iter>
<kw name="Wait Until Keyword Succeeds" owner="BuiltIn">
<kw name="Scroll Element Into View" owner="SeleniumLibrary">
<arg>${el}</arg>
<doc>Scrolls the element identified by ``locator`` into view.</doc>
<status status="PASS" start="2025-04-12T14:59:28.768119" elapsed="0.265627"/>
</kw>
<arg>10s</arg>
<arg>5</arg>
<arg>Scroll Element Into View</arg>
<arg>${el}</arg>
<doc>Runs the specified keyword and retries if it fails.</doc>
<status status="PASS" start="2025-04-12T14:59:28.767852" elapsed="0.266239"/>
</kw>
<kw name="Open game in new tab and check the playnow button">
<kw name="Get Text" owner="SeleniumLibrary">
<msg time="2025-04-12T14:59:29.048391" level="INFO">${gameName} = Tri-Peaks Solitaire HD</msg>
<var>${gameName}</var>
<arg>${el}</arg>
[...]
<status status="PASS" start="2025-04-12T15:01:22.133592" elapsed="0.000655"/>
</kw>
<kw name="Wait Until Element Is Enabled" owner="SeleniumLibrary">
<arg>${element}</arg>
<arg>10s</arg>
<doc>Waits until the element ``locator`` is enabled.</doc>
<status status="PASS" start="2025-04-12T15:01:22.134588" elapsed="0.028908"/>
</kw>
<kw name="Wait Until Element Is Visible" owner="SeleniumLibrary">
<arg>${element}</arg>
<arg>10s</arg>
<doc>Waits until the element ``locator`` is visible.</doc>
<status status="PASS" start="2025-04-12T15:01:22.163794" elapsed="0.011890"/>
</kw>
<kw name="Click Element" owner="SeleniumLibrary">
<msg time="2025-04-12T15:01:22.176148" level="INFO">Clicking element '//button[@class='default__1rbFd secondary__13sCi button__3Z-Ug']'.</msg>
<arg>${element}</arg>
<doc>Click the element identified by ``locator``.</doc>
<status status="PASS" start="2025-04-12T15:01:22.175893" elapsed="1.249495"/>
</kw>
<arg>//button[@class='default__1rbFd secondary__13sCi button__3Z-Ug']</arg>
<arg>SignOut</arg>
<status status="PASS" start="2025-04-12T15:01:22.132389" elapsed="1.293565"/>
</kw>
<kw name="Click with log Display" owner="pgKeyword">
<kw name="Log To Console" owner="BuiltIn">
<arg>clicking on ${message}</arg>
<doc>Logs the given message to the console.</doc>
<status status="PASS" start="2025-04-12T15:01:23.427767" elapsed="0.000889"/>
</kw>
<kw name="Wait Until Element Is Enabled" owner="SeleniumLibrary">
<arg>${element}</arg>
<arg>10s</arg>
<doc>Waits until the element ``locator`` is enabled.</doc>
<status status="PASS" start="2025-04-12T15:01:23.429457" elapsed="0.240345"/>
</kw>
<kw name="Wait Until Element Is Visible" owner="SeleniumLibrary">
<arg>${element}</arg>
<arg>10s</arg>
<doc>Waits until the element ``locator`` is visible.</doc>
<status status="PASS" start="2025-04-12T15:01:23.670092" elapsed="0.012092"/>
</kw>
<kw name="Click Element" owner="SeleniumLibrary">
<msg time="2025-04-12T15:01:23.682800" level="INFO">Clicking element '//button[@class='large__2-kkI primary__3GVte button__3Z-Ug']'.</msg>
<arg>${element}</arg>
<doc>Click the element identified by ``locator``.</doc>
<status status="PASS" start="2025-04-12T15:01:23.682421" elapsed="0.058477"/>
</kw>
<arg>//button[@class='large__2-kkI primary__3GVte button__3Z-Ug']</arg>
<arg>CONTINUE to logout</arg>
<status status="PASS" start="2025-04-12T15:01:23.426832" elapsed="0.314335"/>
</kw>
<kw name="Wait Until Element Is Visible" owner="SeleniumLibrary">
<arg>//button[.//div[text()='Sign In']]</arg>
<arg>10s</arg>
<doc>Waits until the element ``locator`` is visible.</doc>
<status status="PASS" start="2025-04-12T15:01:23.741359" elapsed="0.480449"/>
</kw>
<status status="PASS" start="2025-04-12T15:01:17.339508" elapsed="6.882428"/>
</kw>
<kw name="re-login to the system">
<kw name="Login to system" owner="Reuse">
<kw name="Visit url" owner="Reuse">
<kw name="Open Browser" owner="SeleniumLibrary">
<msg time="2025-04-12T15:01:24.223227" level="WARN">exexcutable_path is being deprecated. Please use service to configure the driver's executable_path as per documentation.</msg>
<msg time="2025-04-12T15:01:24.223337" level="INFO">Opening browser 'chrome' to base url 'https://www.pogo.com/'.</msg>
<arg>${Website}</arg>
<arg>${browser}</arg>
<arg>executable_path=${DriverLocation}</arg>
<doc>Opens a new browser instance to the optional ``url``.</doc>
<status status="PASS" start="2025-04-12T15:01:24.222951" elapsed="1.505200"/>
</kw>
<kw name="Maximize Browser Window" owner="SeleniumLibrary">
<doc>Maximizes current browser window.</doc>
<status status="PASS" start="2025-04-12T15:01:25.729804" elapsed="0.520170"/>
</kw>
<kw name="Log To Console" owner="BuiltIn">
<arg>Website has opened</arg>
<doc>Logs the given message to the console.</doc>
<status status="PASS" start="2025-04-12T15:01:26.250245" elapsed="0.000270"/>
</kw>
<status status="PASS" start="2025-04-12T15:01:24.222722" elapsed="2.028020"/>
</kw>
<kw name="Click with log Display" owner="pgKeyword">
<kw name="Log To Console" owner="BuiltIn">
<arg>clicking on ${message}</arg>
<doc>Logs the given message to the console.</doc>
<status status="PASS" start="2025-04-12T15:01:26.251396" elapsed="0.000164"/>
</kw>
<kw name="Wait Until Element Is Enabled" owner="SeleniumLibrary">
<arg>${element}</arg>
<arg>10s</arg>
<doc>Waits until the element ``locator`` is enabled.</doc>
<status status="PASS" start="2025-04-12T15:01:26.251693" elapsed="0.439053"/>
</kw>
<kw name="Wait Until Element Is Visible" owner="SeleniumLibrary">
<arg>${element}</arg>
<arg>10s</arg>
<doc>Waits until the element ``locator`` is visible.</doc>
<status status="PASS" start="2025-04-12T15:01:26.691233" elapsed="0.016518"/>
</kw>
<kw name="Click Element" owner="SeleniumLibrary">
<msg time="2025-04-12T15:01:26.708238" level="INFO">Clicking element '//button[.//div[text()='Sign In']]'.</msg>
<arg>${element}</arg>
<doc>Click the element identified by ``locator``.</doc>
<status status="PASS" start="2025-04-12T15:01:26.707974" elapsed="3.319355"/>
</kw>
<arg>//button[.//div[text()='Sign In']]</arg>
<arg>Sign In</arg>
<status status="PASS" start="2025-04-12T15:01:26.250970" elapsed="3.776505"/>
</kw>
<kw name="Wait Until Element Is Visible" owner="SeleniumLibrary">
<arg>email</arg>
<arg>10s</arg>
<doc>Waits until the element ``locator`` is visible.</doc>
<status status="PASS" start="2025-04-12T15:01:30.027686" elapsed="0.017365"/>
</kw>
<kw name="Input Text" owner="SeleniumLibrary">
<msg time="2025-04-12T15:01:30.045526" level="INFO">Typing text 'bps.thapa@gmail.com' into text field 'email'.</msg>
<arg>email</arg>
<arg>${username}</arg>
<doc>Types the given ``text`` into the text field identified by ``locator``.</doc>
<status status="PASS" start="2025-04-12T15:01:30.045261" elapsed="0.137747"/>
</kw>
<kw name="Click Element" owner="SeleniumLibrary">
<msg time="2025-04-12T15:01:30.183502" level="INFO">Clicking element 'content'.</msg>
<arg>content</arg>
<doc>Click the element identified by ``locator``.</doc>
<status status="PASS" start="2025-04-12T15:01:30.183307" elapsed="0.043899"/>
</kw>
<kw name="Click Element" owner="SeleniumLibrary">
<msg time="2025-04-12T15:01:30.227619" level="INFO">Clicking element 'logInBtn'.</msg>
<arg>logInBtn</arg>
<doc>Click the element identified by ``locator``.</doc>
<status status="PASS" start="2025-04-12T15:01:30.227414" elapsed="1.051739"/>
</kw>
<kw name="Wait Until Element Is Visible" owner="SeleniumLibrary">
<arg>password</arg>
<arg>10s</arg>
<doc>Waits until the element ``locator`` is visible.</doc>
<status status="PASS" start="2025-04-12T15:01:31.279386" elapsed="0.014742"/>
</kw>
<kw name="Input Text" owner="SeleniumLibrary">
<msg time="2025-04-12T15:01:31.294580" level="INFO">Typing text '4f4DP5KT!2ar&amp;%6' into text field 'password'.</msg>
<arg>password</arg>
<arg>${password}</arg>
<doc>Types the given ``text`` into the text field identified by ``locator``.</doc>
<status status="PASS" start="2025-04-12T15:01:31.294327" elapsed="0.040016"/>
</kw>
<kw name="Click with log Display" owner="pgKeyword">
<kw name="Log To Console" owner="BuiltIn">
<arg>clicking on ${message}</arg>
<doc>Logs the given message to the console.</doc>
<status status="PASS" start="2025-04-12T15:01:31.334937" elapsed="0.000205"/>
</kw>
<kw name="Wait Until Element Is Enabled" owner="SeleniumLibrary">
<arg>${element}</arg>
<arg>10s</arg>
<doc>Waits until the element ``locator`` is enabled.</doc>
<status status="PASS" start="2025-04-12T15:01:31.335260" elapsed="0.017165"/>
</kw>
<kw name="Wait Until Element Is Visible" owner="SeleniumLibrary">
<arg>${element}</arg>
<arg>10s</arg>
<doc>Waits until the element ``locator`` is visible.</doc>
<status status="PASS" start="2025-04-12T15:01:31.352631" elapsed="0.010326"/>
</kw>
<kw name="Click Element" owner="SeleniumLibrary">
<msg time="2025-04-12T15:01:31.363392" level="INFO">Clicking element 'logInBtn'.</msg>
<arg>${element}</arg>
<doc>Click the element identified by ``locator``.</doc>
<status status="PASS" start="2025-04-12T15:01:31.363155" elapsed="0.042877"/>
</kw>
<arg>logInBtn</arg>
<arg>LoginButton after Entering password</arg>
<status status="PASS" start="2025-04-12T15:01:31.334598" elapsed="0.071584"/>
</kw>
<kw name="Log To Console" owner="BuiltIn">
<arg>✅ *****LOGIN SUCCEED***** ✅</arg>
<doc>Logs the given message to the console.</doc>
<status status="PASS" start="2025-04-12T15:01:31.406350" elapsed="0.000208"/>
</kw>
<status status="PASS" start="2025-04-12T15:01:24.222487" elapsed="7.184154"/>
</kw>
<status status="PASS" start="2025-04-12T15:01:24.222154" elapsed="7.184566"/>
</kw>
<kw name="Close All Browsers" owner="SeleniumLibrary" type="TEARDOWN">
<doc>Closes all open browsers and resets the browser cache.</doc>
<status status="PASS" start="2025-04-12T15:01:31.408529" elapsed="0.274369"/>
</kw>
<tag>SmokeTest</tag>
<status status="PASS" start="2025-04-12T15:01:10.584264" elapsed="21.098795"/>
</test>
<status status="PASS" start="2025-04-12T15:01:10.580082" elapsed="21.103420"/>
</suite>
<suite id="s1-s3" name="User Registration" source="/Users/Bipinlp/Documents/11111Pogog/zzz_pogo/RobotFramework_pogo/TestCases/User_Registration.robot">
<test id="s1-s3-t1" name="User Registration" line="13">
<kw name="Visit url" owner="Reuse">
<kw name="Open Browser" owner="SeleniumLibrary">
<msg time="2025-04-12T15:01:31.689089" level="WARN">exexcutable_path is being deprecated. Please use service to configure the driver's executable_path as per documentation.</msg>
<msg time="2025-04-12T15:01:31.689265" level="INFO">Opening browser 'chrome' to base url 'https://www.pogo.com/'.</msg>
<arg>${Website}</arg>
<arg>${browser}</arg>
<arg>executable_path=${DriverLocation}</arg>
<doc>Opens a new browser instance to the optional ``url``.</doc>
<status status="PASS" start="2025-04-12T15:01:31.688550" elapsed="1.496539"/>
</kw>
<kw name="Maximize Browser Window" owner="SeleniumLibrary">
<doc>Maximizes current browser window.</doc>
<status status="PASS" start="2025-04-12T15:01:33.187481" elapsed="0.542762"/>
</kw>
<kw name="Log To Console" owner="BuiltIn">
<arg>Website has opened</arg>
<doc>Logs the given message to the console.</doc>
<status status="PASS" start="2025-04-12T15:01:33.730539" elapsed="0.000432"/>
</kw>
<status status="PASS" start="2025-04-12T15:01:31.688109" elapsed="2.042996"/>
</kw>
<kw name="Navigate to Register page">
<kw name="Click with log Display" owner="pgKeyword">
<kw name="Log To Console" owner="BuiltIn">
<arg>clicking on ${message}</arg>
<doc>Logs the given message to the console.</doc>
<status status="PASS" start="2025-04-12T15:01:33.731958" elapsed="0.000169"/>
</kw>
<kw name="Wait Until Element Is Enabled" owner="SeleniumLibrary">
<arg>${element}</arg>
<arg>10s</arg>
<doc>Waits until the element ``locator`` is enabled.</doc>
<status status="PASS" start="2025-04-12T15:01:33.732251" elapsed="0.444086"/>
</kw>
<kw name="Wait Until Element Is Visible" owner="SeleniumLibrary">
<arg>${element}</arg>
<arg>10s</arg>
<doc>Waits until the element ``locator`` is visible.</doc>
<status status="PASS" start="2025-04-12T15:01:34.176553" elapsed="0.010485"/>
</kw>
<kw name="Click Element" owner="SeleniumLibrary">
<msg time="2025-04-12T15:01:34.187470" level="INFO">Clicking element '//button[@class='default__1rbFd primary__3GVte button__3Z-Ug registerCTA__eNZ_5']'.</msg>
<arg>${element}</arg>
<doc>Click the element identified by ``locator``.</doc>
<status status="PASS" start="2025-04-12T15:01:34.187238" elapsed="3.329951"/>
</kw>
<arg>//button[@class='default__1rbFd primary__3GVte button__3Z-Ug registerCTA__eNZ_5']</arg>
<arg>Register Button</arg>
<status status="PASS" start="2025-04-12T15:01:33.731699" elapsed="3.785617"/>
</kw>
<status status="PASS" start="2025-04-12T15:01:33.731377" elapsed="3.786009"/>
</kw>
<kw name="Enter a unique username, email, and password">
<kw name="Select From List By Value" owner="SeleniumLibrary">
<msg time="2025-04-12T15:01:37.518142" level="INFO">Selecting options from selection list 'clientreg_country-selctrl' by value NP.</msg>
<arg>clientreg_country-selctrl</arg>
<arg>NP</arg>
<doc>Selects options from selection list ``locator`` by ``values``.</doc>
<status status="PASS" start="2025-04-12T15:01:37.517930" elapsed="0.030756"/>
</kw>
<kw name="Select From List By Value" owner="SeleniumLibrary">
<msg time="2025-04-12T15:01:37.549089" level="INFO">Selecting options from selection list 'clientreg_dobmonth-selctrl' by value 1.</msg>
<arg>clientreg_dobmonth-selctrl</arg>
<arg>1</arg>
<doc>Selects options from selection list ``locator`` by ``values``.</doc>
<status status="PASS" start="2025-04-12T15:01:37.548884" elapsed="0.048500"/>
</kw>
<kw name="Select From List By Index" owner="SeleniumLibrary">
<msg time="2025-04-12T15:01:37.597801" level="INFO">Selecting options from selection list 'clientreg_dobday-selctrl' by index 10.</msg>
<arg>clientreg_dobday-selctrl</arg>
<arg>10</arg>
<doc>Selects options from selection list ``locator`` by ``indexes``.</doc>
<status status="PASS" start="2025-04-12T15:01:37.597588" elapsed="0.080680"/>
</kw>
<kw name="Select From List By Value" owner="SeleniumLibrary">
<msg time="2025-04-12T15:01:37.678689" level="INFO">Selecting options from selection list 'clientreg_dobyear-selctrl' by value 1995.</msg>
<arg>clientreg_dobyear-selctrl</arg>
<arg>1995</arg>
<doc>Selects options from selection list ``locator`` by ``values``.</doc>
<status status="PASS" start="2025-04-12T15:01:37.678481" elapsed="0.042577"/>
</kw>
<kw name="Click with log Display" owner="pgKeyword">
<kw name="Log To Console" owner="BuiltIn">
<arg>clicking on ${message}</arg>
<doc>Logs the given message to the console.</doc>
<status status="PASS" start="2025-04-12T15:01:37.721615" elapsed="0.000188"/>
</kw>
<kw name="Wait Until Element Is Enabled" owner="SeleniumLibrary">
<arg>${element}</arg>
<arg>10s</arg>
<doc>Waits until the element ``locator`` is enabled.</doc>
<status status="PASS" start="2025-04-12T15:01:37.721922" elapsed="0.018255"/>
</kw>
<kw name="Wait Until Element Is Visible" owner="SeleniumLibrary">
<arg>${element}</arg>
<arg>10s</arg>
<doc>Waits until the element ``locator`` is visible.</doc>
<status status="PASS" start="2025-04-12T15:01:37.740675" elapsed="0.013098"/>
</kw>
<kw name="Click Element" owner="SeleniumLibrary">
<msg time="2025-04-12T15:01:37.754199" level="INFO">Clicking element 'panel-action-area-container'.</msg>
<arg>${element}</arg>
<doc>Click the element identified by ``locator``.</doc>
<status status="PASS" start="2025-04-12T15:01:37.753968" elapsed="0.050022"/>
</kw>
<arg>panel-action-area-container</arg>
<arg>Next Button</arg>
<status status="PASS" start="2025-04-12T15:01:37.721297" elapsed="0.082818"/>
</kw>
<kw name="Wait Until Element Is Visible" owner="SeleniumLibrary">
<arg>email</arg>
<arg>20s</arg>
<doc>Waits until the element ``locator`` is visible.</doc>
<status status="PASS" start="2025-04-12T15:01:37.804272" elapsed="1.267044"/>
</kw>
<kw name="Input Text" owner="SeleniumLibrary">
<msg time="2025-04-12T15:01:39.071776" level="INFO">Typing text 'vovos31760@naobk.com' into text field 'email'.</msg>
<arg>email</arg>
<arg>${emailID}</arg>
<doc>Types the given ``text`` into the text field identified by ``locator``.</doc>
<status status="PASS" start="2025-04-12T15:01:39.071526" elapsed="0.134825"/>
</kw>
<kw name="Input Text" owner="SeleniumLibrary">
<msg time="2025-04-12T15:01:39.206808" level="INFO">Typing text 'vovos31760' into text field 'originId'.</msg>
<arg>originId</arg>
<arg>${userID}</arg>
<doc>Types the given ``text`` into the text field identified by ``locator``.</doc>
<status status="PASS" start="2025-04-12T15:01:39.206556" elapsed="0.075883"/>
</kw>
<kw name="Input Text" owner="SeleniumLibrary">
<msg time="2025-04-12T15:01:39.282901" level="INFO">Typing text 'Pogo&amp;_1230' into text field 'password'.</msg>
<arg>password</arg>
<arg>${password}</arg>
<doc>Types the given ``text`` into the text field identified by ``locator``.</doc>
<status status="PASS" start="2025-04-12T15:01:39.282648" elapsed="0.069415"/>
</kw>
<status status="PASS" start="2025-04-12T15:01:37.517637" elapsed="1.834559"/>
</kw>
<kw name="Submit the registration form">
<kw name="Click with log Display" owner="pgKeyword">
<kw name="Log To Console" owner="BuiltIn">
<arg>clicking on ${message}</arg>
<doc>Logs the given message to the console.</doc>
<status status="PASS" start="2025-04-12T15:01:39.352975" elapsed="0.000332"/>
</kw>
<kw name="Wait Until Element Is Enabled" owner="SeleniumLibrary">
<arg>${element}</arg>
<arg>10s</arg>
<doc>Waits until the element ``locator`` is enabled.</doc>
<status status="PASS" start="2025-04-12T15:01:39.353425" elapsed="0.017605"/>
</kw>
<kw name="Wait Until Element Is Visible" owner="SeleniumLibrary">
<arg>${element}</arg>
<arg>10s</arg>
<doc>Waits until the element ``locator`` is visible.</doc>
<status status="PASS" start="2025-04-12T15:01:39.371221" elapsed="0.009356"/>
</kw>
<kw name="Click Element" owner="SeleniumLibrary">
<msg time="2025-04-12T15:01:39.381003" level="INFO">Clicking element '//div[@id='reg-basic-info-panel']//div[@class='panel-action-area']'.</msg>
<arg>${element}</arg>
<doc>Click the element identified by ``locator``.</doc>
<status status="PASS" start="2025-04-12T15:01:39.380771" elapsed="0.043599"/>
</kw>
<arg>//div[@id='reg-basic-info-panel']//div[@class='panel-action-area']</arg>
<arg>Next Button</arg>
<status status="PASS" start="2025-04-12T15:01:39.352707" elapsed="0.071955"/>
</kw>
<status status="PASS" start="2025-04-12T15:01:39.352417" elapsed="0.072359"/>
</kw>
<kw name="Validate the successful registration">
<kw name="Wait Until Element Is Visible" owner="SeleniumLibrary">
<arg>//iframe</arg>
<arg>20s</arg>
<doc>Waits until the element ``locator`` is visible.</doc>
<status status="PASS" start="2025-04-12T15:01:39.425617" elapsed="1.593829"/>
</kw>
<kw name="Log To Console" owner="BuiltIn">
<arg>✅ *****The Test is consider as passed since there is PUZZLE to protect automation for resestration***** ✅</arg>
<doc>Logs the given message to the console.</doc>
<status status="PASS" start="2025-04-12T15:01:41.019692" elapsed="0.000251"/>
</kw>
<status status="PASS" start="2025-04-12T15:01:39.425182" elapsed="1.594865"/>
</kw>
<kw name="Close All Browsers" owner="SeleniumLibrary" type="TEARDOWN">
<doc>Closes all open browsers and resets the browser cache.</doc>
<status status="PASS" start="2025-04-12T15:01:41.020354" elapsed="0.285878"/>
</kw>
<tag>SmokeTest</tag>
<status status="PASS" start="2025-04-12T15:01:31.687553" elapsed="9.619040"/>
</test>
<status status="PASS" start="2025-04-12T15:01:31.684059" elapsed="9.623784"/>
</suite>
<status status="PASS" start="2025-04-12T14:58:37.167245" elapsed="184.142144"/>
</suite>
<statistics>
<total>
<stat pass="3" fail="0" skip="0">All Tests</stat>
</total>
<tag>
<stat pass="3" fail="0" skip="0">SmokeTest</stat>
</tag>
<suite>
<stat name="TestCases" id="s1" pass="3" fail="0" skip="0">TestCases</stat>
<stat name="GameSearch" id="s1-s1" pass="1" fail="0" skip="0">TestCases.GameSearch</stat>
<stat name="Logout Login" id="s1-s2" pass="1" fail="0" skip="0">TestCases.Logout Login</stat>
<stat name="User Registration" id="s1-s3" pass="1" fail="0" skip="0">TestCases.User Registration</stat>
</suite>
</statistics>
<errors>
<msg time="2025-04-12T14:58:37.380348" level="WARN">exexcutable_path is being deprecated. Please use service to configure the driver's executable_path as per documentation.</msg>
<msg time="2025-04-12T15:01:10.585843" level="WARN">exexcutable_path is being deprecated. Please use service to configure the driver's executable_path as per documentation.</msg>
<msg time="2025-04-12T15:01:24.223227" level="WARN">exexcutable_path is being deprecated. Please use service to configure the driver's executable_path as per documentation.</msg>
<msg time="2025-04-12T15:01:31.689089" level="WARN">exexcutable_path is being deprecated. Please use service to configure the driver's executable_path as per documentation.</msg>
</errors>
</robot>
